[0.036s] Invoking command in '/workspaces/template_ws/workspace_1/build/ros2_interfaces': CMAKE_PREFIX_PATH=/opt/ros/humble /usr/bin/cmake --build /workspaces/template_ws/workspace_1/build/ros2_interfaces -- -j16 -l16
[0.061s] [35m[1mConsolidate compiler generated dependencies of target ros2_interfaces__rosidl_generator_c[0m
[0.067s] [  2%] Built target ros2_interfaces__cpp
[0.068s] [ 12%] Built target ros2_interfaces__rosidl_generator_c
[0.074s] [ 12%] Built target ament_cmake_python_copy_ros2_interfaces
[0.074s] [35m[1mConsolidate compiler generated dependencies of target ros2_interfaces__rosidl_typesupport_c[0m
[0.074s] [35m[1mConsolidate compiler generated dependencies of target ros2_interfaces__rosidl_typesupport_introspection_c[0m
[0.074s] [35m[1mConsolidate compiler generated dependencies of target ros2_interfaces__rosidl_typesupport_cpp[0m
[0.074s] [35m[1mConsolidate compiler generated dependencies of target ros2_interfaces__rosidl_typesupport_introspection_cpp[0m
[0.074s] [35m[1mConsolidate compiler generated dependencies of target ros2_interfaces__rosidl_typesupport_fastrtps_c[0m
[0.075s] [35m[1mConsolidate compiler generated dependencies of target ros2_interfaces__rosidl_typesupport_fastrtps_cpp[0m
[0.082s] [ 23%] Built target ros2_interfaces__rosidl_typesupport_introspection_c
[0.083s] [ 34%] Built target ros2_interfaces__rosidl_typesupport_c
[0.085s] [ 44%] Built target ros2_interfaces__rosidl_typesupport_cpp
[0.085s] [ 55%] Built target ros2_interfaces__rosidl_typesupport_introspection_cpp
[0.087s] [ 65%] Built target ros2_interfaces__rosidl_typesupport_fastrtps_c
[0.088s] [ 76%] Built target ros2_interfaces__rosidl_typesupport_fastrtps_cpp
[0.100s] [ 76%] Built target ros2_interfaces
[0.115s] [ 78%] Built target ros2_interfaces__py
[0.123s] [35m[1mConsolidate compiler generated dependencies of target ros2_interfaces__rosidl_generator_py[0m
[0.135s] [ 87%] Built target ros2_interfaces__rosidl_generator_py
[0.142s] [35m[1mConsolidate compiler generated dependencies of target ros2_interfaces__rosidl_typesupport_c__pyext[0m
[0.142s] [35m[1mConsolidate compiler generated dependencies of target ros2_interfaces__rosidl_typesupport_introspection_c__pyext[0m
[0.142s] [35m[1mConsolidate compiler generated dependencies of target ros2_interfaces__rosidl_typesupport_fastrtps_c__pyext[0m
[0.152s] [100%] Built target ros2_interfaces__rosidl_typesupport_fastrtps_c__pyext
[0.152s] [100%] Built target ros2_interfaces__rosidl_typesupport_introspection_c__pyext
[0.152s] [100%] Built target ros2_interfaces__rosidl_typesupport_c__pyext
[0.234s] running egg_info
[0.235s] writing ros2_interfaces.egg-info/PKG-INFO
[0.235s] writing dependency_links to ros2_interfaces.egg-info/dependency_links.txt
[0.235s] writing top-level names to ros2_interfaces.egg-info/top_level.txt
[0.236s] reading manifest file 'ros2_interfaces.egg-info/SOURCES.txt'
[0.237s] writing manifest file 'ros2_interfaces.egg-info/SOURCES.txt'
[0.257s] [100%] Built target ament_cmake_python_build_ros2_interfaces_egg
[0.264s] Invoked command in '/workspaces/template_ws/workspace_1/build/ros2_interfaces' returned '0': CMAKE_PREFIX_PATH=/opt/ros/humble /usr/bin/cmake --build /workspaces/template_ws/workspace_1/build/ros2_interfaces -- -j16 -l16
[0.322s] Invoking command in '/workspaces/template_ws/workspace_1/build/ros2_interfaces': CMAKE_PREFIX_PATH=/opt/ros/humble /usr/bin/cmake --install /workspaces/template_ws/workspace_1/build/ros2_interfaces
[0.327s] -- Install configuration: ""
[0.327s] -- Up-to-date: /workspaces/template_ws/workspace_1/install/ros2_interfaces/share/ament_index/resource_index/rosidl_interfaces/ros2_interfaces
[0.327s] -- Up-to-date: /workspaces/template_ws/workspace_1/install/ros2_interfaces/include/ros2_interfaces/ros2_interfaces
[0.327s] -- Up-to-date: /workspaces/template_ws/workspace_1/install/ros2_interfaces/include/ros2_interfaces/ros2_interfaces/srv
[0.327s] -- Up-to-date: /workspaces/template_ws/workspace_1/install/ros2_interfaces/include/ros2_interfaces/ros2_interfaces/srv/detail
[0.327s] -- Up-to-date: /workspaces/template_ws/workspace_1/install/ros2_interfaces/include/ros2_interfaces/ros2_interfaces/srv/detail/add_two_ints__struct.h
[0.327s] -- Up-to-date: /workspaces/template_ws/workspace_1/install/ros2_interfaces/include/ros2_interfaces/ros2_interfaces/srv/detail/add_two_ints__type_support.h
[0.327s] -- Up-to-date: /workspaces/template_ws/workspace_1/install/ros2_interfaces/include/ros2_interfaces/ros2_interfaces/srv/detail/add_two_ints__functions.c
[0.327s] -- Up-to-date: /workspaces/template_ws/workspace_1/install/ros2_interfaces/include/ros2_interfaces/ros2_interfaces/srv/detail/add_two_ints__functions.h
[0.327s] -- Up-to-date: /workspaces/template_ws/workspace_1/install/ros2_interfaces/include/ros2_interfaces/ros2_interfaces/srv/add_two_ints.h
[0.328s] -- Up-to-date: /workspaces/template_ws/workspace_1/install/ros2_interfaces/include/ros2_interfaces/ros2_interfaces/action
[0.328s] -- Up-to-date: /workspaces/template_ws/workspace_1/install/ros2_interfaces/include/ros2_interfaces/ros2_interfaces/action/detail
[0.328s] -- Up-to-date: /workspaces/template_ws/workspace_1/install/ros2_interfaces/include/ros2_interfaces/ros2_interfaces/action/detail/fibonacci__functions.c
[0.328s] -- Up-to-date: /workspaces/template_ws/workspace_1/install/ros2_interfaces/include/ros2_interfaces/ros2_interfaces/action/detail/fibonacci__functions.h
[0.328s] -- Up-to-date: /workspaces/template_ws/workspace_1/install/ros2_interfaces/include/ros2_interfaces/ros2_interfaces/action/detail/fibonacci__type_support.h
[0.328s] -- Up-to-date: /workspaces/template_ws/workspace_1/install/ros2_interfaces/include/ros2_interfaces/ros2_interfaces/action/detail/fibonacci__struct.h
[0.328s] -- Up-to-date: /workspaces/template_ws/workspace_1/install/ros2_interfaces/include/ros2_interfaces/ros2_interfaces/action/fibonacci.h
[0.328s] -- Up-to-date: /workspaces/template_ws/workspace_1/install/ros2_interfaces/include/ros2_interfaces/ros2_interfaces/msg
[0.328s] -- Up-to-date: /workspaces/template_ws/workspace_1/install/ros2_interfaces/include/ros2_interfaces/ros2_interfaces/msg/detail
[0.328s] -- Up-to-date: /workspaces/template_ws/workspace_1/install/ros2_interfaces/include/ros2_interfaces/ros2_interfaces/msg/detail/num__functions.h
[0.328s] -- Up-to-date: /workspaces/template_ws/workspace_1/install/ros2_interfaces/include/ros2_interfaces/ros2_interfaces/msg/detail/num__type_support.h
[0.328s] -- Up-to-date: /workspaces/template_ws/workspace_1/install/ros2_interfaces/include/ros2_interfaces/ros2_interfaces/msg/detail/num__functions.c
[0.328s] -- Up-to-date: /workspaces/template_ws/workspace_1/install/ros2_interfaces/include/ros2_interfaces/ros2_interfaces/msg/detail/num__struct.h
[0.328s] -- Up-to-date: /workspaces/template_ws/workspace_1/install/ros2_interfaces/include/ros2_interfaces/ros2_interfaces/msg/rosidl_generator_c__visibility_control.h
[0.328s] -- Up-to-date: /workspaces/template_ws/workspace_1/install/ros2_interfaces/include/ros2_interfaces/ros2_interfaces/msg/num.h
[0.329s] -- Up-to-date: /workspaces/template_ws/workspace_1/install/ros2_interfaces/share/ros2_interfaces/environment/library_path.sh
[0.329s] -- Up-to-date: /workspaces/template_ws/workspace_1/install/ros2_interfaces/share/ros2_interfaces/environment/library_path.dsv
[0.329s] -- Up-to-date: /workspaces/template_ws/workspace_1/install/ros2_interfaces/lib/libros2_interfaces__rosidl_generator_c.so
[0.329s] -- Up-to-date: /workspaces/template_ws/workspace_1/install/ros2_interfaces/include/ros2_interfaces/ros2_interfaces
[0.329s] -- Up-to-date: /workspaces/template_ws/workspace_1/install/ros2_interfaces/include/ros2_interfaces/ros2_interfaces/srv
[0.329s] -- Up-to-date: /workspaces/template_ws/workspace_1/install/ros2_interfaces/include/ros2_interfaces/ros2_interfaces/srv/detail
[0.329s] -- Up-to-date: /workspaces/template_ws/workspace_1/install/ros2_interfaces/include/ros2_interfaces/ros2_interfaces/srv/detail/add_two_ints__rosidl_typesupport_fastrtps_c.h
[0.329s] -- Up-to-date: /workspaces/template_ws/workspace_1/install/ros2_interfaces/include/ros2_interfaces/ros2_interfaces/action
[0.329s] -- Up-to-date: /workspaces/template_ws/workspace_1/install/ros2_interfaces/include/ros2_interfaces/ros2_interfaces/action/detail
[0.329s] -- Up-to-date: /workspaces/template_ws/workspace_1/install/ros2_interfaces/include/ros2_interfaces/ros2_interfaces/action/detail/fibonacci__rosidl_typesupport_fastrtps_c.h
[0.329s] -- Up-to-date: /workspaces/template_ws/workspace_1/install/ros2_interfaces/include/ros2_interfaces/ros2_interfaces/msg
[0.329s] -- Up-to-date: /workspaces/template_ws/workspace_1/install/ros2_interfaces/include/ros2_interfaces/ros2_interfaces/msg/detail
[0.329s] -- Up-to-date: /workspaces/template_ws/workspace_1/install/ros2_interfaces/include/ros2_interfaces/ros2_interfaces/msg/detail/num__rosidl_typesupport_fastrtps_c.h
[0.329s] -- Up-to-date: /workspaces/template_ws/workspace_1/install/ros2_interfaces/include/ros2_interfaces/ros2_interfaces/msg/rosidl_typesupport_fastrtps_c__visibility_control.h
[0.329s] -- Up-to-date: /workspaces/template_ws/workspace_1/install/ros2_interfaces/lib/libros2_interfaces__rosidl_typesupport_fastrtps_c.so
[0.329s] -- Up-to-date: /workspaces/template_ws/workspace_1/install/ros2_interfaces/include/ros2_interfaces/ros2_interfaces
[0.330s] -- Up-to-date: /workspaces/template_ws/workspace_1/install/ros2_interfaces/include/ros2_interfaces/ros2_interfaces/srv
[0.330s] -- Up-to-date: /workspaces/template_ws/workspace_1/install/ros2_interfaces/include/ros2_interfaces/ros2_interfaces/srv/detail
[0.330s] -- Up-to-date: /workspaces/template_ws/workspace_1/install/ros2_interfaces/include/ros2_interfaces/ros2_interfaces/srv/detail/add_two_ints__type_support.c
[0.330s] -- Up-to-date: /workspaces/template_ws/workspace_1/install/ros2_interfaces/include/ros2_interfaces/ros2_interfaces/srv/detail/add_two_ints__rosidl_typesupport_introspection_c.h
[0.330s] -- Up-to-date: /workspaces/template_ws/workspace_1/install/ros2_interfaces/include/ros2_interfaces/ros2_interfaces/action
[0.330s] -- Up-to-date: /workspaces/template_ws/workspace_1/install/ros2_interfaces/include/ros2_interfaces/ros2_interfaces/action/detail
[0.330s] -- Up-to-date: /workspaces/template_ws/workspace_1/install/ros2_interfaces/include/ros2_interfaces/ros2_interfaces/action/detail/fibonacci__type_support.c
[0.330s] -- Up-to-date: /workspaces/template_ws/workspace_1/install/ros2_interfaces/include/ros2_interfaces/ros2_interfaces/action/detail/fibonacci__rosidl_typesupport_introspection_c.h
[0.330s] -- Up-to-date: /workspaces/template_ws/workspace_1/install/ros2_interfaces/include/ros2_interfaces/ros2_interfaces/msg
[0.330s] -- Up-to-date: /workspaces/template_ws/workspace_1/install/ros2_interfaces/include/ros2_interfaces/ros2_interfaces/msg/rosidl_typesupport_introspection_c__visibility_control.h
[0.330s] -- Up-to-date: /workspaces/template_ws/workspace_1/install/ros2_interfaces/include/ros2_interfaces/ros2_interfaces/msg/detail
[0.330s] -- Up-to-date: /workspaces/template_ws/workspace_1/install/ros2_interfaces/include/ros2_interfaces/ros2_interfaces/msg/detail/num__rosidl_typesupport_introspection_c.h
[0.330s] -- Up-to-date: /workspaces/template_ws/workspace_1/install/ros2_interfaces/include/ros2_interfaces/ros2_interfaces/msg/detail/num__type_support.c
[0.330s] -- Up-to-date: /workspaces/template_ws/workspace_1/install/ros2_interfaces/lib/libros2_interfaces__rosidl_typesupport_introspection_c.so
[0.330s] -- Up-to-date: /workspaces/template_ws/workspace_1/install/ros2_interfaces/lib/libros2_interfaces__rosidl_typesupport_c.so
[0.331s] -- Up-to-date: /workspaces/template_ws/workspace_1/install/ros2_interfaces/include/ros2_interfaces/ros2_interfaces
[0.331s] -- Up-to-date: /workspaces/template_ws/workspace_1/install/ros2_interfaces/include/ros2_interfaces/ros2_interfaces/srv
[0.331s] -- Up-to-date: /workspaces/template_ws/workspace_1/install/ros2_interfaces/include/ros2_interfaces/ros2_interfaces/srv/add_two_ints.hpp
[0.331s] -- Up-to-date: /workspaces/template_ws/workspace_1/install/ros2_interfaces/include/ros2_interfaces/ros2_interfaces/srv/detail
[0.331s] -- Up-to-date: /workspaces/template_ws/workspace_1/install/ros2_interfaces/include/ros2_interfaces/ros2_interfaces/srv/detail/add_two_ints__struct.hpp
[0.331s] -- Up-to-date: /workspaces/template_ws/workspace_1/install/ros2_interfaces/include/ros2_interfaces/ros2_interfaces/srv/detail/add_two_ints__traits.hpp
[0.331s] -- Up-to-date: /workspaces/template_ws/workspace_1/install/ros2_interfaces/include/ros2_interfaces/ros2_interfaces/srv/detail/add_two_ints__builder.hpp
[0.331s] -- Up-to-date: /workspaces/template_ws/workspace_1/install/ros2_interfaces/include/ros2_interfaces/ros2_interfaces/action
[0.331s] -- Up-to-date: /workspaces/template_ws/workspace_1/install/ros2_interfaces/include/ros2_interfaces/ros2_interfaces/action/fibonacci.hpp
[0.331s] -- Up-to-date: /workspaces/template_ws/workspace_1/install/ros2_interfaces/include/ros2_interfaces/ros2_interfaces/action/detail
[0.331s] -- Up-to-date: /workspaces/template_ws/workspace_1/install/ros2_interfaces/include/ros2_interfaces/ros2_interfaces/action/detail/fibonacci__builder.hpp
[0.331s] -- Up-to-date: /workspaces/template_ws/workspace_1/install/ros2_interfaces/include/ros2_interfaces/ros2_interfaces/action/detail/fibonacci__struct.hpp
[0.331s] -- Up-to-date: /workspaces/template_ws/workspace_1/install/ros2_interfaces/include/ros2_interfaces/ros2_interfaces/action/detail/fibonacci__traits.hpp
[0.331s] -- Up-to-date: /workspaces/template_ws/workspace_1/install/ros2_interfaces/include/ros2_interfaces/ros2_interfaces/msg
[0.331s] -- Up-to-date: /workspaces/template_ws/workspace_1/install/ros2_interfaces/include/ros2_interfaces/ros2_interfaces/msg/detail
[0.331s] -- Up-to-date: /workspaces/template_ws/workspace_1/install/ros2_interfaces/include/ros2_interfaces/ros2_interfaces/msg/detail/num__traits.hpp
[0.331s] -- Up-to-date: /workspaces/template_ws/workspace_1/install/ros2_interfaces/include/ros2_interfaces/ros2_interfaces/msg/detail/num__struct.hpp
[0.331s] -- Up-to-date: /workspaces/template_ws/workspace_1/install/ros2_interfaces/include/ros2_interfaces/ros2_interfaces/msg/detail/num__builder.hpp
[0.331s] -- Up-to-date: /workspaces/template_ws/workspace_1/install/ros2_interfaces/include/ros2_interfaces/ros2_interfaces/msg/num.hpp
[0.331s] -- Up-to-date: /workspaces/template_ws/workspace_1/install/ros2_interfaces/include/ros2_interfaces/ros2_interfaces
[0.331s] -- Up-to-date: /workspaces/template_ws/workspace_1/install/ros2_interfaces/include/ros2_interfaces/ros2_interfaces/srv
[0.331s] -- Up-to-date: /workspaces/template_ws/workspace_1/install/ros2_interfaces/include/ros2_interfaces/ros2_interfaces/srv/detail
[0.331s] -- Up-to-date: /workspaces/template_ws/workspace_1/install/ros2_interfaces/include/ros2_interfaces/ros2_interfaces/srv/detail/dds_fastrtps
[0.332s] -- Up-to-date: /workspaces/template_ws/workspace_1/install/ros2_interfaces/include/ros2_interfaces/ros2_interfaces/srv/detail/add_two_ints__rosidl_typesupport_fastrtps_cpp.hpp
[0.332s] -- Up-to-date: /workspaces/template_ws/workspace_1/install/ros2_interfaces/include/ros2_interfaces/ros2_interfaces/action
[0.332s] -- Up-to-date: /workspaces/template_ws/workspace_1/install/ros2_interfaces/include/ros2_interfaces/ros2_interfaces/action/detail
[0.332s] -- Up-to-date: /workspaces/template_ws/workspace_1/install/ros2_interfaces/include/ros2_interfaces/ros2_interfaces/action/detail/dds_fastrtps
[0.332s] -- Up-to-date: /workspaces/template_ws/workspace_1/install/ros2_interfaces/include/ros2_interfaces/ros2_interfaces/action/detail/fibonacci__rosidl_typesupport_fastrtps_cpp.hpp
[0.332s] -- Up-to-date: /workspaces/template_ws/workspace_1/install/ros2_interfaces/include/ros2_interfaces/ros2_interfaces/msg
[0.332s] -- Up-to-date: /workspaces/template_ws/workspace_1/install/ros2_interfaces/include/ros2_interfaces/ros2_interfaces/msg/detail
[0.332s] -- Up-to-date: /workspaces/template_ws/workspace_1/install/ros2_interfaces/include/ros2_interfaces/ros2_interfaces/msg/detail/dds_fastrtps
[0.332s] -- Up-to-date: /workspaces/template_ws/workspace_1/install/ros2_interfaces/include/ros2_interfaces/ros2_interfaces/msg/detail/num__rosidl_typesupport_fastrtps_cpp.hpp
[0.332s] -- Up-to-date: /workspaces/template_ws/workspace_1/install/ros2_interfaces/include/ros2_interfaces/ros2_interfaces/msg/rosidl_typesupport_fastrtps_cpp__visibility_control.h
[0.332s] -- Up-to-date: /workspaces/template_ws/workspace_1/install/ros2_interfaces/lib/libros2_interfaces__rosidl_typesupport_fastrtps_cpp.so
[0.332s] -- Up-to-date: /workspaces/template_ws/workspace_1/install/ros2_interfaces/include/ros2_interfaces/ros2_interfaces
[0.332s] -- Up-to-date: /workspaces/template_ws/workspace_1/install/ros2_interfaces/include/ros2_interfaces/ros2_interfaces/srv
[0.332s] -- Up-to-date: /workspaces/template_ws/workspace_1/install/ros2_interfaces/include/ros2_interfaces/ros2_interfaces/srv/detail
[0.332s] -- Up-to-date: /workspaces/template_ws/workspace_1/install/ros2_interfaces/include/ros2_interfaces/ros2_interfaces/srv/detail/add_two_ints__rosidl_typesupport_introspection_cpp.hpp
[0.332s] -- Up-to-date: /workspaces/template_ws/workspace_1/install/ros2_interfaces/include/ros2_interfaces/ros2_interfaces/srv/detail/add_two_ints__type_support.cpp
[0.332s] -- Up-to-date: /workspaces/template_ws/workspace_1/install/ros2_interfaces/include/ros2_interfaces/ros2_interfaces/action
[0.332s] -- Up-to-date: /workspaces/template_ws/workspace_1/install/ros2_interfaces/include/ros2_interfaces/ros2_interfaces/action/detail
[0.332s] -- Up-to-date: /workspaces/template_ws/workspace_1/install/ros2_interfaces/include/ros2_interfaces/ros2_interfaces/action/detail/fibonacci__type_support.cpp
[0.332s] -- Up-to-date: /workspaces/template_ws/workspace_1/install/ros2_interfaces/include/ros2_interfaces/ros2_interfaces/action/detail/fibonacci__rosidl_typesupport_introspection_cpp.hpp
[0.332s] -- Up-to-date: /workspaces/template_ws/workspace_1/install/ros2_interfaces/include/ros2_interfaces/ros2_interfaces/msg
[0.332s] -- Up-to-date: /workspaces/template_ws/workspace_1/install/ros2_interfaces/include/ros2_interfaces/ros2_interfaces/msg/detail
[0.332s] -- Up-to-date: /workspaces/template_ws/workspace_1/install/ros2_interfaces/include/ros2_interfaces/ros2_interfaces/msg/detail/num__type_support.cpp
[0.333s] -- Up-to-date: /workspaces/template_ws/workspace_1/install/ros2_interfaces/include/ros2_interfaces/ros2_interfaces/msg/detail/num__rosidl_typesupport_introspection_cpp.hpp
[0.333s] -- Up-to-date: /workspaces/template_ws/workspace_1/install/ros2_interfaces/lib/libros2_interfaces__rosidl_typesupport_introspection_cpp.so
[0.333s] -- Up-to-date: /workspaces/template_ws/workspace_1/install/ros2_interfaces/lib/libros2_interfaces__rosidl_typesupport_cpp.so
[0.333s] -- Up-to-date: /workspaces/template_ws/workspace_1/install/ros2_interfaces/share/ros2_interfaces/environment/pythonpath.sh
[0.333s] -- Up-to-date: /workspaces/template_ws/workspace_1/install/ros2_interfaces/share/ros2_interfaces/environment/pythonpath.dsv
[0.333s] -- Up-to-date: /workspaces/template_ws/workspace_1/install/ros2_interfaces/local/lib/python3.10/dist-packages/ros2_interfaces-0.0.0-py3.10.egg-info
[0.333s] -- Installing: /workspaces/template_ws/workspace_1/install/ros2_interfaces/local/lib/python3.10/dist-packages/ros2_interfaces-0.0.0-py3.10.egg-info/dependency_links.txt
[0.333s] -- Installing: /workspaces/template_ws/workspace_1/install/ros2_interfaces/local/lib/python3.10/dist-packages/ros2_interfaces-0.0.0-py3.10.egg-info/top_level.txt
[0.333s] -- Installing: /workspaces/template_ws/workspace_1/install/ros2_interfaces/local/lib/python3.10/dist-packages/ros2_interfaces-0.0.0-py3.10.egg-info/PKG-INFO
[0.333s] -- Installing: /workspaces/template_ws/workspace_1/install/ros2_interfaces/local/lib/python3.10/dist-packages/ros2_interfaces-0.0.0-py3.10.egg-info/SOURCES.txt
[0.333s] -- Up-to-date: /workspaces/template_ws/workspace_1/install/ros2_interfaces/local/lib/python3.10/dist-packages/ros2_interfaces
[0.333s] -- Up-to-date: /workspaces/template_ws/workspace_1/install/ros2_interfaces/local/lib/python3.10/dist-packages/ros2_interfaces/srv
[0.333s] -- Up-to-date: /workspaces/template_ws/workspace_1/install/ros2_interfaces/local/lib/python3.10/dist-packages/ros2_interfaces/srv/_add_two_ints.py
[0.333s] -- Up-to-date: /workspaces/template_ws/workspace_1/install/ros2_interfaces/local/lib/python3.10/dist-packages/ros2_interfaces/srv/_add_two_ints_s.c
[0.333s] -- Up-to-date: /workspaces/template_ws/workspace_1/install/ros2_interfaces/local/lib/python3.10/dist-packages/ros2_interfaces/srv/__init__.py
[0.333s] -- Up-to-date: /workspaces/template_ws/workspace_1/install/ros2_interfaces/local/lib/python3.10/dist-packages/ros2_interfaces/action
[0.333s] -- Up-to-date: /workspaces/template_ws/workspace_1/install/ros2_interfaces/local/lib/python3.10/dist-packages/ros2_interfaces/action/_fibonacci_s.c
[0.333s] -- Up-to-date: /workspaces/template_ws/workspace_1/install/ros2_interfaces/local/lib/python3.10/dist-packages/ros2_interfaces/action/_fibonacci.py
[0.333s] -- Up-to-date: /workspaces/template_ws/workspace_1/install/ros2_interfaces/local/lib/python3.10/dist-packages/ros2_interfaces/action/__init__.py
[0.333s] -- Up-to-date: /workspaces/template_ws/workspace_1/install/ros2_interfaces/local/lib/python3.10/dist-packages/ros2_interfaces/_ros2_interfaces_s.ep.rosidl_typesupport_fastrtps_c.c
[0.333s] -- Up-to-date: /workspaces/template_ws/workspace_1/install/ros2_interfaces/local/lib/python3.10/dist-packages/ros2_interfaces/_ros2_interfaces_s.ep.rosidl_typesupport_introspection_c.c
[0.333s] -- Up-to-date: /workspaces/template_ws/workspace_1/install/ros2_interfaces/local/lib/python3.10/dist-packages/ros2_interfaces/_ros2_interfaces_s.ep.rosidl_typesupport_c.c
[0.333s] -- Up-to-date: /workspaces/template_ws/workspace_1/install/ros2_interfaces/local/lib/python3.10/dist-packages/ros2_interfaces/ros2_interfaces_s__rosidl_typesupport_fastrtps_c.cpython-310-x86_64-linux-gnu.so
[0.334s] -- Up-to-date: /workspaces/template_ws/workspace_1/install/ros2_interfaces/local/lib/python3.10/dist-packages/ros2_interfaces/ros2_interfaces_s__rosidl_typesupport_c.cpython-310-x86_64-linux-gnu.so
[0.334s] -- Up-to-date: /workspaces/template_ws/workspace_1/install/ros2_interfaces/local/lib/python3.10/dist-packages/ros2_interfaces/libros2_interfaces__rosidl_generator_py.so
[0.334s] -- Up-to-date: /workspaces/template_ws/workspace_1/install/ros2_interfaces/local/lib/python3.10/dist-packages/ros2_interfaces/__init__.py
[0.334s] -- Up-to-date: /workspaces/template_ws/workspace_1/install/ros2_interfaces/local/lib/python3.10/dist-packages/ros2_interfaces/ros2_interfaces_s__rosidl_typesupport_introspection_c.cpython-310-x86_64-linux-gnu.so
[0.334s] -- Up-to-date: /workspaces/template_ws/workspace_1/install/ros2_interfaces/local/lib/python3.10/dist-packages/ros2_interfaces/msg
[0.334s] -- Up-to-date: /workspaces/template_ws/workspace_1/install/ros2_interfaces/local/lib/python3.10/dist-packages/ros2_interfaces/msg/_num_s.c
[0.334s] -- Up-to-date: /workspaces/template_ws/workspace_1/install/ros2_interfaces/local/lib/python3.10/dist-packages/ros2_interfaces/msg/_num.py
[0.334s] -- Up-to-date: /workspaces/template_ws/workspace_1/install/ros2_interfaces/local/lib/python3.10/dist-packages/ros2_interfaces/msg/__init__.py
[0.350s] Listing '/workspaces/template_ws/workspace_1/install/ros2_interfaces/local/lib/python3.10/dist-packages/ros2_interfaces'...
[0.350s] Listing '/workspaces/template_ws/workspace_1/install/ros2_interfaces/local/lib/python3.10/dist-packages/ros2_interfaces/action'...
[0.350s] Listing '/workspaces/template_ws/workspace_1/install/ros2_interfaces/local/lib/python3.10/dist-packages/ros2_interfaces/msg'...
[0.350s] Listing '/workspaces/template_ws/workspace_1/install/ros2_interfaces/local/lib/python3.10/dist-packages/ros2_interfaces/srv'...
[0.353s] -- Up-to-date: /workspaces/template_ws/workspace_1/install/ros2_interfaces/local/lib/python3.10/dist-packages/ros2_interfaces/ros2_interfaces_s__rosidl_typesupport_fastrtps_c.cpython-310-x86_64-linux-gnu.so
[0.353s] -- Up-to-date: /workspaces/template_ws/workspace_1/install/ros2_interfaces/local/lib/python3.10/dist-packages/ros2_interfaces/ros2_interfaces_s__rosidl_typesupport_introspection_c.cpython-310-x86_64-linux-gnu.so
[0.353s] -- Up-to-date: /workspaces/template_ws/workspace_1/install/ros2_interfaces/local/lib/python3.10/dist-packages/ros2_interfaces/ros2_interfaces_s__rosidl_typesupport_c.cpython-310-x86_64-linux-gnu.so
[0.353s] -- Up-to-date: /workspaces/template_ws/workspace_1/install/ros2_interfaces/lib/libros2_interfaces__rosidl_generator_py.so
[0.353s] -- Up-to-date: /workspaces/template_ws/workspace_1/install/ros2_interfaces/share/ros2_interfaces/msg/Num.idl
[0.353s] -- Up-to-date: /workspaces/template_ws/workspace_1/install/ros2_interfaces/share/ros2_interfaces/srv/AddTwoInts.idl
[0.353s] -- Up-to-date: /workspaces/template_ws/workspace_1/install/ros2_interfaces/share/ros2_interfaces/action/Fibonacci.idl
[0.353s] -- Up-to-date: /workspaces/template_ws/workspace_1/install/ros2_interfaces/share/ros2_interfaces/msg/Num.msg
[0.354s] -- Up-to-date: /workspaces/template_ws/workspace_1/install/ros2_interfaces/share/ros2_interfaces/srv/AddTwoInts.srv
[0.354s] -- Up-to-date: /workspaces/template_ws/workspace_1/install/ros2_interfaces/share/ros2_interfaces/srv/AddTwoInts_Request.msg
[0.354s] -- Up-to-date: /workspaces/template_ws/workspace_1/install/ros2_interfaces/share/ros2_interfaces/srv/AddTwoInts_Response.msg
[0.354s] -- Up-to-date: /workspaces/template_ws/workspace_1/install/ros2_interfaces/share/ros2_interfaces/action/Fibonacci.action
[0.354s] -- Up-to-date: /workspaces/template_ws/workspace_1/install/ros2_interfaces/share/ament_index/resource_index/package_run_dependencies/ros2_interfaces
[0.354s] -- Up-to-date: /workspaces/template_ws/workspace_1/install/ros2_interfaces/share/ament_index/resource_index/parent_prefix_path/ros2_interfaces
[0.354s] -- Up-to-date: /workspaces/template_ws/workspace_1/install/ros2_interfaces/share/ros2_interfaces/environment/ament_prefix_path.sh
[0.354s] -- Up-to-date: /workspaces/template_ws/workspace_1/install/ros2_interfaces/share/ros2_interfaces/environment/ament_prefix_path.dsv
[0.354s] -- Up-to-date: /workspaces/template_ws/workspace_1/install/ros2_interfaces/share/ros2_interfaces/environment/path.sh
[0.354s] -- Up-to-date: /workspaces/template_ws/workspace_1/install/ros2_interfaces/share/ros2_interfaces/environment/path.dsv
[0.354s] -- Up-to-date: /workspaces/template_ws/workspace_1/install/ros2_interfaces/share/ros2_interfaces/local_setup.bash
[0.354s] -- Up-to-date: /workspaces/template_ws/workspace_1/install/ros2_interfaces/share/ros2_interfaces/local_setup.sh
[0.354s] -- Up-to-date: /workspaces/template_ws/workspace_1/install/ros2_interfaces/share/ros2_interfaces/local_setup.zsh
[0.354s] -- Up-to-date: /workspaces/template_ws/workspace_1/install/ros2_interfaces/share/ros2_interfaces/local_setup.dsv
[0.355s] -- Installing: /workspaces/template_ws/workspace_1/install/ros2_interfaces/share/ros2_interfaces/package.dsv
[0.355s] -- Up-to-date: /workspaces/template_ws/workspace_1/install/ros2_interfaces/share/ament_index/resource_index/packages/ros2_interfaces
[0.355s] -- Up-to-date: /workspaces/template_ws/workspace_1/install/ros2_interfaces/share/ros2_interfaces/cmake/export_ros2_interfaces__rosidl_generator_cExport.cmake
[0.355s] -- Up-to-date: /workspaces/template_ws/workspace_1/install/ros2_interfaces/share/ros2_interfaces/cmake/export_ros2_interfaces__rosidl_generator_cExport-noconfig.cmake
[0.355s] -- Up-to-date: /workspaces/template_ws/workspace_1/install/ros2_interfaces/share/ros2_interfaces/cmake/export_ros2_interfaces__rosidl_typesupport_fastrtps_cExport.cmake
[0.355s] -- Up-to-date: /workspaces/template_ws/workspace_1/install/ros2_interfaces/share/ros2_interfaces/cmake/export_ros2_interfaces__rosidl_typesupport_fastrtps_cExport-noconfig.cmake
[0.355s] -- Up-to-date: /workspaces/template_ws/workspace_1/install/ros2_interfaces/share/ros2_interfaces/cmake/ros2_interfaces__rosidl_typesupport_introspection_cExport.cmake
[0.355s] -- Up-to-date: /workspaces/template_ws/workspace_1/install/ros2_interfaces/share/ros2_interfaces/cmake/ros2_interfaces__rosidl_typesupport_introspection_cExport-noconfig.cmake
[0.355s] -- Up-to-date: /workspaces/template_ws/workspace_1/install/ros2_interfaces/share/ros2_interfaces/cmake/ros2_interfaces__rosidl_typesupport_cExport.cmake
[0.355s] -- Up-to-date: /workspaces/template_ws/workspace_1/install/ros2_interfaces/share/ros2_interfaces/cmake/ros2_interfaces__rosidl_typesupport_cExport-noconfig.cmake
[0.355s] -- Up-to-date: /workspaces/template_ws/workspace_1/install/ros2_interfaces/share/ros2_interfaces/cmake/export_ros2_interfaces__rosidl_generator_cppExport.cmake
[0.355s] -- Up-to-date: /workspaces/template_ws/workspace_1/install/ros2_interfaces/share/ros2_interfaces/cmake/export_ros2_interfaces__rosidl_typesupport_fastrtps_cppExport.cmake
[0.355s] -- Up-to-date: /workspaces/template_ws/workspace_1/install/ros2_interfaces/share/ros2_interfaces/cmake/export_ros2_interfaces__rosidl_typesupport_fastrtps_cppExport-noconfig.cmake
[0.355s] -- Up-to-date: /workspaces/template_ws/workspace_1/install/ros2_interfaces/share/ros2_interfaces/cmake/ros2_interfaces__rosidl_typesupport_introspection_cppExport.cmake
[0.355s] -- Up-to-date: /workspaces/template_ws/workspace_1/install/ros2_interfaces/share/ros2_interfaces/cmake/ros2_interfaces__rosidl_typesupport_introspection_cppExport-noconfig.cmake
[0.355s] -- Up-to-date: /workspaces/template_ws/workspace_1/install/ros2_interfaces/share/ros2_interfaces/cmake/ros2_interfaces__rosidl_typesupport_cppExport.cmake
[0.355s] -- Up-to-date: /workspaces/template_ws/workspace_1/install/ros2_interfaces/share/ros2_interfaces/cmake/ros2_interfaces__rosidl_typesupport_cppExport-noconfig.cmake
[0.355s] -- Up-to-date: /workspaces/template_ws/workspace_1/install/ros2_interfaces/share/ros2_interfaces/cmake/export_ros2_interfaces__rosidl_generator_pyExport.cmake
[0.356s] -- Up-to-date: /workspaces/template_ws/workspace_1/install/ros2_interfaces/share/ros2_interfaces/cmake/export_ros2_interfaces__rosidl_generator_pyExport-noconfig.cmake
[0.356s] -- Up-to-date: /workspaces/template_ws/workspace_1/install/ros2_interfaces/share/ros2_interfaces/cmake/rosidl_cmake-extras.cmake
[0.356s] -- Up-to-date: /workspaces/template_ws/workspace_1/install/ros2_interfaces/share/ros2_interfaces/cmake/ament_cmake_export_dependencies-extras.cmake
[0.356s] -- Up-to-date: /workspaces/template_ws/workspace_1/install/ros2_interfaces/share/ros2_interfaces/cmake/ament_cmake_export_include_directories-extras.cmake
[0.356s] -- Up-to-date: /workspaces/template_ws/workspace_1/install/ros2_interfaces/share/ros2_interfaces/cmake/ament_cmake_export_libraries-extras.cmake
[0.356s] -- Up-to-date: /workspaces/template_ws/workspace_1/install/ros2_interfaces/share/ros2_interfaces/cmake/ament_cmake_export_targets-extras.cmake
[0.356s] -- Up-to-date: /workspaces/template_ws/workspace_1/install/ros2_interfaces/share/ros2_interfaces/cmake/rosidl_cmake_export_typesupport_targets-extras.cmake
[0.356s] -- Up-to-date: /workspaces/template_ws/workspace_1/install/ros2_interfaces/share/ros2_interfaces/cmake/rosidl_cmake_export_typesupport_libraries-extras.cmake
[0.356s] -- Up-to-date: /workspaces/template_ws/workspace_1/install/ros2_interfaces/share/ros2_interfaces/cmake/ros2_interfacesConfig.cmake
[0.356s] -- Up-to-date: /workspaces/template_ws/workspace_1/install/ros2_interfaces/share/ros2_interfaces/cmake/ros2_interfacesConfig-version.cmake
[0.356s] -- Up-to-date: /workspaces/template_ws/workspace_1/install/ros2_interfaces/share/ros2_interfaces/package.xml
[0.357s] Invoked command in '/workspaces/template_ws/workspace_1/build/ros2_interfaces' returned '0': CMAKE_PREFIX_PATH=/opt/ros/humble /usr/bin/cmake --install /workspaces/template_ws/workspace_1/build/ros2_interfaces
