[35m[1mConsolidate compiler generated dependencies of target ros2_template_node[0m
[35m[1mConsolidate compiler generated dependencies of target timer[0m
[35m[1mConsolidate compiler generated dependencies of target listener[0m
[35m[1mConsolidate compiler generated dependencies of target talker[0m
[35m[1mConsolidate compiler generated dependencies of target parameters[0m
[ 16%] [32mBuilding CXX object CMakeFiles/service_client.dir/src/some_service_client_node.cpp.o[0m
[ 16%] [32mBuilding CXX object CMakeFiles/action_server.dir/src/fibonaaci_action_server_node.cpp.o[0m
[ 16%] [32mBuilding CXX object CMakeFiles/action_client.dir/src/fibonaaci_action_client_node.cpp.o[0m
[ 22%] [32mBuilding CXX object CMakeFiles/service_server.dir/src/some_service_server_node.cpp.o[0m
[ 27%] [32mBuilding CXX object CMakeFiles/ros2_template_node.dir/src/ros2_template_node.cpp.o[0m
[ 50%] [32mBuilding CXX object CMakeFiles/listener.dir/src/listener_node.cpp.o[0m
[ 50%] [32mBuilding CXX object CMakeFiles/timer.dir/src/timer_node.cpp.o[0m
[ 50%] [32mBuilding CXX object CMakeFiles/talker.dir/src/talker_node.cpp.o[0m
[ 50%] [32mBuilding CXX object CMakeFiles/parameters.dir/src/parameters_node.cpp.o[0m
[ 55%] [32m[1mLinking CXX executable ros2_template_node[0m
[ 55%] Built target ros2_template_node
[ 61%] [32m[1mLinking CXX executable parameters[0m
[ 61%] Built target parameters
[ 66%] [32m[1mLinking CXX executable talker[0m
[ 72%] [32m[1mLinking CXX executable timer[0m
[ 72%] Built target talker
[ 72%] Built target timer
[ 77%] [32m[1mLinking CXX executable listener[0m
[ 77%] Built target listener
