[35m[1mConsolidate compiler generated dependencies of target service_server[0m
[35m[1mConsolidate compiler generated dependencies of target ros2_template_node[0m
[35m[1mConsolidate compiler generated dependencies of target service_client[0m
[35m[1mConsolidate compiler generated dependencies of target action_client[0m
[35m[1mConsolidate compiler generated dependencies of target action_server[0m
[35m[1mConsolidate compiler generated dependencies of target timer[0m
[35m[1mConsolidate compiler generated dependencies of target listener[0m
[35m[1mConsolidate compiler generated dependencies of target parameters[0m
[35m[1mConsolidate compiler generated dependencies of target talker[0m
[ 11%] Built target ros2_template_node
[ 77%] [32mBuilding CXX object CMakeFiles/action_client.dir/src/fibonaaci_action_client_node.cpp.o[0m
[ 77%] [32mBuilding CXX object CMakeFiles/service_server.dir/src/some_service_server_node.cpp.o[0m
[ 77%] [32mBuilding CXX object CMakeFiles/action_server.dir/src/fibonaaci_action_server_node.cpp.o[0m
[ 77%] Built target parameters
[ 77%] [32mBuilding CXX object CMakeFiles/service_client.dir/src/some_service_client_node.cpp.o[0m
[ 77%] Built target timer
[ 77%] Built target listener
[ 77%] Built target talker
[ 83%] [32m[1mLinking CXX executable service_server[0m
[ 83%] Built target service_server
[ 88%] [32m[1mLinking CXX executable service_client[0m
[ 88%] Built target service_client
[ 94%] [32m[1mLinking CXX executable action_server[0m
[ 94%] Built target action_server
[100%] [32m[1mLinking CXX executable action_client[0m
[100%] Built target action_client
-- Install configuration: ""
-- Installing: /workspaces/template_ws/workspace_1/install/ros2_template_pkg/lib/ros2_template_pkg/ros2_template_node
-- Installing: /workspaces/template_ws/workspace_1/install/ros2_template_pkg/lib/ros2_template_pkg/parameters
-- Set runtime path of "/workspaces/template_ws/workspace_1/install/ros2_template_pkg/lib/ros2_template_pkg/parameters" to ""
-- Installing: /workspaces/template_ws/workspace_1/install/ros2_template_pkg/lib/ros2_template_pkg/talker
-- Set runtime path of "/workspaces/template_ws/workspace_1/install/ros2_template_pkg/lib/ros2_template_pkg/talker" to ""
-- Installing: /workspaces/template_ws/workspace_1/install/ros2_template_pkg/lib/ros2_template_pkg/listener
-- Set runtime path of "/workspaces/template_ws/workspace_1/install/ros2_template_pkg/lib/ros2_template_pkg/listener" to ""
-- Installing: /workspaces/template_ws/workspace_1/install/ros2_template_pkg/lib/ros2_template_pkg/timer
-- Set runtime path of "/workspaces/template_ws/workspace_1/install/ros2_template_pkg/lib/ros2_template_pkg/timer" to ""
-- Installing: /workspaces/template_ws/workspace_1/install/ros2_template_pkg/lib/ros2_template_pkg/service_server
-- Set runtime path of "/workspaces/template_ws/workspace_1/install/ros2_template_pkg/lib/ros2_template_pkg/service_server" to ""
-- Installing: /workspaces/template_ws/workspace_1/install/ros2_template_pkg/lib/ros2_template_pkg/service_client
-- Set runtime path of "/workspaces/template_ws/workspace_1/install/ros2_template_pkg/lib/ros2_template_pkg/service_client" to ""
-- Installing: /workspaces/template_ws/workspace_1/install/ros2_template_pkg/lib/ros2_template_pkg/action_server
-- Set runtime path of "/workspaces/template_ws/workspace_1/install/ros2_template_pkg/lib/ros2_template_pkg/action_server" to ""
-- Installing: /workspaces/template_ws/workspace_1/install/ros2_template_pkg/lib/ros2_template_pkg/action_client
-- Set runtime path of "/workspaces/template_ws/workspace_1/install/ros2_template_pkg/lib/ros2_template_pkg/action_client" to ""
-- Installing: /workspaces/template_ws/workspace_1/install/ros2_template_pkg/share/ros2_template_pkg/launch
-- Installing: /workspaces/template_ws/workspace_1/install/ros2_template_pkg/share/ros2_template_pkg/launch/template_node_launch.py
-- Installing: /workspaces/template_ws/workspace_1/install/ros2_template_pkg/share/ros2_template_pkg/launch/params_launch.py
-- Installing: /workspaces/template_ws/workspace_1/install/ros2_template_pkg/share/ros2_template_pkg/launch/action_launch.py
-- Installing: /workspaces/template_ws/workspace_1/install/ros2_template_pkg/share/ros2_template_pkg/launch/all_launch.py
-- Installing: /workspaces/template_ws/workspace_1/install/ros2_template_pkg/share/ament_index/resource_index/package_run_dependencies/ros2_template_pkg
-- Installing: /workspaces/template_ws/workspace_1/install/ros2_template_pkg/share/ament_index/resource_index/parent_prefix_path/ros2_template_pkg
-- Installing: /workspaces/template_ws/workspace_1/install/ros2_template_pkg/share/ros2_template_pkg/environment/ament_prefix_path.sh
-- Installing: /workspaces/template_ws/workspace_1/install/ros2_template_pkg/share/ros2_template_pkg/environment/ament_prefix_path.dsv
-- Installing: /workspaces/template_ws/workspace_1/install/ros2_template_pkg/share/ros2_template_pkg/environment/path.sh
-- Installing: /workspaces/template_ws/workspace_1/install/ros2_template_pkg/share/ros2_template_pkg/environment/path.dsv
-- Installing: /workspaces/template_ws/workspace_1/install/ros2_template_pkg/share/ros2_template_pkg/local_setup.bash
-- Installing: /workspaces/template_ws/workspace_1/install/ros2_template_pkg/share/ros2_template_pkg/local_setup.sh
-- Installing: /workspaces/template_ws/workspace_1/install/ros2_template_pkg/share/ros2_template_pkg/local_setup.zsh
-- Installing: /workspaces/template_ws/workspace_1/install/ros2_template_pkg/share/ros2_template_pkg/local_setup.dsv
-- Installing: /workspaces/template_ws/workspace_1/install/ros2_template_pkg/share/ros2_template_pkg/package.dsv
-- Installing: /workspaces/template_ws/workspace_1/install/ros2_template_pkg/share/ament_index/resource_index/packages/ros2_template_pkg
-- Installing: /workspaces/template_ws/workspace_1/install/ros2_template_pkg/share/ros2_template_pkg/cmake/ros2_template_pkgConfig.cmake
-- Installing: /workspaces/template_ws/workspace_1/install/ros2_template_pkg/share/ros2_template_pkg/cmake/ros2_template_pkgConfig-version.cmake
-- Installing: /workspaces/template_ws/workspace_1/install/ros2_template_pkg/share/ros2_template_pkg/package.xml
