[0.036s] Invoking command in '/workspaces/template_ws/workspace_1/build/ros2_template_pkg': AMENT_PREFIX_PATH=/workspaces/template_ws/workspace_1/install/ros2_interfaces:${AMENT_PREFIX_PATH} CMAKE_PREFIX_PATH=/workspaces/template_ws/workspace_1/install/ros2_interfaces:/opt/ros/humble LD_LIBRARY_PATH=/workspaces/template_ws/workspace_1/install/ros2_interfaces/lib:${LD_LIBRARY_PATH} PYTHONPATH=/workspaces/template_ws/workspace_1/install/ros2_interfaces/local/lib/python3.10/dist-packages:${PYTHONPATH} /usr/bin/cmake /workspaces/template_ws/workspace_1/ros2_template_pkg -DCMAKE_INSTALL_PREFIX=/workspaces/template_ws/workspace_1/install/ros2_template_pkg
[0.044s] -- Found ament_cmake: 1.3.5 (/opt/ros/humble/share/ament_cmake/cmake)
[0.140s] -- Found rclcpp: 16.0.6 (/opt/ros/humble/share/rclcpp/cmake)
[0.159s] -- Found rosidl_generator_c: 3.1.5 (/opt/ros/humble/share/rosidl_generator_c/cmake)
[0.161s] -- Found rosidl_adapter: 3.1.5 (/opt/ros/humble/share/rosidl_adapter/cmake)
[0.165s] -- Found rosidl_generator_cpp: 3.1.5 (/opt/ros/humble/share/rosidl_generator_cpp/cmake)
[0.173s] -- Using all available rosidl_typesupport_c: rosidl_typesupport_fastrtps_c;rosidl_typesupport_introspection_c
[0.183s] -- Using all available rosidl_typesupport_cpp: rosidl_typesupport_fastrtps_cpp;rosidl_typesupport_introspection_cpp
[0.224s] -- Found rmw_implementation_cmake: 6.1.1 (/opt/ros/humble/share/rmw_implementation_cmake/cmake)
[0.225s] -- Found rmw_fastrtps_cpp: 6.2.4 (/opt/ros/humble/share/rmw_fastrtps_cpp/cmake)
[0.318s] -- Using RMW implementation 'rmw_fastrtps_cpp' as default
[0.429s] -- Found rclcpp_action: 16.0.6 (/opt/ros/humble/share/rclcpp_action/cmake)
[0.490s] -- Found ros2_interfaces: 0.0.0 (/workspaces/template_ws/workspace_1/install/ros2_interfaces/share/ros2_interfaces/cmake)
[0.538s] -- Found ament_cmake_copyright: 0.12.8 (/opt/ros/humble/share/ament_cmake_copyright/cmake)
[0.540s] -- Found ament_cmake_cpplint: 0.12.8 (/opt/ros/humble/share/ament_cmake_cpplint/cmake)
[0.542s] -- Found ament_cmake_cppcheck: 0.12.8 (/opt/ros/humble/share/ament_cmake_cppcheck/cmake)
[0.544s] -- Found ament_cmake_lint_cmake: 0.12.8 (/opt/ros/humble/share/ament_cmake_lint_cmake/cmake)
[0.545s] -- Found ament_cmake_xmllint: 0.12.8 (/opt/ros/humble/share/ament_cmake_xmllint/cmake)
[0.547s] -- Found ament_cmake_uncrustify: 0.12.8 (/opt/ros/humble/share/ament_cmake_uncrustify/cmake)
[0.549s] -- Found ament_cmake_gtest: 1.3.5 (/opt/ros/humble/share/ament_cmake_gtest/cmake)
[0.550s] -- Found gtest sources under '/opt/ros/humble/src/gtest_vendor': C++ tests using 'Google Test' will be built
[0.596s] -- Configuring done
[0.600s] [31mCMake Error at /opt/ros/humble/share/ament_cmake_gtest/cmake/ament_add_gtest_executable.cmake:50 (add_executable):
[0.600s]   Cannot find source file:
[0.601s] 
[0.601s]     test/test_ros2_template_node.cpp
[0.601s] 
[0.601s]   Tried extensions .c .C .c++ .cc .cpp .cxx .cu .mpp .m .M .mm .ixx .cppm .h
[0.601s]   .hh .h++ .hm .hpp .hxx .in .txx .f .F .for .f77 .f90 .f95 .f03 .hip .ispc
[0.601s] Call Stack (most recent call first):
[0.601s]   /opt/ros/humble/share/ament_cmake_gtest/cmake/ament_add_gtest_executable.cmake:37 (_ament_add_gtest_executable)
[0.601s]   /opt/ros/humble/share/ament_cmake_gtest/cmake/ament_add_gtest.cmake:68 (ament_add_gtest_executable)
[0.601s]   CMakeLists.txt:92 (ament_add_gtest)
[0.601s] 
[0.601s] [0m
[0.601s] [31mCMake Error at /opt/ros/humble/share/ament_cmake_gtest/cmake/ament_add_gtest_executable.cmake:50 (add_executable):
[0.601s]   No SOURCES given to target: ros2_template_pkg
[0.601s] Call Stack (most recent call first):
[0.601s]   /opt/ros/humble/share/ament_cmake_gtest/cmake/ament_add_gtest_executable.cmake:37 (_ament_add_gtest_executable)
[0.601s]   /opt/ros/humble/share/ament_cmake_gtest/cmake/ament_add_gtest.cmake:68 (ament_add_gtest_executable)
[0.602s]   CMakeLists.txt:92 (ament_add_gtest)
[0.602s] 
[0.602s] [0m
[0.602s] [0mCMake Generate step failed.  Build files cannot be regenerated correctly.[0m
[0.607s] Invoked command in '/workspaces/template_ws/workspace_1/build/ros2_template_pkg' returned '1': AMENT_PREFIX_PATH=/workspaces/template_ws/workspace_1/install/ros2_interfaces:${AMENT_PREFIX_PATH} CMAKE_PREFIX_PATH=/workspaces/template_ws/workspace_1/install/ros2_interfaces:/opt/ros/humble LD_LIBRARY_PATH=/workspaces/template_ws/workspace_1/install/ros2_interfaces/lib:${LD_LIBRARY_PATH} PYTHONPATH=/workspaces/template_ws/workspace_1/install/ros2_interfaces/local/lib/python3.10/dist-packages:${PYTHONPATH} /usr/bin/cmake /workspaces/template_ws/workspace_1/ros2_template_pkg -DCMAKE_INSTALL_PREFIX=/workspaces/template_ws/workspace_1/install/ros2_template_pkg
