[0.859s] DEBUG:colcon:Command line arguments: ['/usr/bin/colcon', 'build']
[0.859s] DEBUG:colcon:Parsed command line arguments: Namespace(log_base=None, log_level=None, verb_name='build', build_base='build', install_base='install', merge_install=False, symlink_install=False, test_result_base=None, continue_on_error=False, executor='parallel', parallel_workers=16, event_handlers=None, ignore_user_meta=False, metas=['./colcon.meta'], base_paths=['.'], packages_ignore=None, packages_ignore_regex=None, paths=None, packages_up_to=None, packages_up_to_regex=None, packages_above=None, packages_above_and_dependencies=None, packages_above_depth=None, packages_select_by_dep=None, packages_skip_by_dep=None, packages_skip_up_to=None, packages_select_build_failed=False, packages_skip_build_finished=False, packages_select_test_failures=False, packages_skip_test_passed=False, packages_select=None, packages_skip=None, packages_select_regex=None, packages_skip_regex=None, packages_start=None, packages_end=None, allow_overriding=[], cmake_args=None, cmake_target=None, cmake_target_skip_unavailable=False, cmake_clean_cache=False, cmake_clean_first=False, cmake_force_configure=False, ament_cmake_args=None, catkin_cmake_args=None, catkin_skip_building_tests=False, mixin_files=None, mixin=None, verb_parser=<colcon_mixin.mixin.mixin_argument.MixinArgumentDecorator object at 0x7f46f1acdb70>, verb_extension=<colcon_core.verb.build.BuildVerb object at 0x7f46f1ace530>, main=<bound method BuildVerb.main of <colcon_core.verb.build.BuildVerb object at 0x7f46f1ace530>>, mixin_verb=('build',))
[0.892s] Level 1:colcon.colcon_core.package_discovery:discover_packages(colcon_meta) check parameters
[0.892s] Level 1:colcon.colcon_core.package_discovery:discover_packages(recursive) check parameters
[0.893s] Level 1:colcon.colcon_core.package_discovery:discover_packages(ignore) check parameters
[0.893s] Level 1:colcon.colcon_core.package_discovery:discover_packages(path) check parameters
[0.893s] Level 1:colcon.colcon_core.package_discovery:discover_packages(colcon_meta) discover
[0.893s] Level 1:colcon.colcon_core.package_discovery:discover_packages(recursive) discover
[0.893s] INFO:colcon.colcon_core.package_discovery:Crawling recursively for packages in '/workspaces/template_ws/workspace_1'
[0.893s] Level 1:colcon.colcon_core.package_identification:_identify(.) by extensions ['ignore', 'ignore_ament_install']
[0.893s] Level 1:colcon.colcon_core.package_identification:_identify(.) by extension 'ignore'
[0.893s] Level 1:colcon.colcon_core.package_identification:_identify(.) by extension 'ignore_ament_install'
[0.893s] Level 1:colcon.colcon_core.package_identification:_identify(.) by extensions ['colcon_pkg']
[0.893s] Level 1:colcon.colcon_core.package_identification:_identify(.) by extension 'colcon_pkg'
[0.893s] Level 1:colcon.colcon_core.package_identification:_identify(.) by extensions ['colcon_meta']
[0.893s] Level 1:colcon.colcon_core.package_identification:_identify(.) by extension 'colcon_meta'
[0.893s] Level 1:colcon.colcon_core.package_identification:_identify(.) by extensions ['ros']
[0.893s] Level 1:colcon.colcon_core.package_identification:_identify(.) by extension 'ros'
[0.901s] Level 1:colcon.colcon_core.package_identification:_identify(.) by extensions ['cmake', 'python']
[0.901s] Level 1:colcon.colcon_core.package_identification:_identify(.) by extension 'cmake'
[0.901s] Level 1:colcon.colcon_core.package_identification:_identify(.) by extension 'python'
[0.901s] Level 1:colcon.colcon_core.package_identification:_identify(.) by extensions ['python_setup_py']
[0.901s] Level 1:colcon.colcon_core.package_identification:_identify(.) by extension 'python_setup_py'
[0.901s] Level 1:colcon.colcon_core.package_identification:_identify(build) by extensions ['ignore', 'ignore_ament_install']
[0.901s] Level 1:colcon.colcon_core.package_identification:_identify(build) by extension 'ignore'
[0.901s] Level 1:colcon.colcon_core.package_identification:_identify(build) ignored
[0.901s] Level 1:colcon.colcon_core.package_identification:_identify(install) by extensions ['ignore', 'ignore_ament_install']
[0.902s] Level 1:colcon.colcon_core.package_identification:_identify(install) by extension 'ignore'
[0.902s] Level 1:colcon.colcon_core.package_identification:_identify(install) ignored
[0.902s] Level 1:colcon.colcon_core.package_identification:_identify(log) by extensions ['ignore', 'ignore_ament_install']
[0.902s] Level 1:colcon.colcon_core.package_identification:_identify(log) by extension 'ignore'
[0.902s] Level 1:colcon.colcon_core.package_identification:_identify(log) ignored
[0.902s] Level 1:colcon.colcon_core.package_identification:_identify(ros2_interfaces) by extensions ['ignore', 'ignore_ament_install']
[0.902s] Level 1:colcon.colcon_core.package_identification:_identify(ros2_interfaces) by extension 'ignore'
[0.902s] Level 1:colcon.colcon_core.package_identification:_identify(ros2_interfaces) by extension 'ignore_ament_install'
[0.902s] Level 1:colcon.colcon_core.package_identification:_identify(ros2_interfaces) by extensions ['colcon_pkg']
[0.902s] Level 1:colcon.colcon_core.package_identification:_identify(ros2_interfaces) by extension 'colcon_pkg'
[0.902s] Level 1:colcon.colcon_core.package_identification:_identify(ros2_interfaces) by extensions ['colcon_meta']
[0.902s] Level 1:colcon.colcon_core.package_identification:_identify(ros2_interfaces) by extension 'colcon_meta'
[0.902s] Level 1:colcon.colcon_core.package_identification:_identify(ros2_interfaces) by extensions ['ros']
[0.902s] Level 1:colcon.colcon_core.package_identification:_identify(ros2_interfaces) by extension 'ros'
[0.904s] DEBUG:colcon.colcon_core.package_identification:Package 'ros2_interfaces' with type 'ros.ament_cmake' and name 'ros2_interfaces'
[0.904s] Level 1:colcon.colcon_core.package_identification:_identify(ros2_template_pkg) by extensions ['ignore', 'ignore_ament_install']
[0.904s] Level 1:colcon.colcon_core.package_identification:_identify(ros2_template_pkg) by extension 'ignore'
[0.904s] Level 1:colcon.colcon_core.package_identification:_identify(ros2_template_pkg) by extension 'ignore_ament_install'
[0.904s] Level 1:colcon.colcon_core.package_identification:_identify(ros2_template_pkg) by extensions ['colcon_pkg']
[0.904s] Level 1:colcon.colcon_core.package_identification:_identify(ros2_template_pkg) by extension 'colcon_pkg'
[0.904s] Level 1:colcon.colcon_core.package_identification:_identify(ros2_template_pkg) by extensions ['colcon_meta']
[0.904s] Level 1:colcon.colcon_core.package_identification:_identify(ros2_template_pkg) by extension 'colcon_meta'
[0.904s] Level 1:colcon.colcon_core.package_identification:_identify(ros2_template_pkg) by extensions ['ros']
[0.904s] Level 1:colcon.colcon_core.package_identification:_identify(ros2_template_pkg) by extension 'ros'
[0.905s] DEBUG:colcon.colcon_core.package_identification:Package 'ros2_template_pkg' with type 'ros.ament_cmake' and name 'ros2_template_pkg'
[0.905s] Level 1:colcon.colcon_core.package_discovery:discover_packages(recursive) using defaults
[0.905s] Level 1:colcon.colcon_core.package_discovery:discover_packages(ignore) discover
[0.905s] Level 1:colcon.colcon_core.package_discovery:discover_packages(ignore) using defaults
[0.905s] Level 1:colcon.colcon_core.package_discovery:discover_packages(path) discover
[0.905s] Level 1:colcon.colcon_core.package_discovery:discover_packages(path) using defaults
[0.980s] Level 1:colcon.colcon_core.package_discovery:discover_packages(prefix_path) check parameters
[0.980s] Level 1:colcon.colcon_core.package_discovery:discover_packages(prefix_path) discover
[1.001s] DEBUG:colcon.colcon_installed_package_information.package_discovery:Found 343 installed packages in /opt/ros/humble
[1.003s] Level 1:colcon.colcon_core.package_discovery:discover_packages(prefix_path) using defaults
[1.072s] Level 5:colcon.colcon_core.verb:set package 'ros2_interfaces' build argument 'cmake_args' from command line to 'None'
[1.072s] Level 5:colcon.colcon_core.verb:set package 'ros2_interfaces' build argument 'cmake_target' from command line to 'None'
[1.072s] Level 5:colcon.colcon_core.verb:set package 'ros2_interfaces' build argument 'cmake_target_skip_unavailable' from command line to 'False'
[1.072s] Level 5:colcon.colcon_core.verb:set package 'ros2_interfaces' build argument 'cmake_clean_cache' from command line to 'False'
[1.072s] Level 5:colcon.colcon_core.verb:set package 'ros2_interfaces' build argument 'cmake_clean_first' from command line to 'False'
[1.072s] Level 5:colcon.colcon_core.verb:set package 'ros2_interfaces' build argument 'cmake_force_configure' from command line to 'False'
[1.072s] Level 5:colcon.colcon_core.verb:set package 'ros2_interfaces' build argument 'ament_cmake_args' from command line to 'None'
[1.072s] Level 5:colcon.colcon_core.verb:set package 'ros2_interfaces' build argument 'catkin_cmake_args' from command line to 'None'
[1.072s] Level 5:colcon.colcon_core.verb:set package 'ros2_interfaces' build argument 'catkin_skip_building_tests' from command line to 'False'
[1.072s] DEBUG:colcon.colcon_core.verb:Building package 'ros2_interfaces' with the following arguments: {'ament_cmake_args': None, 'build_base': '/workspaces/template_ws/workspace_1/build/ros2_interfaces', 'catkin_cmake_args': None, 'catkin_skip_building_tests': False, 'cmake_args': None, 'cmake_clean_cache': False, 'cmake_clean_first': False, 'cmake_force_configure': False, 'cmake_target': None, 'cmake_target_skip_unavailable': False, 'install_base': '/workspaces/template_ws/workspace_1/install/ros2_interfaces', 'merge_install': False, 'path': '/workspaces/template_ws/workspace_1/ros2_interfaces', 'symlink_install': False, 'test_result_base': None}
[1.082s] Level 5:colcon.colcon_core.verb:set package 'ros2_template_pkg' build argument 'cmake_args' from command line to 'None'
[1.082s] Level 5:colcon.colcon_core.verb:set package 'ros2_template_pkg' build argument 'cmake_target' from command line to 'None'
[1.082s] Level 5:colcon.colcon_core.verb:set package 'ros2_template_pkg' build argument 'cmake_target_skip_unavailable' from command line to 'False'
[1.082s] Level 5:colcon.colcon_core.verb:set package 'ros2_template_pkg' build argument 'cmake_clean_cache' from command line to 'False'
[1.082s] Level 5:colcon.colcon_core.verb:set package 'ros2_template_pkg' build argument 'cmake_clean_first' from command line to 'False'
[1.082s] Level 5:colcon.colcon_core.verb:set package 'ros2_template_pkg' build argument 'cmake_force_configure' from command line to 'False'
[1.082s] Level 5:colcon.colcon_core.verb:set package 'ros2_template_pkg' build argument 'ament_cmake_args' from command line to 'None'
[1.082s] Level 5:colcon.colcon_core.verb:set package 'ros2_template_pkg' build argument 'catkin_cmake_args' from command line to 'None'
[1.082s] Level 5:colcon.colcon_core.verb:set package 'ros2_template_pkg' build argument 'catkin_skip_building_tests' from command line to 'False'
[1.082s] DEBUG:colcon.colcon_core.verb:Building package 'ros2_template_pkg' with the following arguments: {'ament_cmake_args': None, 'build_base': '/workspaces/template_ws/workspace_1/build/ros2_template_pkg', 'catkin_cmake_args': None, 'catkin_skip_building_tests': False, 'cmake_args': None, 'cmake_clean_cache': False, 'cmake_clean_first': False, 'cmake_force_configure': False, 'cmake_target': None, 'cmake_target_skip_unavailable': False, 'install_base': '/workspaces/template_ws/workspace_1/install/ros2_template_pkg', 'merge_install': False, 'path': '/workspaces/template_ws/workspace_1/ros2_template_pkg', 'symlink_install': False, 'test_result_base': None}
[1.091s] INFO:colcon.colcon_core.executor:Executing jobs using 'parallel' executor
[1.101s] DEBUG:colcon.colcon_parallel_executor.executor.parallel:run_until_complete
[1.102s] INFO:colcon.colcon_ros.task.ament_cmake.build:Building ROS package in '/workspaces/template_ws/workspace_1/ros2_interfaces' with build type 'ament_cmake'
[1.102s] INFO:colcon.colcon_cmake.task.cmake.build:Building CMake package in '/workspaces/template_ws/workspace_1/ros2_interfaces'
[1.112s] INFO:colcon.colcon_core.plugin_system:Skipping extension 'colcon_core.shell.bat': Not used on non-Windows systems
[1.113s] INFO:colcon.colcon_core.shell:Skip shell extension 'powershell' for command environment: Not usable outside of PowerShell
[1.113s] DEBUG:colcon.colcon_core.shell:Skip shell extension 'dsv' for command environment
[1.139s] DEBUG:colcon.colcon_core.event_handler.log_command:Invoking command in '/workspaces/template_ws/workspace_1/build/ros2_interfaces': CMAKE_PREFIX_PATH=/opt/ros/humble /usr/bin/cmake --build /workspaces/template_ws/workspace_1/build/ros2_interfaces -- -j16 -l16
[1.381s] DEBUG:colcon.colcon_core.event_handler.log_command:Invoked command in '/workspaces/template_ws/workspace_1/build/ros2_interfaces' returned '0': CMAKE_PREFIX_PATH=/opt/ros/humble /usr/bin/cmake --build /workspaces/template_ws/workspace_1/build/ros2_interfaces -- -j16 -l16
[1.441s] DEBUG:colcon.colcon_core.event_handler.log_command:Invoking command in '/workspaces/template_ws/workspace_1/build/ros2_interfaces': CMAKE_PREFIX_PATH=/opt/ros/humble /usr/bin/cmake --install /workspaces/template_ws/workspace_1/build/ros2_interfaces
[1.477s] Level 1:colcon.colcon_core.environment:create_environment_scripts_only(ros2_interfaces)
[1.478s] DEBUG:colcon.colcon_core.event_handler.log_command:Invoked command in '/workspaces/template_ws/workspace_1/build/ros2_interfaces' returned '0': CMAKE_PREFIX_PATH=/opt/ros/humble /usr/bin/cmake --install /workspaces/template_ws/workspace_1/build/ros2_interfaces
[1.489s] Level 1:colcon.colcon_core.environment:checking '/workspaces/template_ws/workspace_1/install/ros2_interfaces' for CMake module files
[1.490s] Level 1:colcon.colcon_core.environment:checking '/workspaces/template_ws/workspace_1/install/ros2_interfaces' for CMake config files
[1.490s] Level 1:colcon.colcon_core.shell:create_environment_hook('ros2_interfaces', 'cmake_prefix_path')
[1.500s] INFO:colcon.colcon_core.shell:Creating environment hook '/workspaces/template_ws/workspace_1/install/ros2_interfaces/share/ros2_interfaces/hook/cmake_prefix_path.ps1'
[1.501s] INFO:colcon.colcon_core.shell:Creating environment descriptor '/workspaces/template_ws/workspace_1/install/ros2_interfaces/share/ros2_interfaces/hook/cmake_prefix_path.dsv'
[1.501s] INFO:colcon.colcon_core.shell:Creating environment hook '/workspaces/template_ws/workspace_1/install/ros2_interfaces/share/ros2_interfaces/hook/cmake_prefix_path.sh'
[1.502s] Level 1:colcon.colcon_core.environment:checking '/workspaces/template_ws/workspace_1/install/ros2_interfaces/lib'
[1.502s] Level 1:colcon.colcon_core.shell:create_environment_hook('ros2_interfaces', 'ld_library_path_lib')
[1.511s] INFO:colcon.colcon_core.shell:Creating environment hook '/workspaces/template_ws/workspace_1/install/ros2_interfaces/share/ros2_interfaces/hook/ld_library_path_lib.ps1'
[1.512s] INFO:colcon.colcon_core.shell:Creating environment descriptor '/workspaces/template_ws/workspace_1/install/ros2_interfaces/share/ros2_interfaces/hook/ld_library_path_lib.dsv'
[1.512s] INFO:colcon.colcon_core.shell:Creating environment hook '/workspaces/template_ws/workspace_1/install/ros2_interfaces/share/ros2_interfaces/hook/ld_library_path_lib.sh'
[1.512s] Level 1:colcon.colcon_core.environment:checking '/workspaces/template_ws/workspace_1/install/ros2_interfaces/bin'
[1.512s] Level 1:colcon.colcon_core.environment:checking '/workspaces/template_ws/workspace_1/install/ros2_interfaces/lib/pkgconfig/ros2_interfaces.pc'
[1.512s] Level 1:colcon.colcon_core.environment:checking '/workspaces/template_ws/workspace_1/install/ros2_interfaces/lib/python3.10/site-packages'
[1.513s] Level 1:colcon.colcon_core.environment:checking '/workspaces/template_ws/workspace_1/install/ros2_interfaces/bin'
[1.523s] INFO:colcon.colcon_core.shell:Creating package script '/workspaces/template_ws/workspace_1/install/ros2_interfaces/share/ros2_interfaces/package.ps1'
[1.523s] INFO:colcon.colcon_core.shell:Creating package descriptor '/workspaces/template_ws/workspace_1/install/ros2_interfaces/share/ros2_interfaces/package.dsv'
[1.524s] INFO:colcon.colcon_core.shell:Creating package script '/workspaces/template_ws/workspace_1/install/ros2_interfaces/share/ros2_interfaces/package.sh'
[1.524s] INFO:colcon.colcon_core.shell:Creating package script '/workspaces/template_ws/workspace_1/install/ros2_interfaces/share/ros2_interfaces/package.bash'
[1.525s] INFO:colcon.colcon_core.shell:Creating package script '/workspaces/template_ws/workspace_1/install/ros2_interfaces/share/ros2_interfaces/package.zsh'
[1.525s] Level 1:colcon.colcon_core.environment:create_file_with_runtime_dependencies(/workspaces/template_ws/workspace_1/install/ros2_interfaces/share/colcon-core/packages/ros2_interfaces)
[1.589s] Level 1:colcon.colcon_core.environment:create_environment_scripts_only(ros2_interfaces)
[1.599s] Level 1:colcon.colcon_core.environment:checking '/workspaces/template_ws/workspace_1/install/ros2_interfaces' for CMake module files
[1.599s] Level 1:colcon.colcon_core.environment:checking '/workspaces/template_ws/workspace_1/install/ros2_interfaces' for CMake config files
[1.600s] Level 1:colcon.colcon_core.shell:create_environment_hook('ros2_interfaces', 'cmake_prefix_path')
[1.612s] INFO:colcon.colcon_core.shell:Creating environment hook '/workspaces/template_ws/workspace_1/install/ros2_interfaces/share/ros2_interfaces/hook/cmake_prefix_path.ps1'
[1.612s] INFO:colcon.colcon_core.shell:Creating environment descriptor '/workspaces/template_ws/workspace_1/install/ros2_interfaces/share/ros2_interfaces/hook/cmake_prefix_path.dsv'
[1.612s] INFO:colcon.colcon_core.shell:Creating environment hook '/workspaces/template_ws/workspace_1/install/ros2_interfaces/share/ros2_interfaces/hook/cmake_prefix_path.sh'
[1.613s] Level 1:colcon.colcon_core.environment:checking '/workspaces/template_ws/workspace_1/install/ros2_interfaces/lib'
[1.613s] Level 1:colcon.colcon_core.shell:create_environment_hook('ros2_interfaces', 'ld_library_path_lib')
[1.624s] INFO:colcon.colcon_core.shell:Creating environment hook '/workspaces/template_ws/workspace_1/install/ros2_interfaces/share/ros2_interfaces/hook/ld_library_path_lib.ps1'
[1.624s] INFO:colcon.colcon_core.shell:Creating environment descriptor '/workspaces/template_ws/workspace_1/install/ros2_interfaces/share/ros2_interfaces/hook/ld_library_path_lib.dsv'
[1.625s] INFO:colcon.colcon_core.shell:Creating environment hook '/workspaces/template_ws/workspace_1/install/ros2_interfaces/share/ros2_interfaces/hook/ld_library_path_lib.sh'
[1.625s] Level 1:colcon.colcon_core.environment:checking '/workspaces/template_ws/workspace_1/install/ros2_interfaces/bin'
[1.625s] Level 1:colcon.colcon_core.environment:checking '/workspaces/template_ws/workspace_1/install/ros2_interfaces/lib/pkgconfig/ros2_interfaces.pc'
[1.625s] Level 1:colcon.colcon_core.environment:checking '/workspaces/template_ws/workspace_1/install/ros2_interfaces/lib/python3.10/site-packages'
[1.625s] Level 1:colcon.colcon_core.environment:checking '/workspaces/template_ws/workspace_1/install/ros2_interfaces/bin'
[1.636s] INFO:colcon.colcon_core.shell:Creating package script '/workspaces/template_ws/workspace_1/install/ros2_interfaces/share/ros2_interfaces/package.ps1'
[1.636s] INFO:colcon.colcon_core.shell:Creating package descriptor '/workspaces/template_ws/workspace_1/install/ros2_interfaces/share/ros2_interfaces/package.dsv'
[1.636s] INFO:colcon.colcon_core.shell:Creating package script '/workspaces/template_ws/workspace_1/install/ros2_interfaces/share/ros2_interfaces/package.sh'
[1.637s] INFO:colcon.colcon_core.shell:Creating package script '/workspaces/template_ws/workspace_1/install/ros2_interfaces/share/ros2_interfaces/package.bash'
[1.637s] INFO:colcon.colcon_core.shell:Creating package script '/workspaces/template_ws/workspace_1/install/ros2_interfaces/share/ros2_interfaces/package.zsh'
[1.637s] Level 1:colcon.colcon_core.environment:create_file_with_runtime_dependencies(/workspaces/template_ws/workspace_1/install/ros2_interfaces/share/colcon-core/packages/ros2_interfaces)
[1.637s] INFO:colcon.colcon_ros.task.ament_cmake.build:Building ROS package in '/workspaces/template_ws/workspace_1/ros2_template_pkg' with build type 'ament_cmake'
[1.638s] INFO:colcon.colcon_cmake.task.cmake.build:Building CMake package in '/workspaces/template_ws/workspace_1/ros2_template_pkg'
[1.648s] INFO:colcon.colcon_core.shell:Skip shell extension 'powershell' for command environment: Not usable outside of PowerShell
[1.648s] DEBUG:colcon.colcon_core.shell:Skip shell extension 'dsv' for command environment
[1.677s] DEBUG:colcon.colcon_core.event_handler.log_command:Invoking command in '/workspaces/template_ws/workspace_1/build/ros2_template_pkg': AMENT_PREFIX_PATH=/workspaces/template_ws/workspace_1/install/ros2_interfaces:${AMENT_PREFIX_PATH} CMAKE_PREFIX_PATH=/workspaces/template_ws/workspace_1/install/ros2_interfaces:/opt/ros/humble LD_LIBRARY_PATH=/workspaces/template_ws/workspace_1/install/ros2_interfaces/lib:${LD_LIBRARY_PATH} PYTHONPATH=/workspaces/template_ws/workspace_1/install/ros2_interfaces/local/lib/python3.10/dist-packages:${PYTHONPATH} /usr/bin/cmake --build /workspaces/template_ws/workspace_1/build/ros2_template_pkg -- -j16 -l16
[9.151s] DEBUG:colcon.colcon_core.event_handler.log_command:Invoked command in '/workspaces/template_ws/workspace_1/build/ros2_template_pkg' returned '2': AMENT_PREFIX_PATH=/workspaces/template_ws/workspace_1/install/ros2_interfaces:${AMENT_PREFIX_PATH} CMAKE_PREFIX_PATH=/workspaces/template_ws/workspace_1/install/ros2_interfaces:/opt/ros/humble LD_LIBRARY_PATH=/workspaces/template_ws/workspace_1/install/ros2_interfaces/lib:${LD_LIBRARY_PATH} PYTHONPATH=/workspaces/template_ws/workspace_1/install/ros2_interfaces/local/lib/python3.10/dist-packages:${PYTHONPATH} /usr/bin/cmake --build /workspaces/template_ws/workspace_1/build/ros2_template_pkg -- -j16 -l16
[9.195s] Level 1:colcon.colcon_core.environment:create_environment_scripts_only(ros2_template_pkg)
[9.204s] Level 1:colcon.colcon_core.environment:checking '/workspaces/template_ws/workspace_1/install/ros2_template_pkg' for CMake module files
[9.204s] Level 1:colcon.colcon_core.environment:checking '/workspaces/template_ws/workspace_1/install/ros2_template_pkg' for CMake config files
[9.205s] Level 1:colcon.colcon_core.environment:checking '/workspaces/template_ws/workspace_1/install/ros2_template_pkg/bin'
[9.205s] Level 1:colcon.colcon_core.environment:checking '/workspaces/template_ws/workspace_1/install/ros2_template_pkg/lib/pkgconfig/ros2_template_pkg.pc'
[9.205s] Level 1:colcon.colcon_core.environment:checking '/workspaces/template_ws/workspace_1/install/ros2_template_pkg/lib/python3.10/site-packages'
[9.205s] Level 1:colcon.colcon_core.environment:checking '/workspaces/template_ws/workspace_1/install/ros2_template_pkg/bin'
[9.214s] INFO:colcon.colcon_core.shell:Creating package script '/workspaces/template_ws/workspace_1/install/ros2_template_pkg/share/ros2_template_pkg/package.ps1'
[9.214s] INFO:colcon.colcon_core.shell:Creating package descriptor '/workspaces/template_ws/workspace_1/install/ros2_template_pkg/share/ros2_template_pkg/package.dsv'
[9.215s] INFO:colcon.colcon_core.shell:Creating package script '/workspaces/template_ws/workspace_1/install/ros2_template_pkg/share/ros2_template_pkg/package.sh'
[9.215s] INFO:colcon.colcon_core.shell:Creating package script '/workspaces/template_ws/workspace_1/install/ros2_template_pkg/share/ros2_template_pkg/package.bash'
[9.215s] INFO:colcon.colcon_core.shell:Creating package script '/workspaces/template_ws/workspace_1/install/ros2_template_pkg/share/ros2_template_pkg/package.zsh'
[9.216s] Level 1:colcon.colcon_core.environment:create_file_with_runtime_dependencies(/workspaces/template_ws/workspace_1/install/ros2_template_pkg/share/colcon-core/packages/ros2_template_pkg)
[9.226s] DEBUG:colcon.colcon_parallel_executor.executor.parallel:closing loop
[9.226s] DEBUG:colcon.colcon_parallel_executor.executor.parallel:loop closed
[9.226s] DEBUG:colcon.colcon_parallel_executor.executor.parallel:run_until_complete finished with '2'
[9.226s] DEBUG:colcon.colcon_core.event_reactor:joining thread
[9.242s] INFO:colcon.colcon_core.plugin_system:Skipping extension 'colcon_notification.desktop_notification.notify_send': Could not find 'notify-send'
[9.242s] INFO:colcon.colcon_core.plugin_system:Skipping extension 'colcon_notification.desktop_notification.terminal_notifier': Not used on non-Darwin systems
[9.242s] INFO:colcon.colcon_core.plugin_system:Skipping extension 'colcon_notification.desktop_notification.win32': Not used on non-Windows systems
[9.242s] INFO:colcon.colcon_notification.desktop_notification:Sending desktop notification using 'notify2'
[9.245s] DEBUG:colcon.colcon_notification.desktop_notification.notify2:Failed to initialize notify2: org.freedesktop.DBus.Error.Spawn.ExecFailed: /usr/bin/dbus-launch terminated abnormally without any error message
[9.245s] DEBUG:colcon.colcon_core.event_reactor:joined thread
[9.255s] INFO:colcon.colcon_core.shell:Creating prefix script '/workspaces/template_ws/workspace_1/install/local_setup.ps1'
[9.256s] INFO:colcon.colcon_core.shell:Creating prefix util module '/workspaces/template_ws/workspace_1/install/_local_setup_util_ps1.py'
[9.257s] INFO:colcon.colcon_core.shell:Creating prefix chain script '/workspaces/template_ws/workspace_1/install/setup.ps1'
[9.268s] INFO:colcon.colcon_core.shell:Creating prefix script '/workspaces/template_ws/workspace_1/install/local_setup.sh'
[9.268s] INFO:colcon.colcon_core.shell:Creating prefix util module '/workspaces/template_ws/workspace_1/install/_local_setup_util_sh.py'
[9.269s] INFO:colcon.colcon_core.shell:Creating prefix chain script '/workspaces/template_ws/workspace_1/install/setup.sh'
[9.279s] INFO:colcon.colcon_core.shell:Creating prefix script '/workspaces/template_ws/workspace_1/install/local_setup.bash'
[9.280s] INFO:colcon.colcon_core.shell:Creating prefix chain script '/workspaces/template_ws/workspace_1/install/setup.bash'
[9.290s] INFO:colcon.colcon_core.shell:Creating prefix script '/workspaces/template_ws/workspace_1/install/local_setup.zsh'
[9.291s] INFO:colcon.colcon_core.shell:Creating prefix chain script '/workspaces/template_ws/workspace_1/install/setup.zsh'
