[  6%] Built target ros2_interfaces__cpp
[ 12%] Built target ros2_interfaces__rosidl_generator_c
[ 12%] Built target ament_cmake_python_copy_ros2_interfaces
[ 65%] Built target ros2_interfaces__rosidl_typesupport_cpp
[ 65%] Built target ros2_interfaces__rosidl_typesupport_fastrtps_c
[ 65%] Built target ros2_interfaces__rosidl_typesupport_introspection_c
[ 65%] Built target ros2_interfaces__rosidl_typesupport_fastrtps_cpp
[ 65%] Built target ros2_interfaces__rosidl_typesupport_c
[ 76%] Built target ros2_interfaces__rosidl_typesupport_introspection_cpp
[ 76%] Built target ros2_interfaces
[ 78%] Built target ros2_interfaces__py
[ 87%] Built target ros2_interfaces__rosidl_generator_py
[ 97%] Built target ros2_interfaces__rosidl_typesupport_introspection_c__pyext
[ 97%] Built target ros2_interfaces__rosidl_typesupport_fastrtps_c__pyext
[100%] Built target ros2_interfaces__rosidl_typesupport_c__pyext
running egg_info
writing ros2_interfaces.egg-info/PKG-INFO
writing dependency_links to ros2_interfaces.egg-info/dependency_links.txt
writing top-level names to ros2_interfaces.egg-info/top_level.txt
reading manifest file 'ros2_interfaces.egg-info/SOURCES.txt'
writing manifest file 'ros2_interfaces.egg-info/SOURCES.txt'
[100%] Built target ament_cmake_python_build_ros2_interfaces_egg
-- Install configuration: ""
-- Up-to-date: /workspaces/template_ws/workspace_1/install/ros2_interfaces/share/ament_index/resource_index/rosidl_interfaces/ros2_interfaces
-- Up-to-date: /workspaces/template_ws/workspace_1/install/ros2_interfaces/include/ros2_interfaces/ros2_interfaces
-- Up-to-date: /workspaces/template_ws/workspace_1/install/ros2_interfaces/include/ros2_interfaces/ros2_interfaces/srv
-- Up-to-date: /workspaces/template_ws/workspace_1/install/ros2_interfaces/include/ros2_interfaces/ros2_interfaces/srv/detail
-- Up-to-date: /workspaces/template_ws/workspace_1/install/ros2_interfaces/include/ros2_interfaces/ros2_interfaces/srv/detail/add_two_ints__struct.h
-- Up-to-date: /workspaces/template_ws/workspace_1/install/ros2_interfaces/include/ros2_interfaces/ros2_interfaces/srv/detail/add_two_ints__type_support.h
-- Up-to-date: /workspaces/template_ws/workspace_1/install/ros2_interfaces/include/ros2_interfaces/ros2_interfaces/srv/detail/add_two_ints__functions.c
-- Up-to-date: /workspaces/template_ws/workspace_1/install/ros2_interfaces/include/ros2_interfaces/ros2_interfaces/srv/detail/add_two_ints__functions.h
-- Up-to-date: /workspaces/template_ws/workspace_1/install/ros2_interfaces/include/ros2_interfaces/ros2_interfaces/srv/add_two_ints.h
-- Up-to-date: /workspaces/template_ws/workspace_1/install/ros2_interfaces/include/ros2_interfaces/ros2_interfaces/action
-- Up-to-date: /workspaces/template_ws/workspace_1/install/ros2_interfaces/include/ros2_interfaces/ros2_interfaces/action/detail
-- Up-to-date: /workspaces/template_ws/workspace_1/install/ros2_interfaces/include/ros2_interfaces/ros2_interfaces/action/detail/fibonacci__functions.c
-- Up-to-date: /workspaces/template_ws/workspace_1/install/ros2_interfaces/include/ros2_interfaces/ros2_interfaces/action/detail/fibonacci__functions.h
-- Up-to-date: /workspaces/template_ws/workspace_1/install/ros2_interfaces/include/ros2_interfaces/ros2_interfaces/action/detail/fibonacci__type_support.h
-- Up-to-date: /workspaces/template_ws/workspace_1/install/ros2_interfaces/include/ros2_interfaces/ros2_interfaces/action/detail/fibonacci__struct.h
-- Up-to-date: /workspaces/template_ws/workspace_1/install/ros2_interfaces/include/ros2_interfaces/ros2_interfaces/action/fibonacci.h
-- Up-to-date: /workspaces/template_ws/workspace_1/install/ros2_interfaces/include/ros2_interfaces/ros2_interfaces/msg
-- Up-to-date: /workspaces/template_ws/workspace_1/install/ros2_interfaces/include/ros2_interfaces/ros2_interfaces/msg/detail
-- Up-to-date: /workspaces/template_ws/workspace_1/install/ros2_interfaces/include/ros2_interfaces/ros2_interfaces/msg/detail/num__functions.h
-- Up-to-date: /workspaces/template_ws/workspace_1/install/ros2_interfaces/include/ros2_interfaces/ros2_interfaces/msg/detail/num__type_support.h
-- Up-to-date: /workspaces/template_ws/workspace_1/install/ros2_interfaces/include/ros2_interfaces/ros2_interfaces/msg/detail/num__functions.c
-- Up-to-date: /workspaces/template_ws/workspace_1/install/ros2_interfaces/include/ros2_interfaces/ros2_interfaces/msg/detail/num__struct.h
-- Up-to-date: /workspaces/template_ws/workspace_1/install/ros2_interfaces/include/ros2_interfaces/ros2_interfaces/msg/rosidl_generator_c__visibility_control.h
-- Up-to-date: /workspaces/template_ws/workspace_1/install/ros2_interfaces/include/ros2_interfaces/ros2_interfaces/msg/num.h
-- Up-to-date: /workspaces/template_ws/workspace_1/install/ros2_interfaces/share/ros2_interfaces/environment/library_path.sh
-- Up-to-date: /workspaces/template_ws/workspace_1/install/ros2_interfaces/share/ros2_interfaces/environment/library_path.dsv
-- Up-to-date: /workspaces/template_ws/workspace_1/install/ros2_interfaces/lib/libros2_interfaces__rosidl_generator_c.so
-- Up-to-date: /workspaces/template_ws/workspace_1/install/ros2_interfaces/include/ros2_interfaces/ros2_interfaces
-- Up-to-date: /workspaces/template_ws/workspace_1/install/ros2_interfaces/include/ros2_interfaces/ros2_interfaces/srv
-- Up-to-date: /workspaces/template_ws/workspace_1/install/ros2_interfaces/include/ros2_interfaces/ros2_interfaces/srv/detail
-- Up-to-date: /workspaces/template_ws/workspace_1/install/ros2_interfaces/include/ros2_interfaces/ros2_interfaces/srv/detail/add_two_ints__rosidl_typesupport_fastrtps_c.h
-- Up-to-date: /workspaces/template_ws/workspace_1/install/ros2_interfaces/include/ros2_interfaces/ros2_interfaces/action
-- Up-to-date: /workspaces/template_ws/workspace_1/install/ros2_interfaces/include/ros2_interfaces/ros2_interfaces/action/detail
-- Up-to-date: /workspaces/template_ws/workspace_1/install/ros2_interfaces/include/ros2_interfaces/ros2_interfaces/action/detail/fibonacci__rosidl_typesupport_fastrtps_c.h
-- Up-to-date: /workspaces/template_ws/workspace_1/install/ros2_interfaces/include/ros2_interfaces/ros2_interfaces/msg
-- Up-to-date: /workspaces/template_ws/workspace_1/install/ros2_interfaces/include/ros2_interfaces/ros2_interfaces/msg/detail
-- Up-to-date: /workspaces/template_ws/workspace_1/install/ros2_interfaces/include/ros2_interfaces/ros2_interfaces/msg/detail/num__rosidl_typesupport_fastrtps_c.h
-- Up-to-date: /workspaces/template_ws/workspace_1/install/ros2_interfaces/include/ros2_interfaces/ros2_interfaces/msg/rosidl_typesupport_fastrtps_c__visibility_control.h
-- Up-to-date: /workspaces/template_ws/workspace_1/install/ros2_interfaces/lib/libros2_interfaces__rosidl_typesupport_fastrtps_c.so
-- Up-to-date: /workspaces/template_ws/workspace_1/install/ros2_interfaces/include/ros2_interfaces/ros2_interfaces
-- Up-to-date: /workspaces/template_ws/workspace_1/install/ros2_interfaces/include/ros2_interfaces/ros2_interfaces/srv
-- Up-to-date: /workspaces/template_ws/workspace_1/install/ros2_interfaces/include/ros2_interfaces/ros2_interfaces/srv/detail
-- Up-to-date: /workspaces/template_ws/workspace_1/install/ros2_interfaces/include/ros2_interfaces/ros2_interfaces/srv/detail/add_two_ints__type_support.c
-- Up-to-date: /workspaces/template_ws/workspace_1/install/ros2_interfaces/include/ros2_interfaces/ros2_interfaces/srv/detail/add_two_ints__rosidl_typesupport_introspection_c.h
-- Up-to-date: /workspaces/template_ws/workspace_1/install/ros2_interfaces/include/ros2_interfaces/ros2_interfaces/action
-- Up-to-date: /workspaces/template_ws/workspace_1/install/ros2_interfaces/include/ros2_interfaces/ros2_interfaces/action/detail
-- Up-to-date: /workspaces/template_ws/workspace_1/install/ros2_interfaces/include/ros2_interfaces/ros2_interfaces/action/detail/fibonacci__type_support.c
-- Up-to-date: /workspaces/template_ws/workspace_1/install/ros2_interfaces/include/ros2_interfaces/ros2_interfaces/action/detail/fibonacci__rosidl_typesupport_introspection_c.h
-- Up-to-date: /workspaces/template_ws/workspace_1/install/ros2_interfaces/include/ros2_interfaces/ros2_interfaces/msg
-- Up-to-date: /workspaces/template_ws/workspace_1/install/ros2_interfaces/include/ros2_interfaces/ros2_interfaces/msg/rosidl_typesupport_introspection_c__visibility_control.h
-- Up-to-date: /workspaces/template_ws/workspace_1/install/ros2_interfaces/include/ros2_interfaces/ros2_interfaces/msg/detail
-- Up-to-date: /workspaces/template_ws/workspace_1/install/ros2_interfaces/include/ros2_interfaces/ros2_interfaces/msg/detail/num__rosidl_typesupport_introspection_c.h
-- Up-to-date: /workspaces/template_ws/workspace_1/install/ros2_interfaces/include/ros2_interfaces/ros2_interfaces/msg/detail/num__type_support.c
-- Up-to-date: /workspaces/template_ws/workspace_1/install/ros2_interfaces/lib/libros2_interfaces__rosidl_typesupport_introspection_c.so
-- Up-to-date: /workspaces/template_ws/workspace_1/install/ros2_interfaces/lib/libros2_interfaces__rosidl_typesupport_c.so
-- Up-to-date: /workspaces/template_ws/workspace_1/install/ros2_interfaces/include/ros2_interfaces/ros2_interfaces
-- Up-to-date: /workspaces/template_ws/workspace_1/install/ros2_interfaces/include/ros2_interfaces/ros2_interfaces/srv
-- Up-to-date: /workspaces/template_ws/workspace_1/install/ros2_interfaces/include/ros2_interfaces/ros2_interfaces/srv/add_two_ints.hpp
-- Up-to-date: /workspaces/template_ws/workspace_1/install/ros2_interfaces/include/ros2_interfaces/ros2_interfaces/srv/detail
-- Up-to-date: /workspaces/template_ws/workspace_1/install/ros2_interfaces/include/ros2_interfaces/ros2_interfaces/srv/detail/add_two_ints__struct.hpp
-- Up-to-date: /workspaces/template_ws/workspace_1/install/ros2_interfaces/include/ros2_interfaces/ros2_interfaces/srv/detail/add_two_ints__traits.hpp
-- Up-to-date: /workspaces/template_ws/workspace_1/install/ros2_interfaces/include/ros2_interfaces/ros2_interfaces/srv/detail/add_two_ints__builder.hpp
-- Up-to-date: /workspaces/template_ws/workspace_1/install/ros2_interfaces/include/ros2_interfaces/ros2_interfaces/action
-- Up-to-date: /workspaces/template_ws/workspace_1/install/ros2_interfaces/include/ros2_interfaces/ros2_interfaces/action/fibonacci.hpp
-- Up-to-date: /workspaces/template_ws/workspace_1/install/ros2_interfaces/include/ros2_interfaces/ros2_interfaces/action/detail
-- Up-to-date: /workspaces/template_ws/workspace_1/install/ros2_interfaces/include/ros2_interfaces/ros2_interfaces/action/detail/fibonacci__builder.hpp
-- Up-to-date: /workspaces/template_ws/workspace_1/install/ros2_interfaces/include/ros2_interfaces/ros2_interfaces/action/detail/fibonacci__struct.hpp
-- Up-to-date: /workspaces/template_ws/workspace_1/install/ros2_interfaces/include/ros2_interfaces/ros2_interfaces/action/detail/fibonacci__traits.hpp
-- Up-to-date: /workspaces/template_ws/workspace_1/install/ros2_interfaces/include/ros2_interfaces/ros2_interfaces/msg
-- Up-to-date: /workspaces/template_ws/workspace_1/install/ros2_interfaces/include/ros2_interfaces/ros2_interfaces/msg/detail
-- Up-to-date: /workspaces/template_ws/workspace_1/install/ros2_interfaces/include/ros2_interfaces/ros2_interfaces/msg/detail/num__traits.hpp
-- Up-to-date: /workspaces/template_ws/workspace_1/install/ros2_interfaces/include/ros2_interfaces/ros2_interfaces/msg/detail/num__struct.hpp
-- Up-to-date: /workspaces/template_ws/workspace_1/install/ros2_interfaces/include/ros2_interfaces/ros2_interfaces/msg/detail/num__builder.hpp
-- Up-to-date: /workspaces/template_ws/workspace_1/install/ros2_interfaces/include/ros2_interfaces/ros2_interfaces/msg/num.hpp
-- Up-to-date: /workspaces/template_ws/workspace_1/install/ros2_interfaces/include/ros2_interfaces/ros2_interfaces
-- Up-to-date: /workspaces/template_ws/workspace_1/install/ros2_interfaces/include/ros2_interfaces/ros2_interfaces/srv
-- Up-to-date: /workspaces/template_ws/workspace_1/install/ros2_interfaces/include/ros2_interfaces/ros2_interfaces/srv/detail
-- Up-to-date: /workspaces/template_ws/workspace_1/install/ros2_interfaces/include/ros2_interfaces/ros2_interfaces/srv/detail/dds_fastrtps
-- Up-to-date: /workspaces/template_ws/workspace_1/install/ros2_interfaces/include/ros2_interfaces/ros2_interfaces/srv/detail/add_two_ints__rosidl_typesupport_fastrtps_cpp.hpp
-- Up-to-date: /workspaces/template_ws/workspace_1/install/ros2_interfaces/include/ros2_interfaces/ros2_interfaces/action
-- Up-to-date: /workspaces/template_ws/workspace_1/install/ros2_interfaces/include/ros2_interfaces/ros2_interfaces/action/detail
-- Up-to-date: /workspaces/template_ws/workspace_1/install/ros2_interfaces/include/ros2_interfaces/ros2_interfaces/action/detail/dds_fastrtps
-- Up-to-date: /workspaces/template_ws/workspace_1/install/ros2_interfaces/include/ros2_interfaces/ros2_interfaces/action/detail/fibonacci__rosidl_typesupport_fastrtps_cpp.hpp
-- Up-to-date: /workspaces/template_ws/workspace_1/install/ros2_interfaces/include/ros2_interfaces/ros2_interfaces/msg
-- Up-to-date: /workspaces/template_ws/workspace_1/install/ros2_interfaces/include/ros2_interfaces/ros2_interfaces/msg/detail
-- Up-to-date: /workspaces/template_ws/workspace_1/install/ros2_interfaces/include/ros2_interfaces/ros2_interfaces/msg/detail/dds_fastrtps
-- Up-to-date: /workspaces/template_ws/workspace_1/install/ros2_interfaces/include/ros2_interfaces/ros2_interfaces/msg/detail/num__rosidl_typesupport_fastrtps_cpp.hpp
-- Up-to-date: /workspaces/template_ws/workspace_1/install/ros2_interfaces/include/ros2_interfaces/ros2_interfaces/msg/rosidl_typesupport_fastrtps_cpp__visibility_control.h
-- Up-to-date: /workspaces/template_ws/workspace_1/install/ros2_interfaces/lib/libros2_interfaces__rosidl_typesupport_fastrtps_cpp.so
-- Up-to-date: /workspaces/template_ws/workspace_1/install/ros2_interfaces/include/ros2_interfaces/ros2_interfaces
-- Up-to-date: /workspaces/template_ws/workspace_1/install/ros2_interfaces/include/ros2_interfaces/ros2_interfaces/srv
-- Up-to-date: /workspaces/template_ws/workspace_1/install/ros2_interfaces/include/ros2_interfaces/ros2_interfaces/srv/detail
-- Up-to-date: /workspaces/template_ws/workspace_1/install/ros2_interfaces/include/ros2_interfaces/ros2_interfaces/srv/detail/add_two_ints__rosidl_typesupport_introspection_cpp.hpp
-- Up-to-date: /workspaces/template_ws/workspace_1/install/ros2_interfaces/include/ros2_interfaces/ros2_interfaces/srv/detail/add_two_ints__type_support.cpp
-- Up-to-date: /workspaces/template_ws/workspace_1/install/ros2_interfaces/include/ros2_interfaces/ros2_interfaces/action
-- Up-to-date: /workspaces/template_ws/workspace_1/install/ros2_interfaces/include/ros2_interfaces/ros2_interfaces/action/detail
-- Up-to-date: /workspaces/template_ws/workspace_1/install/ros2_interfaces/include/ros2_interfaces/ros2_interfaces/action/detail/fibonacci__type_support.cpp
-- Up-to-date: /workspaces/template_ws/workspace_1/install/ros2_interfaces/include/ros2_interfaces/ros2_interfaces/action/detail/fibonacci__rosidl_typesupport_introspection_cpp.hpp
-- Up-to-date: /workspaces/template_ws/workspace_1/install/ros2_interfaces/include/ros2_interfaces/ros2_interfaces/msg
-- Up-to-date: /workspaces/template_ws/workspace_1/install/ros2_interfaces/include/ros2_interfaces/ros2_interfaces/msg/detail
-- Up-to-date: /workspaces/template_ws/workspace_1/install/ros2_interfaces/include/ros2_interfaces/ros2_interfaces/msg/detail/num__type_support.cpp
-- Up-to-date: /workspaces/template_ws/workspace_1/install/ros2_interfaces/include/ros2_interfaces/ros2_interfaces/msg/detail/num__rosidl_typesupport_introspection_cpp.hpp
-- Up-to-date: /workspaces/template_ws/workspace_1/install/ros2_interfaces/lib/libros2_interfaces__rosidl_typesupport_introspection_cpp.so
-- Up-to-date: /workspaces/template_ws/workspace_1/install/ros2_interfaces/lib/libros2_interfaces__rosidl_typesupport_cpp.so
-- Up-to-date: /workspaces/template_ws/workspace_1/install/ros2_interfaces/share/ros2_interfaces/environment/pythonpath.sh
-- Up-to-date: /workspaces/template_ws/workspace_1/install/ros2_interfaces/share/ros2_interfaces/environment/pythonpath.dsv
-- Up-to-date: /workspaces/template_ws/workspace_1/install/ros2_interfaces/local/lib/python3.10/dist-packages/ros2_interfaces-0.0.0-py3.10.egg-info
-- Installing: /workspaces/template_ws/workspace_1/install/ros2_interfaces/local/lib/python3.10/dist-packages/ros2_interfaces-0.0.0-py3.10.egg-info/dependency_links.txt
-- Installing: /workspaces/template_ws/workspace_1/install/ros2_interfaces/local/lib/python3.10/dist-packages/ros2_interfaces-0.0.0-py3.10.egg-info/top_level.txt
-- Installing: /workspaces/template_ws/workspace_1/install/ros2_interfaces/local/lib/python3.10/dist-packages/ros2_interfaces-0.0.0-py3.10.egg-info/PKG-INFO
-- Installing: /workspaces/template_ws/workspace_1/install/ros2_interfaces/local/lib/python3.10/dist-packages/ros2_interfaces-0.0.0-py3.10.egg-info/SOURCES.txt
-- Up-to-date: /workspaces/template_ws/workspace_1/install/ros2_interfaces/local/lib/python3.10/dist-packages/ros2_interfaces
-- Up-to-date: /workspaces/template_ws/workspace_1/install/ros2_interfaces/local/lib/python3.10/dist-packages/ros2_interfaces/srv
-- Up-to-date: /workspaces/template_ws/workspace_1/install/ros2_interfaces/local/lib/python3.10/dist-packages/ros2_interfaces/srv/_add_two_ints.py
-- Up-to-date: /workspaces/template_ws/workspace_1/install/ros2_interfaces/local/lib/python3.10/dist-packages/ros2_interfaces/srv/_add_two_ints_s.c
-- Up-to-date: /workspaces/template_ws/workspace_1/install/ros2_interfaces/local/lib/python3.10/dist-packages/ros2_interfaces/srv/__init__.py
-- Up-to-date: /workspaces/template_ws/workspace_1/install/ros2_interfaces/local/lib/python3.10/dist-packages/ros2_interfaces/action
-- Up-to-date: /workspaces/template_ws/workspace_1/install/ros2_interfaces/local/lib/python3.10/dist-packages/ros2_interfaces/action/_fibonacci_s.c
-- Up-to-date: /workspaces/template_ws/workspace_1/install/ros2_interfaces/local/lib/python3.10/dist-packages/ros2_interfaces/action/_fibonacci.py
-- Up-to-date: /workspaces/template_ws/workspace_1/install/ros2_interfaces/local/lib/python3.10/dist-packages/ros2_interfaces/action/__init__.py
-- Up-to-date: /workspaces/template_ws/workspace_1/install/ros2_interfaces/local/lib/python3.10/dist-packages/ros2_interfaces/_ros2_interfaces_s.ep.rosidl_typesupport_fastrtps_c.c
-- Up-to-date: /workspaces/template_ws/workspace_1/install/ros2_interfaces/local/lib/python3.10/dist-packages/ros2_interfaces/_ros2_interfaces_s.ep.rosidl_typesupport_introspection_c.c
-- Up-to-date: /workspaces/template_ws/workspace_1/install/ros2_interfaces/local/lib/python3.10/dist-packages/ros2_interfaces/_ros2_interfaces_s.ep.rosidl_typesupport_c.c
-- Up-to-date: /workspaces/template_ws/workspace_1/install/ros2_interfaces/local/lib/python3.10/dist-packages/ros2_interfaces/ros2_interfaces_s__rosidl_typesupport_fastrtps_c.cpython-310-x86_64-linux-gnu.so
-- Up-to-date: /workspaces/template_ws/workspace_1/install/ros2_interfaces/local/lib/python3.10/dist-packages/ros2_interfaces/ros2_interfaces_s__rosidl_typesupport_c.cpython-310-x86_64-linux-gnu.so
-- Up-to-date: /workspaces/template_ws/workspace_1/install/ros2_interfaces/local/lib/python3.10/dist-packages/ros2_interfaces/libros2_interfaces__rosidl_generator_py.so
-- Up-to-date: /workspaces/template_ws/workspace_1/install/ros2_interfaces/local/lib/python3.10/dist-packages/ros2_interfaces/__init__.py
-- Up-to-date: /workspaces/template_ws/workspace_1/install/ros2_interfaces/local/lib/python3.10/dist-packages/ros2_interfaces/ros2_interfaces_s__rosidl_typesupport_introspection_c.cpython-310-x86_64-linux-gnu.so
-- Up-to-date: /workspaces/template_ws/workspace_1/install/ros2_interfaces/local/lib/python3.10/dist-packages/ros2_interfaces/msg
-- Up-to-date: /workspaces/template_ws/workspace_1/install/ros2_interfaces/local/lib/python3.10/dist-packages/ros2_interfaces/msg/_num_s.c
-- Up-to-date: /workspaces/template_ws/workspace_1/install/ros2_interfaces/local/lib/python3.10/dist-packages/ros2_interfaces/msg/_num.py
-- Up-to-date: /workspaces/template_ws/workspace_1/install/ros2_interfaces/local/lib/python3.10/dist-packages/ros2_interfaces/msg/__init__.py
Listing '/workspaces/template_ws/workspace_1/install/ros2_interfaces/local/lib/python3.10/dist-packages/ros2_interfaces'...
Listing '/workspaces/template_ws/workspace_1/install/ros2_interfaces/local/lib/python3.10/dist-packages/ros2_interfaces/action'...
Listing '/workspaces/template_ws/workspace_1/install/ros2_interfaces/local/lib/python3.10/dist-packages/ros2_interfaces/msg'...
Listing '/workspaces/template_ws/workspace_1/install/ros2_interfaces/local/lib/python3.10/dist-packages/ros2_interfaces/srv'...
-- Up-to-date: /workspaces/template_ws/workspace_1/install/ros2_interfaces/local/lib/python3.10/dist-packages/ros2_interfaces/ros2_interfaces_s__rosidl_typesupport_fastrtps_c.cpython-310-x86_64-linux-gnu.so
-- Up-to-date: /workspaces/template_ws/workspace_1/install/ros2_interfaces/local/lib/python3.10/dist-packages/ros2_interfaces/ros2_interfaces_s__rosidl_typesupport_introspection_c.cpython-310-x86_64-linux-gnu.so
-- Up-to-date: /workspaces/template_ws/workspace_1/install/ros2_interfaces/local/lib/python3.10/dist-packages/ros2_interfaces/ros2_interfaces_s__rosidl_typesupport_c.cpython-310-x86_64-linux-gnu.so
-- Up-to-date: /workspaces/template_ws/workspace_1/install/ros2_interfaces/lib/libros2_interfaces__rosidl_generator_py.so
-- Up-to-date: /workspaces/template_ws/workspace_1/install/ros2_interfaces/share/ros2_interfaces/msg/Num.idl
-- Up-to-date: /workspaces/template_ws/workspace_1/install/ros2_interfaces/share/ros2_interfaces/srv/AddTwoInts.idl
-- Up-to-date: /workspaces/template_ws/workspace_1/install/ros2_interfaces/share/ros2_interfaces/action/Fibonacci.idl
-- Up-to-date: /workspaces/template_ws/workspace_1/install/ros2_interfaces/share/ros2_interfaces/msg/Num.msg
-- Up-to-date: /workspaces/template_ws/workspace_1/install/ros2_interfaces/share/ros2_interfaces/srv/AddTwoInts.srv
-- Up-to-date: /workspaces/template_ws/workspace_1/install/ros2_interfaces/share/ros2_interfaces/srv/AddTwoInts_Request.msg
-- Up-to-date: /workspaces/template_ws/workspace_1/install/ros2_interfaces/share/ros2_interfaces/srv/AddTwoInts_Response.msg
-- Up-to-date: /workspaces/template_ws/workspace_1/install/ros2_interfaces/share/ros2_interfaces/action/Fibonacci.action
-- Up-to-date: /workspaces/template_ws/workspace_1/install/ros2_interfaces/share/ament_index/resource_index/package_run_dependencies/ros2_interfaces
-- Up-to-date: /workspaces/template_ws/workspace_1/install/ros2_interfaces/share/ament_index/resource_index/parent_prefix_path/ros2_interfaces
-- Up-to-date: /workspaces/template_ws/workspace_1/install/ros2_interfaces/share/ros2_interfaces/environment/ament_prefix_path.sh
-- Up-to-date: /workspaces/template_ws/workspace_1/install/ros2_interfaces/share/ros2_interfaces/environment/ament_prefix_path.dsv
-- Up-to-date: /workspaces/template_ws/workspace_1/install/ros2_interfaces/share/ros2_interfaces/environment/path.sh
-- Up-to-date: /workspaces/template_ws/workspace_1/install/ros2_interfaces/share/ros2_interfaces/environment/path.dsv
-- Up-to-date: /workspaces/template_ws/workspace_1/install/ros2_interfaces/share/ros2_interfaces/local_setup.bash
-- Up-to-date: /workspaces/template_ws/workspace_1/install/ros2_interfaces/share/ros2_interfaces/local_setup.sh
-- Up-to-date: /workspaces/template_ws/workspace_1/install/ros2_interfaces/share/ros2_interfaces/local_setup.zsh
-- Up-to-date: /workspaces/template_ws/workspace_1/install/ros2_interfaces/share/ros2_interfaces/local_setup.dsv
-- Installing: /workspaces/template_ws/workspace_1/install/ros2_interfaces/share/ros2_interfaces/package.dsv
-- Up-to-date: /workspaces/template_ws/workspace_1/install/ros2_interfaces/share/ament_index/resource_index/packages/ros2_interfaces
-- Up-to-date: /workspaces/template_ws/workspace_1/install/ros2_interfaces/share/ros2_interfaces/cmake/export_ros2_interfaces__rosidl_generator_cExport.cmake
-- Up-to-date: /workspaces/template_ws/workspace_1/install/ros2_interfaces/share/ros2_interfaces/cmake/export_ros2_interfaces__rosidl_generator_cExport-noconfig.cmake
-- Up-to-date: /workspaces/template_ws/workspace_1/install/ros2_interfaces/share/ros2_interfaces/cmake/export_ros2_interfaces__rosidl_typesupport_fastrtps_cExport.cmake
-- Up-to-date: /workspaces/template_ws/workspace_1/install/ros2_interfaces/share/ros2_interfaces/cmake/export_ros2_interfaces__rosidl_typesupport_fastrtps_cExport-noconfig.cmake
-- Up-to-date: /workspaces/template_ws/workspace_1/install/ros2_interfaces/share/ros2_interfaces/cmake/ros2_interfaces__rosidl_typesupport_introspection_cExport.cmake
-- Up-to-date: /workspaces/template_ws/workspace_1/install/ros2_interfaces/share/ros2_interfaces/cmake/ros2_interfaces__rosidl_typesupport_introspection_cExport-noconfig.cmake
-- Up-to-date: /workspaces/template_ws/workspace_1/install/ros2_interfaces/share/ros2_interfaces/cmake/ros2_interfaces__rosidl_typesupport_cExport.cmake
-- Up-to-date: /workspaces/template_ws/workspace_1/install/ros2_interfaces/share/ros2_interfaces/cmake/ros2_interfaces__rosidl_typesupport_cExport-noconfig.cmake
-- Up-to-date: /workspaces/template_ws/workspace_1/install/ros2_interfaces/share/ros2_interfaces/cmake/export_ros2_interfaces__rosidl_generator_cppExport.cmake
-- Up-to-date: /workspaces/template_ws/workspace_1/install/ros2_interfaces/share/ros2_interfaces/cmake/export_ros2_interfaces__rosidl_typesupport_fastrtps_cppExport.cmake
-- Up-to-date: /workspaces/template_ws/workspace_1/install/ros2_interfaces/share/ros2_interfaces/cmake/export_ros2_interfaces__rosidl_typesupport_fastrtps_cppExport-noconfig.cmake
-- Up-to-date: /workspaces/template_ws/workspace_1/install/ros2_interfaces/share/ros2_interfaces/cmake/ros2_interfaces__rosidl_typesupport_introspection_cppExport.cmake
-- Up-to-date: /workspaces/template_ws/workspace_1/install/ros2_interfaces/share/ros2_interfaces/cmake/ros2_interfaces__rosidl_typesupport_introspection_cppExport-noconfig.cmake
-- Up-to-date: /workspaces/template_ws/workspace_1/install/ros2_interfaces/share/ros2_interfaces/cmake/ros2_interfaces__rosidl_typesupport_cppExport.cmake
-- Up-to-date: /workspaces/template_ws/workspace_1/install/ros2_interfaces/share/ros2_interfaces/cmake/ros2_interfaces__rosidl_typesupport_cppExport-noconfig.cmake
-- Up-to-date: /workspaces/template_ws/workspace_1/install/ros2_interfaces/share/ros2_interfaces/cmake/export_ros2_interfaces__rosidl_generator_pyExport.cmake
-- Up-to-date: /workspaces/template_ws/workspace_1/install/ros2_interfaces/share/ros2_interfaces/cmake/export_ros2_interfaces__rosidl_generator_pyExport-noconfig.cmake
-- Up-to-date: /workspaces/template_ws/workspace_1/install/ros2_interfaces/share/ros2_interfaces/cmake/rosidl_cmake-extras.cmake
-- Up-to-date: /workspaces/template_ws/workspace_1/install/ros2_interfaces/share/ros2_interfaces/cmake/ament_cmake_export_dependencies-extras.cmake
-- Up-to-date: /workspaces/template_ws/workspace_1/install/ros2_interfaces/share/ros2_interfaces/cmake/ament_cmake_export_include_directories-extras.cmake
-- Up-to-date: /workspaces/template_ws/workspace_1/install/ros2_interfaces/share/ros2_interfaces/cmake/ament_cmake_export_libraries-extras.cmake
-- Up-to-date: /workspaces/template_ws/workspace_1/install/ros2_interfaces/share/ros2_interfaces/cmake/ament_cmake_export_targets-extras.cmake
-- Up-to-date: /workspaces/template_ws/workspace_1/install/ros2_interfaces/share/ros2_interfaces/cmake/rosidl_cmake_export_typesupport_targets-extras.cmake
-- Up-to-date: /workspaces/template_ws/workspace_1/install/ros2_interfaces/share/ros2_interfaces/cmake/rosidl_cmake_export_typesupport_libraries-extras.cmake
-- Up-to-date: /workspaces/template_ws/workspace_1/install/ros2_interfaces/share/ros2_interfaces/cmake/ros2_interfacesConfig.cmake
-- Up-to-date: /workspaces/template_ws/workspace_1/install/ros2_interfaces/share/ros2_interfaces/cmake/ros2_interfacesConfig-version.cmake
-- Up-to-date: /workspaces/template_ws/workspace_1/install/ros2_interfaces/share/ros2_interfaces/package.xml
