[0.039s] Invoking command in '/workspaces/template_ws/workspace_1/build/ros2_interfaces': CMAKE_PREFIX_PATH=/opt/ros/humble /usr/bin/cmake --build /workspaces/template_ws/workspace_1/build/ros2_interfaces -- -j16 -l16
[0.087s] [  6%] Built target ros2_interfaces__cpp
[0.087s] [ 12%] Built target ros2_interfaces__rosidl_generator_c
[0.095s] [ 12%] Built target ament_cmake_python_copy_ros2_interfaces
[0.105s] [ 65%] Built target ros2_interfaces__rosidl_typesupport_cpp
[0.105s] [ 65%] Built target ros2_interfaces__rosidl_typesupport_fastrtps_c
[0.105s] [ 65%] Built target ros2_interfaces__rosidl_typesupport_introspection_c
[0.106s] [ 65%] Built target ros2_interfaces__rosidl_typesupport_fastrtps_cpp
[0.106s] [ 65%] Built target ros2_interfaces__rosidl_typesupport_c
[0.108s] [ 76%] Built target ros2_interfaces__rosidl_typesupport_introspection_cpp
[0.121s] [ 76%] Built target ros2_interfaces
[0.137s] [ 78%] Built target ros2_interfaces__py
[0.158s] [ 87%] Built target ros2_interfaces__rosidl_generator_py
[0.178s] [ 97%] Built target ros2_interfaces__rosidl_typesupport_introspection_c__pyext
[0.178s] [ 97%] Built target ros2_interfaces__rosidl_typesupport_fastrtps_c__pyext
[0.178s] [100%] Built target ros2_interfaces__rosidl_typesupport_c__pyext
[0.271s] running egg_info
[0.271s] writing ros2_interfaces.egg-info/PKG-INFO
[0.272s] writing dependency_links to ros2_interfaces.egg-info/dependency_links.txt
[0.272s] writing top-level names to ros2_interfaces.egg-info/top_level.txt
[0.273s] reading manifest file 'ros2_interfaces.egg-info/SOURCES.txt'
[0.274s] writing manifest file 'ros2_interfaces.egg-info/SOURCES.txt'
[0.292s] [100%] Built target ament_cmake_python_build_ros2_interfaces_egg
[0.299s] Invoked command in '/workspaces/template_ws/workspace_1/build/ros2_interfaces' returned '0': CMAKE_PREFIX_PATH=/opt/ros/humble /usr/bin/cmake --build /workspaces/template_ws/workspace_1/build/ros2_interfaces -- -j16 -l16
[0.362s] Invoking command in '/workspaces/template_ws/workspace_1/build/ros2_interfaces': CMAKE_PREFIX_PATH=/opt/ros/humble /usr/bin/cmake --install /workspaces/template_ws/workspace_1/build/ros2_interfaces
[0.367s] -- Install configuration: ""
[0.368s] -- Up-to-date: /workspaces/template_ws/workspace_1/install/ros2_interfaces/share/ament_index/resource_index/rosidl_interfaces/ros2_interfaces
[0.368s] -- Up-to-date: /workspaces/template_ws/workspace_1/install/ros2_interfaces/include/ros2_interfaces/ros2_interfaces
[0.368s] -- Up-to-date: /workspaces/template_ws/workspace_1/install/ros2_interfaces/include/ros2_interfaces/ros2_interfaces/srv
[0.368s] -- Up-to-date: /workspaces/template_ws/workspace_1/install/ros2_interfaces/include/ros2_interfaces/ros2_interfaces/srv/detail
[0.368s] -- Up-to-date: /workspaces/template_ws/workspace_1/install/ros2_interfaces/include/ros2_interfaces/ros2_interfaces/srv/detail/add_two_ints__struct.h
[0.368s] -- Up-to-date: /workspaces/template_ws/workspace_1/install/ros2_interfaces/include/ros2_interfaces/ros2_interfaces/srv/detail/add_two_ints__type_support.h
[0.368s] -- Up-to-date: /workspaces/template_ws/workspace_1/install/ros2_interfaces/include/ros2_interfaces/ros2_interfaces/srv/detail/add_two_ints__functions.c
[0.368s] -- Up-to-date: /workspaces/template_ws/workspace_1/install/ros2_interfaces/include/ros2_interfaces/ros2_interfaces/srv/detail/add_two_ints__functions.h
[0.368s] -- Up-to-date: /workspaces/template_ws/workspace_1/install/ros2_interfaces/include/ros2_interfaces/ros2_interfaces/srv/add_two_ints.h
[0.368s] -- Up-to-date: /workspaces/template_ws/workspace_1/install/ros2_interfaces/include/ros2_interfaces/ros2_interfaces/action
[0.368s] -- Up-to-date: /workspaces/template_ws/workspace_1/install/ros2_interfaces/include/ros2_interfaces/ros2_interfaces/action/detail
[0.368s] -- Up-to-date: /workspaces/template_ws/workspace_1/install/ros2_interfaces/include/ros2_interfaces/ros2_interfaces/action/detail/fibonacci__functions.c
[0.369s] -- Up-to-date: /workspaces/template_ws/workspace_1/install/ros2_interfaces/include/ros2_interfaces/ros2_interfaces/action/detail/fibonacci__functions.h
[0.369s] -- Up-to-date: /workspaces/template_ws/workspace_1/install/ros2_interfaces/include/ros2_interfaces/ros2_interfaces/action/detail/fibonacci__type_support.h
[0.369s] -- Up-to-date: /workspaces/template_ws/workspace_1/install/ros2_interfaces/include/ros2_interfaces/ros2_interfaces/action/detail/fibonacci__struct.h
[0.369s] -- Up-to-date: /workspaces/template_ws/workspace_1/install/ros2_interfaces/include/ros2_interfaces/ros2_interfaces/action/fibonacci.h
[0.369s] -- Up-to-date: /workspaces/template_ws/workspace_1/install/ros2_interfaces/include/ros2_interfaces/ros2_interfaces/msg
[0.369s] -- Up-to-date: /workspaces/template_ws/workspace_1/install/ros2_interfaces/include/ros2_interfaces/ros2_interfaces/msg/detail
[0.369s] -- Up-to-date: /workspaces/template_ws/workspace_1/install/ros2_interfaces/include/ros2_interfaces/ros2_interfaces/msg/detail/num__functions.h
[0.369s] -- Up-to-date: /workspaces/template_ws/workspace_1/install/ros2_interfaces/include/ros2_interfaces/ros2_interfaces/msg/detail/num__type_support.h
[0.369s] -- Up-to-date: /workspaces/template_ws/workspace_1/install/ros2_interfaces/include/ros2_interfaces/ros2_interfaces/msg/detail/num__functions.c
[0.369s] -- Up-to-date: /workspaces/template_ws/workspace_1/install/ros2_interfaces/include/ros2_interfaces/ros2_interfaces/msg/detail/num__struct.h
[0.369s] -- Up-to-date: /workspaces/template_ws/workspace_1/install/ros2_interfaces/include/ros2_interfaces/ros2_interfaces/msg/rosidl_generator_c__visibility_control.h
[0.370s] -- Up-to-date: /workspaces/template_ws/workspace_1/install/ros2_interfaces/include/ros2_interfaces/ros2_interfaces/msg/num.h
[0.370s] -- Up-to-date: /workspaces/template_ws/workspace_1/install/ros2_interfaces/share/ros2_interfaces/environment/library_path.sh
[0.370s] -- Up-to-date: /workspaces/template_ws/workspace_1/install/ros2_interfaces/share/ros2_interfaces/environment/library_path.dsv
[0.370s] -- Up-to-date: /workspaces/template_ws/workspace_1/install/ros2_interfaces/lib/libros2_interfaces__rosidl_generator_c.so
[0.370s] -- Up-to-date: /workspaces/template_ws/workspace_1/install/ros2_interfaces/include/ros2_interfaces/ros2_interfaces
[0.370s] -- Up-to-date: /workspaces/template_ws/workspace_1/install/ros2_interfaces/include/ros2_interfaces/ros2_interfaces/srv
[0.370s] -- Up-to-date: /workspaces/template_ws/workspace_1/install/ros2_interfaces/include/ros2_interfaces/ros2_interfaces/srv/detail
[0.370s] -- Up-to-date: /workspaces/template_ws/workspace_1/install/ros2_interfaces/include/ros2_interfaces/ros2_interfaces/srv/detail/add_two_ints__rosidl_typesupport_fastrtps_c.h
[0.370s] -- Up-to-date: /workspaces/template_ws/workspace_1/install/ros2_interfaces/include/ros2_interfaces/ros2_interfaces/action
[0.370s] -- Up-to-date: /workspaces/template_ws/workspace_1/install/ros2_interfaces/include/ros2_interfaces/ros2_interfaces/action/detail
[0.370s] -- Up-to-date: /workspaces/template_ws/workspace_1/install/ros2_interfaces/include/ros2_interfaces/ros2_interfaces/action/detail/fibonacci__rosidl_typesupport_fastrtps_c.h
[0.370s] -- Up-to-date: /workspaces/template_ws/workspace_1/install/ros2_interfaces/include/ros2_interfaces/ros2_interfaces/msg
[0.370s] -- Up-to-date: /workspaces/template_ws/workspace_1/install/ros2_interfaces/include/ros2_interfaces/ros2_interfaces/msg/detail
[0.370s] -- Up-to-date: /workspaces/template_ws/workspace_1/install/ros2_interfaces/include/ros2_interfaces/ros2_interfaces/msg/detail/num__rosidl_typesupport_fastrtps_c.h
[0.370s] -- Up-to-date: /workspaces/template_ws/workspace_1/install/ros2_interfaces/include/ros2_interfaces/ros2_interfaces/msg/rosidl_typesupport_fastrtps_c__visibility_control.h
[0.370s] -- Up-to-date: /workspaces/template_ws/workspace_1/install/ros2_interfaces/lib/libros2_interfaces__rosidl_typesupport_fastrtps_c.so
[0.370s] -- Up-to-date: /workspaces/template_ws/workspace_1/install/ros2_interfaces/include/ros2_interfaces/ros2_interfaces
[0.371s] -- Up-to-date: /workspaces/template_ws/workspace_1/install/ros2_interfaces/include/ros2_interfaces/ros2_interfaces/srv
[0.371s] -- Up-to-date: /workspaces/template_ws/workspace_1/install/ros2_interfaces/include/ros2_interfaces/ros2_interfaces/srv/detail
[0.371s] -- Up-to-date: /workspaces/template_ws/workspace_1/install/ros2_interfaces/include/ros2_interfaces/ros2_interfaces/srv/detail/add_two_ints__type_support.c
[0.371s] -- Up-to-date: /workspaces/template_ws/workspace_1/install/ros2_interfaces/include/ros2_interfaces/ros2_interfaces/srv/detail/add_two_ints__rosidl_typesupport_introspection_c.h
[0.371s] -- Up-to-date: /workspaces/template_ws/workspace_1/install/ros2_interfaces/include/ros2_interfaces/ros2_interfaces/action
[0.371s] -- Up-to-date: /workspaces/template_ws/workspace_1/install/ros2_interfaces/include/ros2_interfaces/ros2_interfaces/action/detail
[0.371s] -- Up-to-date: /workspaces/template_ws/workspace_1/install/ros2_interfaces/include/ros2_interfaces/ros2_interfaces/action/detail/fibonacci__type_support.c
[0.371s] -- Up-to-date: /workspaces/template_ws/workspace_1/install/ros2_interfaces/include/ros2_interfaces/ros2_interfaces/action/detail/fibonacci__rosidl_typesupport_introspection_c.h
[0.371s] -- Up-to-date: /workspaces/template_ws/workspace_1/install/ros2_interfaces/include/ros2_interfaces/ros2_interfaces/msg
[0.371s] -- Up-to-date: /workspaces/template_ws/workspace_1/install/ros2_interfaces/include/ros2_interfaces/ros2_interfaces/msg/rosidl_typesupport_introspection_c__visibility_control.h
[0.371s] -- Up-to-date: /workspaces/template_ws/workspace_1/install/ros2_interfaces/include/ros2_interfaces/ros2_interfaces/msg/detail
[0.371s] -- Up-to-date: /workspaces/template_ws/workspace_1/install/ros2_interfaces/include/ros2_interfaces/ros2_interfaces/msg/detail/num__rosidl_typesupport_introspection_c.h
[0.371s] -- Up-to-date: /workspaces/template_ws/workspace_1/install/ros2_interfaces/include/ros2_interfaces/ros2_interfaces/msg/detail/num__type_support.c
[0.371s] -- Up-to-date: /workspaces/template_ws/workspace_1/install/ros2_interfaces/lib/libros2_interfaces__rosidl_typesupport_introspection_c.so
[0.371s] -- Up-to-date: /workspaces/template_ws/workspace_1/install/ros2_interfaces/lib/libros2_interfaces__rosidl_typesupport_c.so
[0.371s] -- Up-to-date: /workspaces/template_ws/workspace_1/install/ros2_interfaces/include/ros2_interfaces/ros2_interfaces
[0.371s] -- Up-to-date: /workspaces/template_ws/workspace_1/install/ros2_interfaces/include/ros2_interfaces/ros2_interfaces/srv
[0.371s] -- Up-to-date: /workspaces/template_ws/workspace_1/install/ros2_interfaces/include/ros2_interfaces/ros2_interfaces/srv/add_two_ints.hpp
[0.372s] -- Up-to-date: /workspaces/template_ws/workspace_1/install/ros2_interfaces/include/ros2_interfaces/ros2_interfaces/srv/detail
[0.372s] -- Up-to-date: /workspaces/template_ws/workspace_1/install/ros2_interfaces/include/ros2_interfaces/ros2_interfaces/srv/detail/add_two_ints__struct.hpp
[0.372s] -- Up-to-date: /workspaces/template_ws/workspace_1/install/ros2_interfaces/include/ros2_interfaces/ros2_interfaces/srv/detail/add_two_ints__traits.hpp
[0.372s] -- Up-to-date: /workspaces/template_ws/workspace_1/install/ros2_interfaces/include/ros2_interfaces/ros2_interfaces/srv/detail/add_two_ints__builder.hpp
[0.372s] -- Up-to-date: /workspaces/template_ws/workspace_1/install/ros2_interfaces/include/ros2_interfaces/ros2_interfaces/action
[0.372s] -- Up-to-date: /workspaces/template_ws/workspace_1/install/ros2_interfaces/include/ros2_interfaces/ros2_interfaces/action/fibonacci.hpp
[0.372s] -- Up-to-date: /workspaces/template_ws/workspace_1/install/ros2_interfaces/include/ros2_interfaces/ros2_interfaces/action/detail
[0.372s] -- Up-to-date: /workspaces/template_ws/workspace_1/install/ros2_interfaces/include/ros2_interfaces/ros2_interfaces/action/detail/fibonacci__builder.hpp
[0.372s] -- Up-to-date: /workspaces/template_ws/workspace_1/install/ros2_interfaces/include/ros2_interfaces/ros2_interfaces/action/detail/fibonacci__struct.hpp
[0.372s] -- Up-to-date: /workspaces/template_ws/workspace_1/install/ros2_interfaces/include/ros2_interfaces/ros2_interfaces/action/detail/fibonacci__traits.hpp
[0.372s] -- Up-to-date: /workspaces/template_ws/workspace_1/install/ros2_interfaces/include/ros2_interfaces/ros2_interfaces/msg
[0.372s] -- Up-to-date: /workspaces/template_ws/workspace_1/install/ros2_interfaces/include/ros2_interfaces/ros2_interfaces/msg/detail
[0.372s] -- Up-to-date: /workspaces/template_ws/workspace_1/install/ros2_interfaces/include/ros2_interfaces/ros2_interfaces/msg/detail/num__traits.hpp
[0.372s] -- Up-to-date: /workspaces/template_ws/workspace_1/install/ros2_interfaces/include/ros2_interfaces/ros2_interfaces/msg/detail/num__struct.hpp
[0.372s] -- Up-to-date: /workspaces/template_ws/workspace_1/install/ros2_interfaces/include/ros2_interfaces/ros2_interfaces/msg/detail/num__builder.hpp
[0.372s] -- Up-to-date: /workspaces/template_ws/workspace_1/install/ros2_interfaces/include/ros2_interfaces/ros2_interfaces/msg/num.hpp
[0.372s] -- Up-to-date: /workspaces/template_ws/workspace_1/install/ros2_interfaces/include/ros2_interfaces/ros2_interfaces
[0.372s] -- Up-to-date: /workspaces/template_ws/workspace_1/install/ros2_interfaces/include/ros2_interfaces/ros2_interfaces/srv
[0.372s] -- Up-to-date: /workspaces/template_ws/workspace_1/install/ros2_interfaces/include/ros2_interfaces/ros2_interfaces/srv/detail
[0.372s] -- Up-to-date: /workspaces/template_ws/workspace_1/install/ros2_interfaces/include/ros2_interfaces/ros2_interfaces/srv/detail/dds_fastrtps
[0.372s] -- Up-to-date: /workspaces/template_ws/workspace_1/install/ros2_interfaces/include/ros2_interfaces/ros2_interfaces/srv/detail/add_two_ints__rosidl_typesupport_fastrtps_cpp.hpp
[0.373s] -- Up-to-date: /workspaces/template_ws/workspace_1/install/ros2_interfaces/include/ros2_interfaces/ros2_interfaces/action
[0.373s] -- Up-to-date: /workspaces/template_ws/workspace_1/install/ros2_interfaces/include/ros2_interfaces/ros2_interfaces/action/detail
[0.373s] -- Up-to-date: /workspaces/template_ws/workspace_1/install/ros2_interfaces/include/ros2_interfaces/ros2_interfaces/action/detail/dds_fastrtps
[0.373s] -- Up-to-date: /workspaces/template_ws/workspace_1/install/ros2_interfaces/include/ros2_interfaces/ros2_interfaces/action/detail/fibonacci__rosidl_typesupport_fastrtps_cpp.hpp
[0.373s] -- Up-to-date: /workspaces/template_ws/workspace_1/install/ros2_interfaces/include/ros2_interfaces/ros2_interfaces/msg
[0.373s] -- Up-to-date: /workspaces/template_ws/workspace_1/install/ros2_interfaces/include/ros2_interfaces/ros2_interfaces/msg/detail
[0.373s] -- Up-to-date: /workspaces/template_ws/workspace_1/install/ros2_interfaces/include/ros2_interfaces/ros2_interfaces/msg/detail/dds_fastrtps
[0.373s] -- Up-to-date: /workspaces/template_ws/workspace_1/install/ros2_interfaces/include/ros2_interfaces/ros2_interfaces/msg/detail/num__rosidl_typesupport_fastrtps_cpp.hpp
[0.373s] -- Up-to-date: /workspaces/template_ws/workspace_1/install/ros2_interfaces/include/ros2_interfaces/ros2_interfaces/msg/rosidl_typesupport_fastrtps_cpp__visibility_control.h
[0.373s] -- Up-to-date: /workspaces/template_ws/workspace_1/install/ros2_interfaces/lib/libros2_interfaces__rosidl_typesupport_fastrtps_cpp.so
[0.373s] -- Up-to-date: /workspaces/template_ws/workspace_1/install/ros2_interfaces/include/ros2_interfaces/ros2_interfaces
[0.373s] -- Up-to-date: /workspaces/template_ws/workspace_1/install/ros2_interfaces/include/ros2_interfaces/ros2_interfaces/srv
[0.373s] -- Up-to-date: /workspaces/template_ws/workspace_1/install/ros2_interfaces/include/ros2_interfaces/ros2_interfaces/srv/detail
[0.373s] -- Up-to-date: /workspaces/template_ws/workspace_1/install/ros2_interfaces/include/ros2_interfaces/ros2_interfaces/srv/detail/add_two_ints__rosidl_typesupport_introspection_cpp.hpp
[0.373s] -- Up-to-date: /workspaces/template_ws/workspace_1/install/ros2_interfaces/include/ros2_interfaces/ros2_interfaces/srv/detail/add_two_ints__type_support.cpp
[0.373s] -- Up-to-date: /workspaces/template_ws/workspace_1/install/ros2_interfaces/include/ros2_interfaces/ros2_interfaces/action
[0.373s] -- Up-to-date: /workspaces/template_ws/workspace_1/install/ros2_interfaces/include/ros2_interfaces/ros2_interfaces/action/detail
[0.373s] -- Up-to-date: /workspaces/template_ws/workspace_1/install/ros2_interfaces/include/ros2_interfaces/ros2_interfaces/action/detail/fibonacci__type_support.cpp
[0.373s] -- Up-to-date: /workspaces/template_ws/workspace_1/install/ros2_interfaces/include/ros2_interfaces/ros2_interfaces/action/detail/fibonacci__rosidl_typesupport_introspection_cpp.hpp
[0.374s] -- Up-to-date: /workspaces/template_ws/workspace_1/install/ros2_interfaces/include/ros2_interfaces/ros2_interfaces/msg
[0.374s] -- Up-to-date: /workspaces/template_ws/workspace_1/install/ros2_interfaces/include/ros2_interfaces/ros2_interfaces/msg/detail
[0.374s] -- Up-to-date: /workspaces/template_ws/workspace_1/install/ros2_interfaces/include/ros2_interfaces/ros2_interfaces/msg/detail/num__type_support.cpp
[0.374s] -- Up-to-date: /workspaces/template_ws/workspace_1/install/ros2_interfaces/include/ros2_interfaces/ros2_interfaces/msg/detail/num__rosidl_typesupport_introspection_cpp.hpp
[0.374s] -- Up-to-date: /workspaces/template_ws/workspace_1/install/ros2_interfaces/lib/libros2_interfaces__rosidl_typesupport_introspection_cpp.so
[0.374s] -- Up-to-date: /workspaces/template_ws/workspace_1/install/ros2_interfaces/lib/libros2_interfaces__rosidl_typesupport_cpp.so
[0.374s] -- Up-to-date: /workspaces/template_ws/workspace_1/install/ros2_interfaces/share/ros2_interfaces/environment/pythonpath.sh
[0.374s] -- Up-to-date: /workspaces/template_ws/workspace_1/install/ros2_interfaces/share/ros2_interfaces/environment/pythonpath.dsv
[0.374s] -- Up-to-date: /workspaces/template_ws/workspace_1/install/ros2_interfaces/local/lib/python3.10/dist-packages/ros2_interfaces-0.0.0-py3.10.egg-info
[0.374s] -- Installing: /workspaces/template_ws/workspace_1/install/ros2_interfaces/local/lib/python3.10/dist-packages/ros2_interfaces-0.0.0-py3.10.egg-info/dependency_links.txt
[0.374s] -- Installing: /workspaces/template_ws/workspace_1/install/ros2_interfaces/local/lib/python3.10/dist-packages/ros2_interfaces-0.0.0-py3.10.egg-info/top_level.txt
[0.374s] -- Installing: /workspaces/template_ws/workspace_1/install/ros2_interfaces/local/lib/python3.10/dist-packages/ros2_interfaces-0.0.0-py3.10.egg-info/PKG-INFO
[0.374s] -- Installing: /workspaces/template_ws/workspace_1/install/ros2_interfaces/local/lib/python3.10/dist-packages/ros2_interfaces-0.0.0-py3.10.egg-info/SOURCES.txt
[0.374s] -- Up-to-date: /workspaces/template_ws/workspace_1/install/ros2_interfaces/local/lib/python3.10/dist-packages/ros2_interfaces
[0.374s] -- Up-to-date: /workspaces/template_ws/workspace_1/install/ros2_interfaces/local/lib/python3.10/dist-packages/ros2_interfaces/srv
[0.374s] -- Up-to-date: /workspaces/template_ws/workspace_1/install/ros2_interfaces/local/lib/python3.10/dist-packages/ros2_interfaces/srv/_add_two_ints.py
[0.374s] -- Up-to-date: /workspaces/template_ws/workspace_1/install/ros2_interfaces/local/lib/python3.10/dist-packages/ros2_interfaces/srv/_add_two_ints_s.c
[0.374s] -- Up-to-date: /workspaces/template_ws/workspace_1/install/ros2_interfaces/local/lib/python3.10/dist-packages/ros2_interfaces/srv/__init__.py
[0.374s] -- Up-to-date: /workspaces/template_ws/workspace_1/install/ros2_interfaces/local/lib/python3.10/dist-packages/ros2_interfaces/action
[0.374s] -- Up-to-date: /workspaces/template_ws/workspace_1/install/ros2_interfaces/local/lib/python3.10/dist-packages/ros2_interfaces/action/_fibonacci_s.c
[0.375s] -- Up-to-date: /workspaces/template_ws/workspace_1/install/ros2_interfaces/local/lib/python3.10/dist-packages/ros2_interfaces/action/_fibonacci.py
[0.375s] -- Up-to-date: /workspaces/template_ws/workspace_1/install/ros2_interfaces/local/lib/python3.10/dist-packages/ros2_interfaces/action/__init__.py
[0.375s] -- Up-to-date: /workspaces/template_ws/workspace_1/install/ros2_interfaces/local/lib/python3.10/dist-packages/ros2_interfaces/_ros2_interfaces_s.ep.rosidl_typesupport_fastrtps_c.c
[0.375s] -- Up-to-date: /workspaces/template_ws/workspace_1/install/ros2_interfaces/local/lib/python3.10/dist-packages/ros2_interfaces/_ros2_interfaces_s.ep.rosidl_typesupport_introspection_c.c
[0.375s] -- Up-to-date: /workspaces/template_ws/workspace_1/install/ros2_interfaces/local/lib/python3.10/dist-packages/ros2_interfaces/_ros2_interfaces_s.ep.rosidl_typesupport_c.c
[0.375s] -- Up-to-date: /workspaces/template_ws/workspace_1/install/ros2_interfaces/local/lib/python3.10/dist-packages/ros2_interfaces/ros2_interfaces_s__rosidl_typesupport_fastrtps_c.cpython-310-x86_64-linux-gnu.so
[0.375s] -- Up-to-date: /workspaces/template_ws/workspace_1/install/ros2_interfaces/local/lib/python3.10/dist-packages/ros2_interfaces/ros2_interfaces_s__rosidl_typesupport_c.cpython-310-x86_64-linux-gnu.so
[0.375s] -- Up-to-date: /workspaces/template_ws/workspace_1/install/ros2_interfaces/local/lib/python3.10/dist-packages/ros2_interfaces/libros2_interfaces__rosidl_generator_py.so
[0.375s] -- Up-to-date: /workspaces/template_ws/workspace_1/install/ros2_interfaces/local/lib/python3.10/dist-packages/ros2_interfaces/__init__.py
[0.375s] -- Up-to-date: /workspaces/template_ws/workspace_1/install/ros2_interfaces/local/lib/python3.10/dist-packages/ros2_interfaces/ros2_interfaces_s__rosidl_typesupport_introspection_c.cpython-310-x86_64-linux-gnu.so
[0.375s] -- Up-to-date: /workspaces/template_ws/workspace_1/install/ros2_interfaces/local/lib/python3.10/dist-packages/ros2_interfaces/msg
[0.375s] -- Up-to-date: /workspaces/template_ws/workspace_1/install/ros2_interfaces/local/lib/python3.10/dist-packages/ros2_interfaces/msg/_num_s.c
[0.375s] -- Up-to-date: /workspaces/template_ws/workspace_1/install/ros2_interfaces/local/lib/python3.10/dist-packages/ros2_interfaces/msg/_num.py
[0.375s] -- Up-to-date: /workspaces/template_ws/workspace_1/install/ros2_interfaces/local/lib/python3.10/dist-packages/ros2_interfaces/msg/__init__.py
[0.391s] Listing '/workspaces/template_ws/workspace_1/install/ros2_interfaces/local/lib/python3.10/dist-packages/ros2_interfaces'...
[0.391s] Listing '/workspaces/template_ws/workspace_1/install/ros2_interfaces/local/lib/python3.10/dist-packages/ros2_interfaces/action'...
[0.392s] Listing '/workspaces/template_ws/workspace_1/install/ros2_interfaces/local/lib/python3.10/dist-packages/ros2_interfaces/msg'...
[0.392s] Listing '/workspaces/template_ws/workspace_1/install/ros2_interfaces/local/lib/python3.10/dist-packages/ros2_interfaces/srv'...
[0.394s] -- Up-to-date: /workspaces/template_ws/workspace_1/install/ros2_interfaces/local/lib/python3.10/dist-packages/ros2_interfaces/ros2_interfaces_s__rosidl_typesupport_fastrtps_c.cpython-310-x86_64-linux-gnu.so
[0.395s] -- Up-to-date: /workspaces/template_ws/workspace_1/install/ros2_interfaces/local/lib/python3.10/dist-packages/ros2_interfaces/ros2_interfaces_s__rosidl_typesupport_introspection_c.cpython-310-x86_64-linux-gnu.so
[0.395s] -- Up-to-date: /workspaces/template_ws/workspace_1/install/ros2_interfaces/local/lib/python3.10/dist-packages/ros2_interfaces/ros2_interfaces_s__rosidl_typesupport_c.cpython-310-x86_64-linux-gnu.so
[0.395s] -- Up-to-date: /workspaces/template_ws/workspace_1/install/ros2_interfaces/lib/libros2_interfaces__rosidl_generator_py.so
[0.395s] -- Up-to-date: /workspaces/template_ws/workspace_1/install/ros2_interfaces/share/ros2_interfaces/msg/Num.idl
[0.395s] -- Up-to-date: /workspaces/template_ws/workspace_1/install/ros2_interfaces/share/ros2_interfaces/srv/AddTwoInts.idl
[0.395s] -- Up-to-date: /workspaces/template_ws/workspace_1/install/ros2_interfaces/share/ros2_interfaces/action/Fibonacci.idl
[0.395s] -- Up-to-date: /workspaces/template_ws/workspace_1/install/ros2_interfaces/share/ros2_interfaces/msg/Num.msg
[0.395s] -- Up-to-date: /workspaces/template_ws/workspace_1/install/ros2_interfaces/share/ros2_interfaces/srv/AddTwoInts.srv
[0.395s] -- Up-to-date: /workspaces/template_ws/workspace_1/install/ros2_interfaces/share/ros2_interfaces/srv/AddTwoInts_Request.msg
[0.396s] -- Up-to-date: /workspaces/template_ws/workspace_1/install/ros2_interfaces/share/ros2_interfaces/srv/AddTwoInts_Response.msg
[0.396s] -- Up-to-date: /workspaces/template_ws/workspace_1/install/ros2_interfaces/share/ros2_interfaces/action/Fibonacci.action
[0.396s] -- Up-to-date: /workspaces/template_ws/workspace_1/install/ros2_interfaces/share/ament_index/resource_index/package_run_dependencies/ros2_interfaces
[0.396s] -- Up-to-date: /workspaces/template_ws/workspace_1/install/ros2_interfaces/share/ament_index/resource_index/parent_prefix_path/ros2_interfaces
[0.396s] -- Up-to-date: /workspaces/template_ws/workspace_1/install/ros2_interfaces/share/ros2_interfaces/environment/ament_prefix_path.sh
[0.396s] -- Up-to-date: /workspaces/template_ws/workspace_1/install/ros2_interfaces/share/ros2_interfaces/environment/ament_prefix_path.dsv
[0.396s] -- Up-to-date: /workspaces/template_ws/workspace_1/install/ros2_interfaces/share/ros2_interfaces/environment/path.sh
[0.396s] -- Up-to-date: /workspaces/template_ws/workspace_1/install/ros2_interfaces/share/ros2_interfaces/environment/path.dsv
[0.396s] -- Up-to-date: /workspaces/template_ws/workspace_1/install/ros2_interfaces/share/ros2_interfaces/local_setup.bash
[0.396s] -- Up-to-date: /workspaces/template_ws/workspace_1/install/ros2_interfaces/share/ros2_interfaces/local_setup.sh
[0.396s] -- Up-to-date: /workspaces/template_ws/workspace_1/install/ros2_interfaces/share/ros2_interfaces/local_setup.zsh
[0.396s] -- Up-to-date: /workspaces/template_ws/workspace_1/install/ros2_interfaces/share/ros2_interfaces/local_setup.dsv
[0.396s] -- Installing: /workspaces/template_ws/workspace_1/install/ros2_interfaces/share/ros2_interfaces/package.dsv
[0.396s] -- Up-to-date: /workspaces/template_ws/workspace_1/install/ros2_interfaces/share/ament_index/resource_index/packages/ros2_interfaces
[0.396s] -- Up-to-date: /workspaces/template_ws/workspace_1/install/ros2_interfaces/share/ros2_interfaces/cmake/export_ros2_interfaces__rosidl_generator_cExport.cmake
[0.396s] -- Up-to-date: /workspaces/template_ws/workspace_1/install/ros2_interfaces/share/ros2_interfaces/cmake/export_ros2_interfaces__rosidl_generator_cExport-noconfig.cmake
[0.396s] -- Up-to-date: /workspaces/template_ws/workspace_1/install/ros2_interfaces/share/ros2_interfaces/cmake/export_ros2_interfaces__rosidl_typesupport_fastrtps_cExport.cmake
[0.397s] -- Up-to-date: /workspaces/template_ws/workspace_1/install/ros2_interfaces/share/ros2_interfaces/cmake/export_ros2_interfaces__rosidl_typesupport_fastrtps_cExport-noconfig.cmake
[0.397s] -- Up-to-date: /workspaces/template_ws/workspace_1/install/ros2_interfaces/share/ros2_interfaces/cmake/ros2_interfaces__rosidl_typesupport_introspection_cExport.cmake
[0.397s] -- Up-to-date: /workspaces/template_ws/workspace_1/install/ros2_interfaces/share/ros2_interfaces/cmake/ros2_interfaces__rosidl_typesupport_introspection_cExport-noconfig.cmake
[0.397s] -- Up-to-date: /workspaces/template_ws/workspace_1/install/ros2_interfaces/share/ros2_interfaces/cmake/ros2_interfaces__rosidl_typesupport_cExport.cmake
[0.397s] -- Up-to-date: /workspaces/template_ws/workspace_1/install/ros2_interfaces/share/ros2_interfaces/cmake/ros2_interfaces__rosidl_typesupport_cExport-noconfig.cmake
[0.397s] -- Up-to-date: /workspaces/template_ws/workspace_1/install/ros2_interfaces/share/ros2_interfaces/cmake/export_ros2_interfaces__rosidl_generator_cppExport.cmake
[0.397s] -- Up-to-date: /workspaces/template_ws/workspace_1/install/ros2_interfaces/share/ros2_interfaces/cmake/export_ros2_interfaces__rosidl_typesupport_fastrtps_cppExport.cmake
[0.397s] -- Up-to-date: /workspaces/template_ws/workspace_1/install/ros2_interfaces/share/ros2_interfaces/cmake/export_ros2_interfaces__rosidl_typesupport_fastrtps_cppExport-noconfig.cmake
[0.397s] -- Up-to-date: /workspaces/template_ws/workspace_1/install/ros2_interfaces/share/ros2_interfaces/cmake/ros2_interfaces__rosidl_typesupport_introspection_cppExport.cmake
[0.397s] -- Up-to-date: /workspaces/template_ws/workspace_1/install/ros2_interfaces/share/ros2_interfaces/cmake/ros2_interfaces__rosidl_typesupport_introspection_cppExport-noconfig.cmake
[0.397s] -- Up-to-date: /workspaces/template_ws/workspace_1/install/ros2_interfaces/share/ros2_interfaces/cmake/ros2_interfaces__rosidl_typesupport_cppExport.cmake
[0.397s] -- Up-to-date: /workspaces/template_ws/workspace_1/install/ros2_interfaces/share/ros2_interfaces/cmake/ros2_interfaces__rosidl_typesupport_cppExport-noconfig.cmake
[0.397s] -- Up-to-date: /workspaces/template_ws/workspace_1/install/ros2_interfaces/share/ros2_interfaces/cmake/export_ros2_interfaces__rosidl_generator_pyExport.cmake
[0.397s] -- Up-to-date: /workspaces/template_ws/workspace_1/install/ros2_interfaces/share/ros2_interfaces/cmake/export_ros2_interfaces__rosidl_generator_pyExport-noconfig.cmake
[0.397s] -- Up-to-date: /workspaces/template_ws/workspace_1/install/ros2_interfaces/share/ros2_interfaces/cmake/rosidl_cmake-extras.cmake
[0.397s] -- Up-to-date: /workspaces/template_ws/workspace_1/install/ros2_interfaces/share/ros2_interfaces/cmake/ament_cmake_export_dependencies-extras.cmake
[0.397s] -- Up-to-date: /workspaces/template_ws/workspace_1/install/ros2_interfaces/share/ros2_interfaces/cmake/ament_cmake_export_include_directories-extras.cmake
[0.397s] -- Up-to-date: /workspaces/template_ws/workspace_1/install/ros2_interfaces/share/ros2_interfaces/cmake/ament_cmake_export_libraries-extras.cmake
[0.397s] -- Up-to-date: /workspaces/template_ws/workspace_1/install/ros2_interfaces/share/ros2_interfaces/cmake/ament_cmake_export_targets-extras.cmake
[0.397s] -- Up-to-date: /workspaces/template_ws/workspace_1/install/ros2_interfaces/share/ros2_interfaces/cmake/rosidl_cmake_export_typesupport_targets-extras.cmake
[0.398s] -- Up-to-date: /workspaces/template_ws/workspace_1/install/ros2_interfaces/share/ros2_interfaces/cmake/rosidl_cmake_export_typesupport_libraries-extras.cmake
[0.398s] -- Up-to-date: /workspaces/template_ws/workspace_1/install/ros2_interfaces/share/ros2_interfaces/cmake/ros2_interfacesConfig.cmake
[0.398s] -- Up-to-date: /workspaces/template_ws/workspace_1/install/ros2_interfaces/share/ros2_interfaces/cmake/ros2_interfacesConfig-version.cmake
[0.398s] -- Up-to-date: /workspaces/template_ws/workspace_1/install/ros2_interfaces/share/ros2_interfaces/package.xml
[0.399s] Invoked command in '/workspaces/template_ws/workspace_1/build/ros2_interfaces' returned '0': CMAKE_PREFIX_PATH=/opt/ros/humble /usr/bin/cmake --install /workspaces/template_ws/workspace_1/build/ros2_interfaces
