-- The C compiler identification is GNU 11.4.0
-- The CXX compiler identification is GNU 11.4.0
-- Detecting C compiler ABI info
-- Detecting C compiler ABI info - done
-- Check for working C compiler: /usr/bin/cc - skipped
-- Detecting C compile features
-- Detecting C compile features - done
-- Detecting CXX compiler ABI info
-- Detecting CXX compiler ABI info - done
-- Check for working CXX compiler: /usr/bin/c++ - skipped
-- Detecting CXX compile features
-- Detecting CXX compile features - done
-- Found ament_cmake: 1.3.5 (/opt/ros/humble/share/ament_cmake/cmake)
-- Found Python3: /usr/bin/python3.10 (found version "3.10.12") found components: Interpreter 
-- Found rosidl_default_generators: 1.2.0 (/opt/ros/humble/share/rosidl_default_generators/cmake)
-- Using all available rosidl_typesupport_c: rosidl_typesupport_fastrtps_c;rosidl_typesupport_introspection_c
-- Found rosidl_adapter: 3.1.5 (/opt/ros/humble/share/rosidl_adapter/cmake)
-- Using all available rosidl_typesupport_cpp: rosidl_typesupport_fastrtps_cpp;rosidl_typesupport_introspection_cpp
-- Found ament_cmake_ros: 0.10.0 (/opt/ros/humble/share/ament_cmake_ros/cmake)
-- Using all available rosidl_typesupport_c: rosidl_typesupport_fastrtps_c;rosidl_typesupport_introspection_c
-- Using all available rosidl_typesupport_cpp: rosidl_typesupport_fastrtps_cpp;rosidl_typesupport_introspection_cpp
-- Found PythonInterp: /usr/bin/python3 (found suitable version "3.10.12", minimum required is "3.6") 
-- Found python_cmake_module: 0.10.0 (/opt/ros/humble/share/python_cmake_module/cmake)
-- Found PythonLibs: /usr/lib/x86_64-linux-gnu/libpython3.10.so (found suitable version "3.10.12", minimum required is "3.5") 
-- Using PYTHON_EXECUTABLE: /usr/bin/python3
-- Using PYTHON_INCLUDE_DIRS: /usr/include/python3.10
-- Using PYTHON_LIBRARIES: /usr/lib/x86_64-linux-gnu/libpython3.10.so
-- Found PythonExtra: .so  
-- Configuring done
-- Generating done
-- Build files have been written to: /workspaces/template_ws/workspace_1/build/ros2_interfaces
[  2%] [34m[1mGenerating C code for ROS interfaces[0m
[  4%] [34m[1mGenerating C++ code for ROS interfaces[0m
[  4%] Built target ament_cmake_python_copy_ros2_interfaces
running egg_info
creating ros2_interfaces.egg-info
writing ros2_interfaces.egg-info/PKG-INFO
writing dependency_links to ros2_interfaces.egg-info/dependency_links.txt
writing top-level names to ros2_interfaces.egg-info/top_level.txt
writing manifest file 'ros2_interfaces.egg-info/SOURCES.txt'
reading manifest file 'ros2_interfaces.egg-info/SOURCES.txt'
writing manifest file 'ros2_interfaces.egg-info/SOURCES.txt'
[  4%] Built target ament_cmake_python_build_ros2_interfaces_egg
[ 10%] [32mBuilding C object CMakeFiles/ros2_interfaces__rosidl_generator_c.dir/rosidl_generator_c/ros2_interfaces/srv/detail/add_two_ints__functions.c.o[0m
[ 10%] [32mBuilding C object CMakeFiles/ros2_interfaces__rosidl_generator_c.dir/rosidl_generator_c/ros2_interfaces/msg/detail/num__functions.c.o[0m
[ 10%] [32mBuilding C object CMakeFiles/ros2_interfaces__rosidl_generator_c.dir/rosidl_generator_c/ros2_interfaces/action/detail/fibonacci__functions.c.o[0m
[ 10%] Built target ros2_interfaces__cpp
[ 17%] [34m[1mGenerating C++ type support for eProsima Fast-RTPS[0m
[ 17%] [34m[1mGenerating C++ introspection for ROS interfaces[0m
[ 17%] [34m[1mGenerating C++ type support dispatch for ROS interfaces[0m
[ 19%] [32m[1mLinking C shared library libros2_interfaces__rosidl_generator_c.so[0m
[ 19%] Built target ros2_interfaces__rosidl_generator_c
[ 25%] [34m[1mGenerating C introspection for ROS interfaces[0m
[ 25%] [34m[1mGenerating C type support dispatch for ROS interfaces[0m
[ 25%] [34m[1mGenerating C type support for eProsima Fast-RTPS[0m
[ 31%] [32mBuilding CXX object CMakeFiles/ros2_interfaces__rosidl_typesupport_cpp.dir/rosidl_typesupport_cpp/ros2_interfaces/srv/add_two_ints__type_support.cpp.o[0m
[ 31%] [32mBuilding CXX object CMakeFiles/ros2_interfaces__rosidl_typesupport_cpp.dir/rosidl_typesupport_cpp/ros2_interfaces/action/fibonacci__type_support.cpp.o[0m
[ 31%] [32mBuilding CXX object CMakeFiles/ros2_interfaces__rosidl_typesupport_cpp.dir/rosidl_typesupport_cpp/ros2_interfaces/msg/num__type_support.cpp.o[0m
[ 34%] [32mBuilding CXX object CMakeFiles/ros2_interfaces__rosidl_typesupport_introspection_cpp.dir/rosidl_typesupport_introspection_cpp/ros2_interfaces/msg/detail/num__type_support.cpp.o[0m
[ 38%] [32mBuilding CXX object CMakeFiles/ros2_interfaces__rosidl_typesupport_introspection_cpp.dir/rosidl_typesupport_introspection_cpp/ros2_interfaces/srv/detail/add_two_ints__type_support.cpp.o[0m
[ 38%] [32mBuilding CXX object CMakeFiles/ros2_interfaces__rosidl_typesupport_introspection_cpp.dir/rosidl_typesupport_introspection_cpp/ros2_interfaces/action/detail/fibonacci__type_support.cpp.o[0m
[ 48%] [32mBuilding CXX object CMakeFiles/ros2_interfaces__rosidl_typesupport_c.dir/rosidl_typesupport_c/ros2_interfaces/msg/num__type_support.cpp.o[0m
[ 48%] [32mBuilding CXX object CMakeFiles/ros2_interfaces__rosidl_typesupport_c.dir/rosidl_typesupport_c/ros2_interfaces/srv/add_two_ints__type_support.cpp.o[0m
[ 48%] [32mBuilding CXX object CMakeFiles/ros2_interfaces__rosidl_typesupport_c.dir/rosidl_typesupport_c/ros2_interfaces/action/fibonacci__type_support.cpp.o[0m
[ 48%] [32mBuilding CXX object CMakeFiles/ros2_interfaces__rosidl_typesupport_fastrtps_cpp.dir/rosidl_typesupport_fastrtps_cpp/ros2_interfaces/msg/detail/dds_fastrtps/num__type_support.cpp.o[0m
[ 48%] [32mBuilding CXX object CMakeFiles/ros2_interfaces__rosidl_typesupport_fastrtps_cpp.dir/rosidl_typesupport_fastrtps_cpp/ros2_interfaces/action/detail/dds_fastrtps/fibonacci__type_support.cpp.o[0m
[ 51%] [32mBuilding CXX object CMakeFiles/ros2_interfaces__rosidl_typesupport_fastrtps_cpp.dir/rosidl_typesupport_fastrtps_cpp/ros2_interfaces/srv/detail/dds_fastrtps/add_two_ints__type_support.cpp.o[0m
[ 53%] [32m[1mLinking CXX shared library libros2_interfaces__rosidl_typesupport_c.so[0m
[ 53%] Built target ros2_interfaces__rosidl_typesupport_c
[ 57%] [32mBuilding CXX object CMakeFiles/ros2_interfaces__rosidl_typesupport_fastrtps_c.dir/rosidl_typesupport_fastrtps_c/ros2_interfaces/srv/detail/add_two_ints__type_support_c.cpp.o[0m
[ 57%] [32mBuilding CXX object CMakeFiles/ros2_interfaces__rosidl_typesupport_fastrtps_c.dir/rosidl_typesupport_fastrtps_c/ros2_interfaces/msg/detail/num__type_support_c.cpp.o[0m
[ 59%] [32mBuilding CXX object CMakeFiles/ros2_interfaces__rosidl_typesupport_fastrtps_c.dir/rosidl_typesupport_fastrtps_c/ros2_interfaces/action/detail/fibonacci__type_support_c.cpp.o[0m
[ 61%] [32mBuilding C object CMakeFiles/ros2_interfaces__rosidl_typesupport_introspection_c.dir/rosidl_typesupport_introspection_c/ros2_interfaces/srv/detail/add_two_ints__type_support.c.o[0m
[ 65%] [32mBuilding C object CMakeFiles/ros2_interfaces__rosidl_typesupport_introspection_c.dir/rosidl_typesupport_introspection_c/ros2_interfaces/action/detail/fibonacci__type_support.c.o[0m
[ 65%] [32mBuilding C object CMakeFiles/ros2_interfaces__rosidl_typesupport_introspection_c.dir/rosidl_typesupport_introspection_c/ros2_interfaces/msg/detail/num__type_support.c.o[0m
[ 68%] [32m[1mLinking C shared library libros2_interfaces__rosidl_typesupport_introspection_c.so[0m
[ 68%] Built target ros2_interfaces__rosidl_typesupport_introspection_c
[ 70%] [32m[1mLinking CXX shared library libros2_interfaces__rosidl_typesupport_cpp.so[0m
[ 70%] Built target ros2_interfaces__rosidl_typesupport_cpp
[ 72%] [32m[1mLinking CXX shared library libros2_interfaces__rosidl_typesupport_fastrtps_cpp.so[0m
[ 74%] [32m[1mLinking CXX shared library libros2_interfaces__rosidl_typesupport_fastrtps_c.so[0m
[ 76%] [32m[1mLinking CXX shared library libros2_interfaces__rosidl_typesupport_introspection_cpp.so[0m
[ 76%] Built target ros2_interfaces__rosidl_typesupport_fastrtps_cpp
[ 76%] Built target ros2_interfaces__rosidl_typesupport_fastrtps_c
[ 76%] Built target ros2_interfaces__rosidl_typesupport_introspection_cpp
[ 76%] Built target ros2_interfaces
[ 78%] [34m[1mGenerating Python code for ROS interfaces[0m
[ 78%] Built target ros2_interfaces__py
[ 85%] [32mBuilding C object CMakeFiles/ros2_interfaces__rosidl_generator_py.dir/rosidl_generator_py/ros2_interfaces/msg/_num_s.c.o[0m
[ 85%] [32mBuilding C object CMakeFiles/ros2_interfaces__rosidl_generator_py.dir/rosidl_generator_py/ros2_interfaces/srv/_add_two_ints_s.c.o[0m
[ 85%] [32mBuilding C object CMakeFiles/ros2_interfaces__rosidl_generator_py.dir/rosidl_generator_py/ros2_interfaces/action/_fibonacci_s.c.o[0m
[ 87%] [32m[1mLinking C shared library rosidl_generator_py/ros2_interfaces/libros2_interfaces__rosidl_generator_py.so[0m
[ 87%] Built target ros2_interfaces__rosidl_generator_py
[ 93%] [32mBuilding C object CMakeFiles/ros2_interfaces__rosidl_typesupport_introspection_c__pyext.dir/rosidl_generator_py/ros2_interfaces/_ros2_interfaces_s.ep.rosidl_typesupport_introspection_c.c.o[0m
[ 93%] [32mBuilding C object CMakeFiles/ros2_interfaces__rosidl_typesupport_fastrtps_c__pyext.dir/rosidl_generator_py/ros2_interfaces/_ros2_interfaces_s.ep.rosidl_typesupport_fastrtps_c.c.o[0m
[ 93%] [32mBuilding C object CMakeFiles/ros2_interfaces__rosidl_typesupport_c__pyext.dir/rosidl_generator_py/ros2_interfaces/_ros2_interfaces_s.ep.rosidl_typesupport_c.c.o[0m
[ 97%] [32m[1mLinking C shared library rosidl_generator_py/ros2_interfaces/ros2_interfaces_s__rosidl_typesupport_fastrtps_c.cpython-310-x86_64-linux-gnu.so[0m
[ 97%] [32m[1mLinking C shared library rosidl_generator_py/ros2_interfaces/ros2_interfaces_s__rosidl_typesupport_c.cpython-310-x86_64-linux-gnu.so[0m
[100%] [32m[1mLinking C shared library rosidl_generator_py/ros2_interfaces/ros2_interfaces_s__rosidl_typesupport_introspection_c.cpython-310-x86_64-linux-gnu.so[0m
[100%] Built target ros2_interfaces__rosidl_typesupport_fastrtps_c__pyext
[100%] Built target ros2_interfaces__rosidl_typesupport_c__pyext
[100%] Built target ros2_interfaces__rosidl_typesupport_introspection_c__pyext
-- Install configuration: ""
-- Installing: /workspaces/template_ws/workspace_1/install/ros2_interfaces/share/ament_index/resource_index/rosidl_interfaces/ros2_interfaces
-- Installing: /workspaces/template_ws/workspace_1/install/ros2_interfaces/include/ros2_interfaces/ros2_interfaces
-- Installing: /workspaces/template_ws/workspace_1/install/ros2_interfaces/include/ros2_interfaces/ros2_interfaces/srv
-- Installing: /workspaces/template_ws/workspace_1/install/ros2_interfaces/include/ros2_interfaces/ros2_interfaces/srv/detail
-- Installing: /workspaces/template_ws/workspace_1/install/ros2_interfaces/include/ros2_interfaces/ros2_interfaces/srv/detail/add_two_ints__struct.h
-- Installing: /workspaces/template_ws/workspace_1/install/ros2_interfaces/include/ros2_interfaces/ros2_interfaces/srv/detail/add_two_ints__type_support.h
-- Installing: /workspaces/template_ws/workspace_1/install/ros2_interfaces/include/ros2_interfaces/ros2_interfaces/srv/detail/add_two_ints__functions.c
-- Installing: /workspaces/template_ws/workspace_1/install/ros2_interfaces/include/ros2_interfaces/ros2_interfaces/srv/detail/add_two_ints__functions.h
-- Installing: /workspaces/template_ws/workspace_1/install/ros2_interfaces/include/ros2_interfaces/ros2_interfaces/srv/add_two_ints.h
-- Installing: /workspaces/template_ws/workspace_1/install/ros2_interfaces/include/ros2_interfaces/ros2_interfaces/action
-- Installing: /workspaces/template_ws/workspace_1/install/ros2_interfaces/include/ros2_interfaces/ros2_interfaces/action/detail
-- Installing: /workspaces/template_ws/workspace_1/install/ros2_interfaces/include/ros2_interfaces/ros2_interfaces/action/detail/fibonacci__functions.c
-- Installing: /workspaces/template_ws/workspace_1/install/ros2_interfaces/include/ros2_interfaces/ros2_interfaces/action/detail/fibonacci__functions.h
-- Installing: /workspaces/template_ws/workspace_1/install/ros2_interfaces/include/ros2_interfaces/ros2_interfaces/action/detail/fibonacci__type_support.h
-- Installing: /workspaces/template_ws/workspace_1/install/ros2_interfaces/include/ros2_interfaces/ros2_interfaces/action/detail/fibonacci__struct.h
-- Installing: /workspaces/template_ws/workspace_1/install/ros2_interfaces/include/ros2_interfaces/ros2_interfaces/action/fibonacci.h
-- Installing: /workspaces/template_ws/workspace_1/install/ros2_interfaces/include/ros2_interfaces/ros2_interfaces/msg
-- Installing: /workspaces/template_ws/workspace_1/install/ros2_interfaces/include/ros2_interfaces/ros2_interfaces/msg/detail
-- Installing: /workspaces/template_ws/workspace_1/install/ros2_interfaces/include/ros2_interfaces/ros2_interfaces/msg/detail/num__functions.h
-- Installing: /workspaces/template_ws/workspace_1/install/ros2_interfaces/include/ros2_interfaces/ros2_interfaces/msg/detail/num__type_support.h
-- Installing: /workspaces/template_ws/workspace_1/install/ros2_interfaces/include/ros2_interfaces/ros2_interfaces/msg/detail/num__functions.c
-- Installing: /workspaces/template_ws/workspace_1/install/ros2_interfaces/include/ros2_interfaces/ros2_interfaces/msg/detail/num__struct.h
-- Installing: /workspaces/template_ws/workspace_1/install/ros2_interfaces/include/ros2_interfaces/ros2_interfaces/msg/rosidl_generator_c__visibility_control.h
-- Installing: /workspaces/template_ws/workspace_1/install/ros2_interfaces/include/ros2_interfaces/ros2_interfaces/msg/num.h
-- Installing: /workspaces/template_ws/workspace_1/install/ros2_interfaces/share/ros2_interfaces/environment/library_path.sh
-- Installing: /workspaces/template_ws/workspace_1/install/ros2_interfaces/share/ros2_interfaces/environment/library_path.dsv
-- Installing: /workspaces/template_ws/workspace_1/install/ros2_interfaces/lib/libros2_interfaces__rosidl_generator_c.so
-- Set runtime path of "/workspaces/template_ws/workspace_1/install/ros2_interfaces/lib/libros2_interfaces__rosidl_generator_c.so" to ""
-- Up-to-date: /workspaces/template_ws/workspace_1/install/ros2_interfaces/include/ros2_interfaces/ros2_interfaces
-- Up-to-date: /workspaces/template_ws/workspace_1/install/ros2_interfaces/include/ros2_interfaces/ros2_interfaces/srv
-- Up-to-date: /workspaces/template_ws/workspace_1/install/ros2_interfaces/include/ros2_interfaces/ros2_interfaces/srv/detail
-- Installing: /workspaces/template_ws/workspace_1/install/ros2_interfaces/include/ros2_interfaces/ros2_interfaces/srv/detail/add_two_ints__rosidl_typesupport_fastrtps_c.h
-- Up-to-date: /workspaces/template_ws/workspace_1/install/ros2_interfaces/include/ros2_interfaces/ros2_interfaces/action
-- Up-to-date: /workspaces/template_ws/workspace_1/install/ros2_interfaces/include/ros2_interfaces/ros2_interfaces/action/detail
-- Installing: /workspaces/template_ws/workspace_1/install/ros2_interfaces/include/ros2_interfaces/ros2_interfaces/action/detail/fibonacci__rosidl_typesupport_fastrtps_c.h
-- Up-to-date: /workspaces/template_ws/workspace_1/install/ros2_interfaces/include/ros2_interfaces/ros2_interfaces/msg
-- Up-to-date: /workspaces/template_ws/workspace_1/install/ros2_interfaces/include/ros2_interfaces/ros2_interfaces/msg/detail
-- Installing: /workspaces/template_ws/workspace_1/install/ros2_interfaces/include/ros2_interfaces/ros2_interfaces/msg/detail/num__rosidl_typesupport_fastrtps_c.h
-- Installing: /workspaces/template_ws/workspace_1/install/ros2_interfaces/include/ros2_interfaces/ros2_interfaces/msg/rosidl_typesupport_fastrtps_c__visibility_control.h
-- Installing: /workspaces/template_ws/workspace_1/install/ros2_interfaces/lib/libros2_interfaces__rosidl_typesupport_fastrtps_c.so
-- Set runtime path of "/workspaces/template_ws/workspace_1/install/ros2_interfaces/lib/libros2_interfaces__rosidl_typesupport_fastrtps_c.so" to ""
-- Up-to-date: /workspaces/template_ws/workspace_1/install/ros2_interfaces/include/ros2_interfaces/ros2_interfaces
-- Up-to-date: /workspaces/template_ws/workspace_1/install/ros2_interfaces/include/ros2_interfaces/ros2_interfaces/srv
-- Up-to-date: /workspaces/template_ws/workspace_1/install/ros2_interfaces/include/ros2_interfaces/ros2_interfaces/srv/detail
-- Installing: /workspaces/template_ws/workspace_1/install/ros2_interfaces/include/ros2_interfaces/ros2_interfaces/srv/detail/add_two_ints__type_support.c
-- Installing: /workspaces/template_ws/workspace_1/install/ros2_interfaces/include/ros2_interfaces/ros2_interfaces/srv/detail/add_two_ints__rosidl_typesupport_introspection_c.h
-- Up-to-date: /workspaces/template_ws/workspace_1/install/ros2_interfaces/include/ros2_interfaces/ros2_interfaces/action
-- Up-to-date: /workspaces/template_ws/workspace_1/install/ros2_interfaces/include/ros2_interfaces/ros2_interfaces/action/detail
-- Installing: /workspaces/template_ws/workspace_1/install/ros2_interfaces/include/ros2_interfaces/ros2_interfaces/action/detail/fibonacci__type_support.c
-- Installing: /workspaces/template_ws/workspace_1/install/ros2_interfaces/include/ros2_interfaces/ros2_interfaces/action/detail/fibonacci__rosidl_typesupport_introspection_c.h
-- Up-to-date: /workspaces/template_ws/workspace_1/install/ros2_interfaces/include/ros2_interfaces/ros2_interfaces/msg
-- Installing: /workspaces/template_ws/workspace_1/install/ros2_interfaces/include/ros2_interfaces/ros2_interfaces/msg/rosidl_typesupport_introspection_c__visibility_control.h
-- Up-to-date: /workspaces/template_ws/workspace_1/install/ros2_interfaces/include/ros2_interfaces/ros2_interfaces/msg/detail
-- Installing: /workspaces/template_ws/workspace_1/install/ros2_interfaces/include/ros2_interfaces/ros2_interfaces/msg/detail/num__rosidl_typesupport_introspection_c.h
-- Installing: /workspaces/template_ws/workspace_1/install/ros2_interfaces/include/ros2_interfaces/ros2_interfaces/msg/detail/num__type_support.c
-- Installing: /workspaces/template_ws/workspace_1/install/ros2_interfaces/lib/libros2_interfaces__rosidl_typesupport_introspection_c.so
-- Set runtime path of "/workspaces/template_ws/workspace_1/install/ros2_interfaces/lib/libros2_interfaces__rosidl_typesupport_introspection_c.so" to ""
-- Installing: /workspaces/template_ws/workspace_1/install/ros2_interfaces/lib/libros2_interfaces__rosidl_typesupport_c.so
-- Set runtime path of "/workspaces/template_ws/workspace_1/install/ros2_interfaces/lib/libros2_interfaces__rosidl_typesupport_c.so" to ""
-- Up-to-date: /workspaces/template_ws/workspace_1/install/ros2_interfaces/include/ros2_interfaces/ros2_interfaces
-- Up-to-date: /workspaces/template_ws/workspace_1/install/ros2_interfaces/include/ros2_interfaces/ros2_interfaces/srv
-- Installing: /workspaces/template_ws/workspace_1/install/ros2_interfaces/include/ros2_interfaces/ros2_interfaces/srv/add_two_ints.hpp
-- Up-to-date: /workspaces/template_ws/workspace_1/install/ros2_interfaces/include/ros2_interfaces/ros2_interfaces/srv/detail
-- Installing: /workspaces/template_ws/workspace_1/install/ros2_interfaces/include/ros2_interfaces/ros2_interfaces/srv/detail/add_two_ints__struct.hpp
-- Installing: /workspaces/template_ws/workspace_1/install/ros2_interfaces/include/ros2_interfaces/ros2_interfaces/srv/detail/add_two_ints__traits.hpp
-- Installing: /workspaces/template_ws/workspace_1/install/ros2_interfaces/include/ros2_interfaces/ros2_interfaces/srv/detail/add_two_ints__builder.hpp
-- Up-to-date: /workspaces/template_ws/workspace_1/install/ros2_interfaces/include/ros2_interfaces/ros2_interfaces/action
-- Installing: /workspaces/template_ws/workspace_1/install/ros2_interfaces/include/ros2_interfaces/ros2_interfaces/action/fibonacci.hpp
-- Up-to-date: /workspaces/template_ws/workspace_1/install/ros2_interfaces/include/ros2_interfaces/ros2_interfaces/action/detail
-- Installing: /workspaces/template_ws/workspace_1/install/ros2_interfaces/include/ros2_interfaces/ros2_interfaces/action/detail/fibonacci__builder.hpp
-- Installing: /workspaces/template_ws/workspace_1/install/ros2_interfaces/include/ros2_interfaces/ros2_interfaces/action/detail/fibonacci__struct.hpp
-- Installing: /workspaces/template_ws/workspace_1/install/ros2_interfaces/include/ros2_interfaces/ros2_interfaces/action/detail/fibonacci__traits.hpp
-- Up-to-date: /workspaces/template_ws/workspace_1/install/ros2_interfaces/include/ros2_interfaces/ros2_interfaces/msg
-- Up-to-date: /workspaces/template_ws/workspace_1/install/ros2_interfaces/include/ros2_interfaces/ros2_interfaces/msg/detail
-- Installing: /workspaces/template_ws/workspace_1/install/ros2_interfaces/include/ros2_interfaces/ros2_interfaces/msg/detail/num__traits.hpp
-- Installing: /workspaces/template_ws/workspace_1/install/ros2_interfaces/include/ros2_interfaces/ros2_interfaces/msg/detail/num__struct.hpp
-- Installing: /workspaces/template_ws/workspace_1/install/ros2_interfaces/include/ros2_interfaces/ros2_interfaces/msg/detail/num__builder.hpp
-- Installing: /workspaces/template_ws/workspace_1/install/ros2_interfaces/include/ros2_interfaces/ros2_interfaces/msg/num.hpp
-- Up-to-date: /workspaces/template_ws/workspace_1/install/ros2_interfaces/include/ros2_interfaces/ros2_interfaces
-- Up-to-date: /workspaces/template_ws/workspace_1/install/ros2_interfaces/include/ros2_interfaces/ros2_interfaces/srv
-- Up-to-date: /workspaces/template_ws/workspace_1/install/ros2_interfaces/include/ros2_interfaces/ros2_interfaces/srv/detail
-- Installing: /workspaces/template_ws/workspace_1/install/ros2_interfaces/include/ros2_interfaces/ros2_interfaces/srv/detail/dds_fastrtps
-- Installing: /workspaces/template_ws/workspace_1/install/ros2_interfaces/include/ros2_interfaces/ros2_interfaces/srv/detail/add_two_ints__rosidl_typesupport_fastrtps_cpp.hpp
-- Up-to-date: /workspaces/template_ws/workspace_1/install/ros2_interfaces/include/ros2_interfaces/ros2_interfaces/action
-- Up-to-date: /workspaces/template_ws/workspace_1/install/ros2_interfaces/include/ros2_interfaces/ros2_interfaces/action/detail
-- Installing: /workspaces/template_ws/workspace_1/install/ros2_interfaces/include/ros2_interfaces/ros2_interfaces/action/detail/dds_fastrtps
-- Installing: /workspaces/template_ws/workspace_1/install/ros2_interfaces/include/ros2_interfaces/ros2_interfaces/action/detail/fibonacci__rosidl_typesupport_fastrtps_cpp.hpp
-- Up-to-date: /workspaces/template_ws/workspace_1/install/ros2_interfaces/include/ros2_interfaces/ros2_interfaces/msg
-- Up-to-date: /workspaces/template_ws/workspace_1/install/ros2_interfaces/include/ros2_interfaces/ros2_interfaces/msg/detail
-- Installing: /workspaces/template_ws/workspace_1/install/ros2_interfaces/include/ros2_interfaces/ros2_interfaces/msg/detail/dds_fastrtps
-- Installing: /workspaces/template_ws/workspace_1/install/ros2_interfaces/include/ros2_interfaces/ros2_interfaces/msg/detail/num__rosidl_typesupport_fastrtps_cpp.hpp
-- Installing: /workspaces/template_ws/workspace_1/install/ros2_interfaces/include/ros2_interfaces/ros2_interfaces/msg/rosidl_typesupport_fastrtps_cpp__visibility_control.h
-- Installing: /workspaces/template_ws/workspace_1/install/ros2_interfaces/lib/libros2_interfaces__rosidl_typesupport_fastrtps_cpp.so
-- Set runtime path of "/workspaces/template_ws/workspace_1/install/ros2_interfaces/lib/libros2_interfaces__rosidl_typesupport_fastrtps_cpp.so" to ""
-- Up-to-date: /workspaces/template_ws/workspace_1/install/ros2_interfaces/include/ros2_interfaces/ros2_interfaces
-- Up-to-date: /workspaces/template_ws/workspace_1/install/ros2_interfaces/include/ros2_interfaces/ros2_interfaces/srv
-- Up-to-date: /workspaces/template_ws/workspace_1/install/ros2_interfaces/include/ros2_interfaces/ros2_interfaces/srv/detail
-- Installing: /workspaces/template_ws/workspace_1/install/ros2_interfaces/include/ros2_interfaces/ros2_interfaces/srv/detail/add_two_ints__rosidl_typesupport_introspection_cpp.hpp
-- Installing: /workspaces/template_ws/workspace_1/install/ros2_interfaces/include/ros2_interfaces/ros2_interfaces/srv/detail/add_two_ints__type_support.cpp
-- Up-to-date: /workspaces/template_ws/workspace_1/install/ros2_interfaces/include/ros2_interfaces/ros2_interfaces/action
-- Up-to-date: /workspaces/template_ws/workspace_1/install/ros2_interfaces/include/ros2_interfaces/ros2_interfaces/action/detail
-- Installing: /workspaces/template_ws/workspace_1/install/ros2_interfaces/include/ros2_interfaces/ros2_interfaces/action/detail/fibonacci__type_support.cpp
-- Installing: /workspaces/template_ws/workspace_1/install/ros2_interfaces/include/ros2_interfaces/ros2_interfaces/action/detail/fibonacci__rosidl_typesupport_introspection_cpp.hpp
-- Up-to-date: /workspaces/template_ws/workspace_1/install/ros2_interfaces/include/ros2_interfaces/ros2_interfaces/msg
-- Up-to-date: /workspaces/template_ws/workspace_1/install/ros2_interfaces/include/ros2_interfaces/ros2_interfaces/msg/detail
-- Installing: /workspaces/template_ws/workspace_1/install/ros2_interfaces/include/ros2_interfaces/ros2_interfaces/msg/detail/num__type_support.cpp
-- Installing: /workspaces/template_ws/workspace_1/install/ros2_interfaces/include/ros2_interfaces/ros2_interfaces/msg/detail/num__rosidl_typesupport_introspection_cpp.hpp
-- Installing: /workspaces/template_ws/workspace_1/install/ros2_interfaces/lib/libros2_interfaces__rosidl_typesupport_introspection_cpp.so
-- Set runtime path of "/workspaces/template_ws/workspace_1/install/ros2_interfaces/lib/libros2_interfaces__rosidl_typesupport_introspection_cpp.so" to ""
-- Installing: /workspaces/template_ws/workspace_1/install/ros2_interfaces/lib/libros2_interfaces__rosidl_typesupport_cpp.so
-- Set runtime path of "/workspaces/template_ws/workspace_1/install/ros2_interfaces/lib/libros2_interfaces__rosidl_typesupport_cpp.so" to ""
-- Installing: /workspaces/template_ws/workspace_1/install/ros2_interfaces/share/ros2_interfaces/environment/pythonpath.sh
-- Installing: /workspaces/template_ws/workspace_1/install/ros2_interfaces/share/ros2_interfaces/environment/pythonpath.dsv
-- Installing: /workspaces/template_ws/workspace_1/install/ros2_interfaces/local/lib/python3.10/dist-packages/ros2_interfaces-0.0.0-py3.10.egg-info
-- Installing: /workspaces/template_ws/workspace_1/install/ros2_interfaces/local/lib/python3.10/dist-packages/ros2_interfaces-0.0.0-py3.10.egg-info/dependency_links.txt
-- Installing: /workspaces/template_ws/workspace_1/install/ros2_interfaces/local/lib/python3.10/dist-packages/ros2_interfaces-0.0.0-py3.10.egg-info/top_level.txt
-- Installing: /workspaces/template_ws/workspace_1/install/ros2_interfaces/local/lib/python3.10/dist-packages/ros2_interfaces-0.0.0-py3.10.egg-info/PKG-INFO
-- Installing: /workspaces/template_ws/workspace_1/install/ros2_interfaces/local/lib/python3.10/dist-packages/ros2_interfaces-0.0.0-py3.10.egg-info/SOURCES.txt
-- Installing: /workspaces/template_ws/workspace_1/install/ros2_interfaces/local/lib/python3.10/dist-packages/ros2_interfaces
-- Installing: /workspaces/template_ws/workspace_1/install/ros2_interfaces/local/lib/python3.10/dist-packages/ros2_interfaces/srv
-- Installing: /workspaces/template_ws/workspace_1/install/ros2_interfaces/local/lib/python3.10/dist-packages/ros2_interfaces/srv/_add_two_ints.py
-- Installing: /workspaces/template_ws/workspace_1/install/ros2_interfaces/local/lib/python3.10/dist-packages/ros2_interfaces/srv/_add_two_ints_s.c
-- Installing: /workspaces/template_ws/workspace_1/install/ros2_interfaces/local/lib/python3.10/dist-packages/ros2_interfaces/srv/__init__.py
-- Installing: /workspaces/template_ws/workspace_1/install/ros2_interfaces/local/lib/python3.10/dist-packages/ros2_interfaces/action
-- Installing: /workspaces/template_ws/workspace_1/install/ros2_interfaces/local/lib/python3.10/dist-packages/ros2_interfaces/action/_fibonacci_s.c
-- Installing: /workspaces/template_ws/workspace_1/install/ros2_interfaces/local/lib/python3.10/dist-packages/ros2_interfaces/action/_fibonacci.py
-- Installing: /workspaces/template_ws/workspace_1/install/ros2_interfaces/local/lib/python3.10/dist-packages/ros2_interfaces/action/__init__.py
-- Installing: /workspaces/template_ws/workspace_1/install/ros2_interfaces/local/lib/python3.10/dist-packages/ros2_interfaces/_ros2_interfaces_s.ep.rosidl_typesupport_fastrtps_c.c
-- Installing: /workspaces/template_ws/workspace_1/install/ros2_interfaces/local/lib/python3.10/dist-packages/ros2_interfaces/_ros2_interfaces_s.ep.rosidl_typesupport_introspection_c.c
-- Installing: /workspaces/template_ws/workspace_1/install/ros2_interfaces/local/lib/python3.10/dist-packages/ros2_interfaces/_ros2_interfaces_s.ep.rosidl_typesupport_c.c
-- Installing: /workspaces/template_ws/workspace_1/install/ros2_interfaces/local/lib/python3.10/dist-packages/ros2_interfaces/ros2_interfaces_s__rosidl_typesupport_fastrtps_c.cpython-310-x86_64-linux-gnu.so
-- Installing: /workspaces/template_ws/workspace_1/install/ros2_interfaces/local/lib/python3.10/dist-packages/ros2_interfaces/ros2_interfaces_s__rosidl_typesupport_c.cpython-310-x86_64-linux-gnu.so
-- Installing: /workspaces/template_ws/workspace_1/install/ros2_interfaces/local/lib/python3.10/dist-packages/ros2_interfaces/libros2_interfaces__rosidl_generator_py.so
-- Installing: /workspaces/template_ws/workspace_1/install/ros2_interfaces/local/lib/python3.10/dist-packages/ros2_interfaces/__init__.py
-- Installing: /workspaces/template_ws/workspace_1/install/ros2_interfaces/local/lib/python3.10/dist-packages/ros2_interfaces/ros2_interfaces_s__rosidl_typesupport_introspection_c.cpython-310-x86_64-linux-gnu.so
-- Installing: /workspaces/template_ws/workspace_1/install/ros2_interfaces/local/lib/python3.10/dist-packages/ros2_interfaces/msg
-- Installing: /workspaces/template_ws/workspace_1/install/ros2_interfaces/local/lib/python3.10/dist-packages/ros2_interfaces/msg/_num_s.c
-- Installing: /workspaces/template_ws/workspace_1/install/ros2_interfaces/local/lib/python3.10/dist-packages/ros2_interfaces/msg/_num.py
-- Installing: /workspaces/template_ws/workspace_1/install/ros2_interfaces/local/lib/python3.10/dist-packages/ros2_interfaces/msg/__init__.py
Listing '/workspaces/template_ws/workspace_1/install/ros2_interfaces/local/lib/python3.10/dist-packages/ros2_interfaces'...
Compiling '/workspaces/template_ws/workspace_1/install/ros2_interfaces/local/lib/python3.10/dist-packages/ros2_interfaces/__init__.py'...
Listing '/workspaces/template_ws/workspace_1/install/ros2_interfaces/local/lib/python3.10/dist-packages/ros2_interfaces/action'...
Compiling '/workspaces/template_ws/workspace_1/install/ros2_interfaces/local/lib/python3.10/dist-packages/ros2_interfaces/action/__init__.py'...
Compiling '/workspaces/template_ws/workspace_1/install/ros2_interfaces/local/lib/python3.10/dist-packages/ros2_interfaces/action/_fibonacci.py'...
Listing '/workspaces/template_ws/workspace_1/install/ros2_interfaces/local/lib/python3.10/dist-packages/ros2_interfaces/msg'...
Compiling '/workspaces/template_ws/workspace_1/install/ros2_interfaces/local/lib/python3.10/dist-packages/ros2_interfaces/msg/__init__.py'...
Compiling '/workspaces/template_ws/workspace_1/install/ros2_interfaces/local/lib/python3.10/dist-packages/ros2_interfaces/msg/_num.py'...
Listing '/workspaces/template_ws/workspace_1/install/ros2_interfaces/local/lib/python3.10/dist-packages/ros2_interfaces/srv'...
Compiling '/workspaces/template_ws/workspace_1/install/ros2_interfaces/local/lib/python3.10/dist-packages/ros2_interfaces/srv/__init__.py'...
Compiling '/workspaces/template_ws/workspace_1/install/ros2_interfaces/local/lib/python3.10/dist-packages/ros2_interfaces/srv/_add_two_ints.py'...
-- Installing: /workspaces/template_ws/workspace_1/install/ros2_interfaces/local/lib/python3.10/dist-packages/ros2_interfaces/ros2_interfaces_s__rosidl_typesupport_fastrtps_c.cpython-310-x86_64-linux-gnu.so
-- Set runtime path of "/workspaces/template_ws/workspace_1/install/ros2_interfaces/local/lib/python3.10/dist-packages/ros2_interfaces/ros2_interfaces_s__rosidl_typesupport_fastrtps_c.cpython-310-x86_64-linux-gnu.so" to ""
-- Installing: /workspaces/template_ws/workspace_1/install/ros2_interfaces/local/lib/python3.10/dist-packages/ros2_interfaces/ros2_interfaces_s__rosidl_typesupport_introspection_c.cpython-310-x86_64-linux-gnu.so
-- Set runtime path of "/workspaces/template_ws/workspace_1/install/ros2_interfaces/local/lib/python3.10/dist-packages/ros2_interfaces/ros2_interfaces_s__rosidl_typesupport_introspection_c.cpython-310-x86_64-linux-gnu.so" to ""
-- Installing: /workspaces/template_ws/workspace_1/install/ros2_interfaces/local/lib/python3.10/dist-packages/ros2_interfaces/ros2_interfaces_s__rosidl_typesupport_c.cpython-310-x86_64-linux-gnu.so
-- Set runtime path of "/workspaces/template_ws/workspace_1/install/ros2_interfaces/local/lib/python3.10/dist-packages/ros2_interfaces/ros2_interfaces_s__rosidl_typesupport_c.cpython-310-x86_64-linux-gnu.so" to ""
-- Installing: /workspaces/template_ws/workspace_1/install/ros2_interfaces/lib/libros2_interfaces__rosidl_generator_py.so
-- Set runtime path of "/workspaces/template_ws/workspace_1/install/ros2_interfaces/lib/libros2_interfaces__rosidl_generator_py.so" to ""
-- Installing: /workspaces/template_ws/workspace_1/install/ros2_interfaces/share/ros2_interfaces/msg/Num.idl
-- Installing: /workspaces/template_ws/workspace_1/install/ros2_interfaces/share/ros2_interfaces/srv/AddTwoInts.idl
-- Installing: /workspaces/template_ws/workspace_1/install/ros2_interfaces/share/ros2_interfaces/action/Fibonacci.idl
-- Installing: /workspaces/template_ws/workspace_1/install/ros2_interfaces/share/ros2_interfaces/msg/Num.msg
-- Installing: /workspaces/template_ws/workspace_1/install/ros2_interfaces/share/ros2_interfaces/srv/AddTwoInts.srv
-- Installing: /workspaces/template_ws/workspace_1/install/ros2_interfaces/share/ros2_interfaces/srv/AddTwoInts_Request.msg
-- Installing: /workspaces/template_ws/workspace_1/install/ros2_interfaces/share/ros2_interfaces/srv/AddTwoInts_Response.msg
-- Installing: /workspaces/template_ws/workspace_1/install/ros2_interfaces/share/ros2_interfaces/action/Fibonacci.action
-- Installing: /workspaces/template_ws/workspace_1/install/ros2_interfaces/share/ament_index/resource_index/package_run_dependencies/ros2_interfaces
-- Installing: /workspaces/template_ws/workspace_1/install/ros2_interfaces/share/ament_index/resource_index/parent_prefix_path/ros2_interfaces
-- Installing: /workspaces/template_ws/workspace_1/install/ros2_interfaces/share/ros2_interfaces/environment/ament_prefix_path.sh
-- Installing: /workspaces/template_ws/workspace_1/install/ros2_interfaces/share/ros2_interfaces/environment/ament_prefix_path.dsv
-- Installing: /workspaces/template_ws/workspace_1/install/ros2_interfaces/share/ros2_interfaces/environment/path.sh
-- Installing: /workspaces/template_ws/workspace_1/install/ros2_interfaces/share/ros2_interfaces/environment/path.dsv
-- Installing: /workspaces/template_ws/workspace_1/install/ros2_interfaces/share/ros2_interfaces/local_setup.bash
-- Installing: /workspaces/template_ws/workspace_1/install/ros2_interfaces/share/ros2_interfaces/local_setup.sh
-- Installing: /workspaces/template_ws/workspace_1/install/ros2_interfaces/share/ros2_interfaces/local_setup.zsh
-- Installing: /workspaces/template_ws/workspace_1/install/ros2_interfaces/share/ros2_interfaces/local_setup.dsv
-- Installing: /workspaces/template_ws/workspace_1/install/ros2_interfaces/share/ros2_interfaces/package.dsv
-- Installing: /workspaces/template_ws/workspace_1/install/ros2_interfaces/share/ament_index/resource_index/packages/ros2_interfaces
-- Installing: /workspaces/template_ws/workspace_1/install/ros2_interfaces/share/ros2_interfaces/cmake/export_ros2_interfaces__rosidl_generator_cExport.cmake
-- Installing: /workspaces/template_ws/workspace_1/install/ros2_interfaces/share/ros2_interfaces/cmake/export_ros2_interfaces__rosidl_generator_cExport-noconfig.cmake
-- Installing: /workspaces/template_ws/workspace_1/install/ros2_interfaces/share/ros2_interfaces/cmake/export_ros2_interfaces__rosidl_typesupport_fastrtps_cExport.cmake
-- Installing: /workspaces/template_ws/workspace_1/install/ros2_interfaces/share/ros2_interfaces/cmake/export_ros2_interfaces__rosidl_typesupport_fastrtps_cExport-noconfig.cmake
-- Installing: /workspaces/template_ws/workspace_1/install/ros2_interfaces/share/ros2_interfaces/cmake/ros2_interfaces__rosidl_typesupport_introspection_cExport.cmake
-- Installing: /workspaces/template_ws/workspace_1/install/ros2_interfaces/share/ros2_interfaces/cmake/ros2_interfaces__rosidl_typesupport_introspection_cExport-noconfig.cmake
-- Installing: /workspaces/template_ws/workspace_1/install/ros2_interfaces/share/ros2_interfaces/cmake/ros2_interfaces__rosidl_typesupport_cExport.cmake
-- Installing: /workspaces/template_ws/workspace_1/install/ros2_interfaces/share/ros2_interfaces/cmake/ros2_interfaces__rosidl_typesupport_cExport-noconfig.cmake
-- Installing: /workspaces/template_ws/workspace_1/install/ros2_interfaces/share/ros2_interfaces/cmake/export_ros2_interfaces__rosidl_generator_cppExport.cmake
-- Installing: /workspaces/template_ws/workspace_1/install/ros2_interfaces/share/ros2_interfaces/cmake/export_ros2_interfaces__rosidl_typesupport_fastrtps_cppExport.cmake
-- Installing: /workspaces/template_ws/workspace_1/install/ros2_interfaces/share/ros2_interfaces/cmake/export_ros2_interfaces__rosidl_typesupport_fastrtps_cppExport-noconfig.cmake
-- Installing: /workspaces/template_ws/workspace_1/install/ros2_interfaces/share/ros2_interfaces/cmake/ros2_interfaces__rosidl_typesupport_introspection_cppExport.cmake
-- Installing: /workspaces/template_ws/workspace_1/install/ros2_interfaces/share/ros2_interfaces/cmake/ros2_interfaces__rosidl_typesupport_introspection_cppExport-noconfig.cmake
-- Installing: /workspaces/template_ws/workspace_1/install/ros2_interfaces/share/ros2_interfaces/cmake/ros2_interfaces__rosidl_typesupport_cppExport.cmake
-- Installing: /workspaces/template_ws/workspace_1/install/ros2_interfaces/share/ros2_interfaces/cmake/ros2_interfaces__rosidl_typesupport_cppExport-noconfig.cmake
-- Installing: /workspaces/template_ws/workspace_1/install/ros2_interfaces/share/ros2_interfaces/cmake/export_ros2_interfaces__rosidl_generator_pyExport.cmake
-- Installing: /workspaces/template_ws/workspace_1/install/ros2_interfaces/share/ros2_interfaces/cmake/export_ros2_interfaces__rosidl_generator_pyExport-noconfig.cmake
-- Installing: /workspaces/template_ws/workspace_1/install/ros2_interfaces/share/ros2_interfaces/cmake/rosidl_cmake-extras.cmake
-- Installing: /workspaces/template_ws/workspace_1/install/ros2_interfaces/share/ros2_interfaces/cmake/ament_cmake_export_dependencies-extras.cmake
-- Installing: /workspaces/template_ws/workspace_1/install/ros2_interfaces/share/ros2_interfaces/cmake/ament_cmake_export_include_directories-extras.cmake
-- Installing: /workspaces/template_ws/workspace_1/install/ros2_interfaces/share/ros2_interfaces/cmake/ament_cmake_export_libraries-extras.cmake
-- Installing: /workspaces/template_ws/workspace_1/install/ros2_interfaces/share/ros2_interfaces/cmake/ament_cmake_export_targets-extras.cmake
-- Installing: /workspaces/template_ws/workspace_1/install/ros2_interfaces/share/ros2_interfaces/cmake/rosidl_cmake_export_typesupport_targets-extras.cmake
-- Installing: /workspaces/template_ws/workspace_1/install/ros2_interfaces/share/ros2_interfaces/cmake/rosidl_cmake_export_typesupport_libraries-extras.cmake
-- Installing: /workspaces/template_ws/workspace_1/install/ros2_interfaces/share/ros2_interfaces/cmake/ros2_interfacesConfig.cmake
-- Installing: /workspaces/template_ws/workspace_1/install/ros2_interfaces/share/ros2_interfaces/cmake/ros2_interfacesConfig-version.cmake
-- Installing: /workspaces/template_ws/workspace_1/install/ros2_interfaces/share/ros2_interfaces/package.xml
