[0.041s] Invoking command in '/workspaces/template_ws/workspace_1/build/ros2_interfaces': CMAKE_PREFIX_PATH=/opt/ros/humble /usr/bin/cmake /workspaces/template_ws/workspace_1/ros2_interfaces -DCMAKE_INSTALL_PREFIX=/workspaces/template_ws/workspace_1/install/ros2_interfaces
[0.086s] -- The C compiler identification is GNU 11.4.0
[0.137s] -- The CXX compiler identification is GNU 11.4.0
[0.143s] -- Detecting C compiler ABI info
[0.188s] -- Detecting C compiler ABI info - done
[0.194s] -- Check for working C compiler: /usr/bin/cc - skipped
[0.194s] -- Detecting C compile features
[0.195s] -- Detecting C compile features - done
[0.197s] -- Detecting CXX compiler ABI info
[0.251s] -- Detecting CXX compiler ABI info - done
[0.257s] -- Check for working CXX compiler: /usr/bin/c++ - skipped
[0.257s] -- Detecting CXX compile features
[0.258s] -- Detecting CXX compile features - done
[0.260s] -- Found ament_cmake: 1.3.5 (/opt/ros/humble/share/ament_cmake/cmake)
[0.374s] -- Found Python3: /usr/bin/python3.10 (found version "3.10.12") found components: Interpreter 
[0.447s] -- Found rosidl_default_generators: 1.2.0 (/opt/ros/humble/share/rosidl_default_generators/cmake)
[0.449s] -- Using all available rosidl_typesupport_c: rosidl_typesupport_fastrtps_c;rosidl_typesupport_introspection_c
[0.454s] -- Found rosidl_adapter: 3.1.5 (/opt/ros/humble/share/rosidl_adapter/cmake)
[0.490s] -- Using all available rosidl_typesupport_cpp: rosidl_typesupport_fastrtps_cpp;rosidl_typesupport_introspection_cpp
[0.764s] -- Found ament_cmake_ros: 0.10.0 (/opt/ros/humble/share/ament_cmake_ros/cmake)
[0.887s] -- Using all available rosidl_typesupport_c: rosidl_typesupport_fastrtps_c;rosidl_typesupport_introspection_c
[1.050s] -- Using all available rosidl_typesupport_cpp: rosidl_typesupport_fastrtps_cpp;rosidl_typesupport_introspection_cpp
[1.065s] -- Found PythonInterp: /usr/bin/python3 (found suitable version "3.10.12", minimum required is "3.6") 
[1.066s] -- Found python_cmake_module: 0.10.0 (/opt/ros/humble/share/python_cmake_module/cmake)
[1.083s] -- Found PythonLibs: /usr/lib/x86_64-linux-gnu/libpython3.10.so (found suitable version "3.10.12", minimum required is "3.5") 
[1.083s] -- Using PYTHON_EXECUTABLE: /usr/bin/python3
[1.083s] -- Using PYTHON_INCLUDE_DIRS: /usr/include/python3.10
[1.083s] -- Using PYTHON_LIBRARIES: /usr/lib/x86_64-linux-gnu/libpython3.10.so
[1.096s] -- Found PythonExtra: .so  
[1.129s] -- Configuring done
[1.156s] -- Generating done
[1.157s] -- Build files have been written to: /workspaces/template_ws/workspace_1/build/ros2_interfaces
[1.163s] Invoked command in '/workspaces/template_ws/workspace_1/build/ros2_interfaces' returned '0': CMAKE_PREFIX_PATH=/opt/ros/humble /usr/bin/cmake /workspaces/template_ws/workspace_1/ros2_interfaces -DCMAKE_INSTALL_PREFIX=/workspaces/template_ws/workspace_1/install/ros2_interfaces
[1.164s] Invoking command in '/workspaces/template_ws/workspace_1/build/ros2_interfaces': CMAKE_PREFIX_PATH=/opt/ros/humble /usr/bin/cmake --build /workspaces/template_ws/workspace_1/build/ros2_interfaces -- -j16 -l16
[1.192s] [  2%] [34m[1mGenerating C code for ROS interfaces[0m
[1.198s] [  4%] [34m[1mGenerating C++ code for ROS interfaces[0m
[1.203s] [  4%] Built target ament_cmake_python_copy_ros2_interfaces
[1.366s] running egg_info
[1.366s] creating ros2_interfaces.egg-info
[1.366s] writing ros2_interfaces.egg-info/PKG-INFO
[1.366s] writing dependency_links to ros2_interfaces.egg-info/dependency_links.txt
[1.367s] writing top-level names to ros2_interfaces.egg-info/top_level.txt
[1.367s] writing manifest file 'ros2_interfaces.egg-info/SOURCES.txt'
[1.368s] reading manifest file 'ros2_interfaces.egg-info/SOURCES.txt'
[1.369s] writing manifest file 'ros2_interfaces.egg-info/SOURCES.txt'
[1.391s] [  4%] Built target ament_cmake_python_build_ros2_interfaces_egg
[1.561s] [ 10%] [32mBuilding C object CMakeFiles/ros2_interfaces__rosidl_generator_c.dir/rosidl_generator_c/ros2_interfaces/srv/detail/add_two_ints__functions.c.o[0m
[1.562s] [ 10%] [32mBuilding C object CMakeFiles/ros2_interfaces__rosidl_generator_c.dir/rosidl_generator_c/ros2_interfaces/msg/detail/num__functions.c.o[0m
[1.562s] [ 10%] [32mBuilding C object CMakeFiles/ros2_interfaces__rosidl_generator_c.dir/rosidl_generator_c/ros2_interfaces/action/detail/fibonacci__functions.c.o[0m
[1.570s] [ 10%] Built target ros2_interfaces__cpp
[1.579s] [ 17%] [34m[1mGenerating C++ type support for eProsima Fast-RTPS[0m
[1.579s] [ 17%] [34m[1mGenerating C++ introspection for ROS interfaces[0m
[1.579s] [ 17%] [34m[1mGenerating C++ type support dispatch for ROS interfaces[0m
[1.651s] [ 19%] [32m[1mLinking C shared library libros2_interfaces__rosidl_generator_c.so[0m
[1.676s] [ 19%] Built target ros2_interfaces__rosidl_generator_c
[1.682s] [ 25%] [34m[1mGenerating C introspection for ROS interfaces[0m
[1.682s] [ 25%] [34m[1mGenerating C type support dispatch for ROS interfaces[0m
[1.682s] [ 25%] [34m[1mGenerating C type support for eProsima Fast-RTPS[0m
[1.821s] [ 31%] [32mBuilding CXX object CMakeFiles/ros2_interfaces__rosidl_typesupport_cpp.dir/rosidl_typesupport_cpp/ros2_interfaces/srv/add_two_ints__type_support.cpp.o[0m
[1.821s] [ 31%] [32mBuilding CXX object CMakeFiles/ros2_interfaces__rosidl_typesupport_cpp.dir/rosidl_typesupport_cpp/ros2_interfaces/action/fibonacci__type_support.cpp.o[0m
[1.822s] [ 31%] [32mBuilding CXX object CMakeFiles/ros2_interfaces__rosidl_typesupport_cpp.dir/rosidl_typesupport_cpp/ros2_interfaces/msg/num__type_support.cpp.o[0m
[1.869s] [ 34%] [32mBuilding CXX object CMakeFiles/ros2_interfaces__rosidl_typesupport_introspection_cpp.dir/rosidl_typesupport_introspection_cpp/ros2_interfaces/msg/detail/num__type_support.cpp.o[0m
[1.871s] [ 38%] [32mBuilding CXX object CMakeFiles/ros2_interfaces__rosidl_typesupport_introspection_cpp.dir/rosidl_typesupport_introspection_cpp/ros2_interfaces/srv/detail/add_two_ints__type_support.cpp.o[0m
[1.871s] [ 38%] [32mBuilding CXX object CMakeFiles/ros2_interfaces__rosidl_typesupport_introspection_cpp.dir/rosidl_typesupport_introspection_cpp/ros2_interfaces/action/detail/fibonacci__type_support.cpp.o[0m
[1.942s] [ 48%] [32mBuilding CXX object CMakeFiles/ros2_interfaces__rosidl_typesupport_c.dir/rosidl_typesupport_c/ros2_interfaces/msg/num__type_support.cpp.o[0m
[1.943s] [ 48%] [32mBuilding CXX object CMakeFiles/ros2_interfaces__rosidl_typesupport_c.dir/rosidl_typesupport_c/ros2_interfaces/srv/add_two_ints__type_support.cpp.o[0m
[1.943s] [ 48%] [32mBuilding CXX object CMakeFiles/ros2_interfaces__rosidl_typesupport_c.dir/rosidl_typesupport_c/ros2_interfaces/action/fibonacci__type_support.cpp.o[0m
[1.943s] [ 48%] [32mBuilding CXX object CMakeFiles/ros2_interfaces__rosidl_typesupport_fastrtps_cpp.dir/rosidl_typesupport_fastrtps_cpp/ros2_interfaces/msg/detail/dds_fastrtps/num__type_support.cpp.o[0m
[1.943s] [ 48%] [32mBuilding CXX object CMakeFiles/ros2_interfaces__rosidl_typesupport_fastrtps_cpp.dir/rosidl_typesupport_fastrtps_cpp/ros2_interfaces/action/detail/dds_fastrtps/fibonacci__type_support.cpp.o[0m
[1.943s] [ 51%] [32mBuilding CXX object CMakeFiles/ros2_interfaces__rosidl_typesupport_fastrtps_cpp.dir/rosidl_typesupport_fastrtps_cpp/ros2_interfaces/srv/detail/dds_fastrtps/add_two_ints__type_support.cpp.o[0m
[2.000s] [ 53%] [32m[1mLinking CXX shared library libros2_interfaces__rosidl_typesupport_c.so[0m
[2.074s] [ 53%] Built target ros2_interfaces__rosidl_typesupport_c
[2.104s] [ 57%] [32mBuilding CXX object CMakeFiles/ros2_interfaces__rosidl_typesupport_fastrtps_c.dir/rosidl_typesupport_fastrtps_c/ros2_interfaces/srv/detail/add_two_ints__type_support_c.cpp.o[0m
[2.105s] [ 57%] [32mBuilding CXX object CMakeFiles/ros2_interfaces__rosidl_typesupport_fastrtps_c.dir/rosidl_typesupport_fastrtps_c/ros2_interfaces/msg/detail/num__type_support_c.cpp.o[0m
[2.105s] [ 59%] [32mBuilding CXX object CMakeFiles/ros2_interfaces__rosidl_typesupport_fastrtps_c.dir/rosidl_typesupport_fastrtps_c/ros2_interfaces/action/detail/fibonacci__type_support_c.cpp.o[0m
[2.127s] [ 61%] [32mBuilding C object CMakeFiles/ros2_interfaces__rosidl_typesupport_introspection_c.dir/rosidl_typesupport_introspection_c/ros2_interfaces/srv/detail/add_two_ints__type_support.c.o[0m
[2.127s] [ 65%] [32mBuilding C object CMakeFiles/ros2_interfaces__rosidl_typesupport_introspection_c.dir/rosidl_typesupport_introspection_c/ros2_interfaces/action/detail/fibonacci__type_support.c.o[0m
[2.128s] [ 65%] [32mBuilding C object CMakeFiles/ros2_interfaces__rosidl_typesupport_introspection_c.dir/rosidl_typesupport_introspection_c/ros2_interfaces/msg/detail/num__type_support.c.o[0m
[2.190s] [ 68%] [32m[1mLinking C shared library libros2_interfaces__rosidl_typesupport_introspection_c.so[0m
[2.236s] [ 68%] Built target ros2_interfaces__rosidl_typesupport_introspection_c
[2.306s] [ 70%] [32m[1mLinking CXX shared library libros2_interfaces__rosidl_typesupport_cpp.so[0m
[2.345s] [ 70%] Built target ros2_interfaces__rosidl_typesupport_cpp
[2.495s] [ 72%] [32m[1mLinking CXX shared library libros2_interfaces__rosidl_typesupport_fastrtps_cpp.so[0m
[2.495s] [ 74%] [32m[1mLinking CXX shared library libros2_interfaces__rosidl_typesupport_fastrtps_c.so[0m
[2.544s] [ 76%] [32m[1mLinking CXX shared library libros2_interfaces__rosidl_typesupport_introspection_cpp.so[0m
[2.565s] [ 76%] Built target ros2_interfaces__rosidl_typesupport_fastrtps_cpp
[2.566s] [ 76%] Built target ros2_interfaces__rosidl_typesupport_fastrtps_c
[2.593s] [ 76%] Built target ros2_interfaces__rosidl_typesupport_introspection_cpp
[2.605s] [ 76%] Built target ros2_interfaces
[2.619s] [ 78%] [34m[1mGenerating Python code for ROS interfaces[0m
[3.231s] [ 78%] Built target ros2_interfaces__py
[3.244s] [ 85%] [32mBuilding C object CMakeFiles/ros2_interfaces__rosidl_generator_py.dir/rosidl_generator_py/ros2_interfaces/msg/_num_s.c.o[0m
[3.244s] [ 85%] [32mBuilding C object CMakeFiles/ros2_interfaces__rosidl_generator_py.dir/rosidl_generator_py/ros2_interfaces/srv/_add_two_ints_s.c.o[0m
[3.245s] [ 85%] [32mBuilding C object CMakeFiles/ros2_interfaces__rosidl_generator_py.dir/rosidl_generator_py/ros2_interfaces/action/_fibonacci_s.c.o[0m
[3.344s] [ 87%] [32m[1mLinking C shared library rosidl_generator_py/ros2_interfaces/libros2_interfaces__rosidl_generator_py.so[0m
[3.372s] [ 87%] Built target ros2_interfaces__rosidl_generator_py
[3.384s] [ 93%] [32mBuilding C object CMakeFiles/ros2_interfaces__rosidl_typesupport_introspection_c__pyext.dir/rosidl_generator_py/ros2_interfaces/_ros2_interfaces_s.ep.rosidl_typesupport_introspection_c.c.o[0m
[3.384s] [ 93%] [32mBuilding C object CMakeFiles/ros2_interfaces__rosidl_typesupport_fastrtps_c__pyext.dir/rosidl_generator_py/ros2_interfaces/_ros2_interfaces_s.ep.rosidl_typesupport_fastrtps_c.c.o[0m
[3.384s] [ 93%] [32mBuilding C object CMakeFiles/ros2_interfaces__rosidl_typesupport_c__pyext.dir/rosidl_generator_py/ros2_interfaces/_ros2_interfaces_s.ep.rosidl_typesupport_c.c.o[0m
[3.470s] [ 97%] [32m[1mLinking C shared library rosidl_generator_py/ros2_interfaces/ros2_interfaces_s__rosidl_typesupport_fastrtps_c.cpython-310-x86_64-linux-gnu.so[0m
[3.470s] [ 97%] [32m[1mLinking C shared library rosidl_generator_py/ros2_interfaces/ros2_interfaces_s__rosidl_typesupport_c.cpython-310-x86_64-linux-gnu.so[0m
[3.470s] [100%] [32m[1mLinking C shared library rosidl_generator_py/ros2_interfaces/ros2_interfaces_s__rosidl_typesupport_introspection_c.cpython-310-x86_64-linux-gnu.so[0m
[3.498s] [100%] Built target ros2_interfaces__rosidl_typesupport_fastrtps_c__pyext
[3.498s] [100%] Built target ros2_interfaces__rosidl_typesupport_c__pyext
[3.498s] [100%] Built target ros2_interfaces__rosidl_typesupport_introspection_c__pyext
[3.505s] Invoked command in '/workspaces/template_ws/workspace_1/build/ros2_interfaces' returned '0': CMAKE_PREFIX_PATH=/opt/ros/humble /usr/bin/cmake --build /workspaces/template_ws/workspace_1/build/ros2_interfaces -- -j16 -l16
[3.563s] Invoking command in '/workspaces/template_ws/workspace_1/build/ros2_interfaces': CMAKE_PREFIX_PATH=/opt/ros/humble /usr/bin/cmake --install /workspaces/template_ws/workspace_1/build/ros2_interfaces
[3.568s] -- Install configuration: ""
[3.568s] -- Installing: /workspaces/template_ws/workspace_1/install/ros2_interfaces/share/ament_index/resource_index/rosidl_interfaces/ros2_interfaces
[3.568s] -- Installing: /workspaces/template_ws/workspace_1/install/ros2_interfaces/include/ros2_interfaces/ros2_interfaces
[3.568s] -- Installing: /workspaces/template_ws/workspace_1/install/ros2_interfaces/include/ros2_interfaces/ros2_interfaces/srv
[3.569s] -- Installing: /workspaces/template_ws/workspace_1/install/ros2_interfaces/include/ros2_interfaces/ros2_interfaces/srv/detail
[3.569s] -- Installing: /workspaces/template_ws/workspace_1/install/ros2_interfaces/include/ros2_interfaces/ros2_interfaces/srv/detail/add_two_ints__struct.h
[3.569s] -- Installing: /workspaces/template_ws/workspace_1/install/ros2_interfaces/include/ros2_interfaces/ros2_interfaces/srv/detail/add_two_ints__type_support.h
[3.569s] -- Installing: /workspaces/template_ws/workspace_1/install/ros2_interfaces/include/ros2_interfaces/ros2_interfaces/srv/detail/add_two_ints__functions.c
[3.569s] -- Installing: /workspaces/template_ws/workspace_1/install/ros2_interfaces/include/ros2_interfaces/ros2_interfaces/srv/detail/add_two_ints__functions.h
[3.569s] -- Installing: /workspaces/template_ws/workspace_1/install/ros2_interfaces/include/ros2_interfaces/ros2_interfaces/srv/add_two_ints.h
[3.569s] -- Installing: /workspaces/template_ws/workspace_1/install/ros2_interfaces/include/ros2_interfaces/ros2_interfaces/action
[3.569s] -- Installing: /workspaces/template_ws/workspace_1/install/ros2_interfaces/include/ros2_interfaces/ros2_interfaces/action/detail
[3.569s] -- Installing: /workspaces/template_ws/workspace_1/install/ros2_interfaces/include/ros2_interfaces/ros2_interfaces/action/detail/fibonacci__functions.c
[3.569s] -- Installing: /workspaces/template_ws/workspace_1/install/ros2_interfaces/include/ros2_interfaces/ros2_interfaces/action/detail/fibonacci__functions.h
[3.569s] -- Installing: /workspaces/template_ws/workspace_1/install/ros2_interfaces/include/ros2_interfaces/ros2_interfaces/action/detail/fibonacci__type_support.h
[3.569s] -- Installing: /workspaces/template_ws/workspace_1/install/ros2_interfaces/include/ros2_interfaces/ros2_interfaces/action/detail/fibonacci__struct.h
[3.570s] -- Installing: /workspaces/template_ws/workspace_1/install/ros2_interfaces/include/ros2_interfaces/ros2_interfaces/action/fibonacci.h
[3.570s] -- Installing: /workspaces/template_ws/workspace_1/install/ros2_interfaces/include/ros2_interfaces/ros2_interfaces/msg
[3.570s] -- Installing: /workspaces/template_ws/workspace_1/install/ros2_interfaces/include/ros2_interfaces/ros2_interfaces/msg/detail
[3.570s] -- Installing: /workspaces/template_ws/workspace_1/install/ros2_interfaces/include/ros2_interfaces/ros2_interfaces/msg/detail/num__functions.h
[3.570s] -- Installing: /workspaces/template_ws/workspace_1/install/ros2_interfaces/include/ros2_interfaces/ros2_interfaces/msg/detail/num__type_support.h
[3.570s] -- Installing: /workspaces/template_ws/workspace_1/install/ros2_interfaces/include/ros2_interfaces/ros2_interfaces/msg/detail/num__functions.c
[3.570s] -- Installing: /workspaces/template_ws/workspace_1/install/ros2_interfaces/include/ros2_interfaces/ros2_interfaces/msg/detail/num__struct.h
[3.570s] -- Installing: /workspaces/template_ws/workspace_1/install/ros2_interfaces/include/ros2_interfaces/ros2_interfaces/msg/rosidl_generator_c__visibility_control.h
[3.570s] -- Installing: /workspaces/template_ws/workspace_1/install/ros2_interfaces/include/ros2_interfaces/ros2_interfaces/msg/num.h
[3.570s] -- Installing: /workspaces/template_ws/workspace_1/install/ros2_interfaces/share/ros2_interfaces/environment/library_path.sh
[3.570s] -- Installing: /workspaces/template_ws/workspace_1/install/ros2_interfaces/share/ros2_interfaces/environment/library_path.dsv
[3.570s] -- Installing: /workspaces/template_ws/workspace_1/install/ros2_interfaces/lib/libros2_interfaces__rosidl_generator_c.so
[3.570s] -- Set runtime path of "/workspaces/template_ws/workspace_1/install/ros2_interfaces/lib/libros2_interfaces__rosidl_generator_c.so" to ""
[3.570s] -- Up-to-date: /workspaces/template_ws/workspace_1/install/ros2_interfaces/include/ros2_interfaces/ros2_interfaces
[3.571s] -- Up-to-date: /workspaces/template_ws/workspace_1/install/ros2_interfaces/include/ros2_interfaces/ros2_interfaces/srv
[3.571s] -- Up-to-date: /workspaces/template_ws/workspace_1/install/ros2_interfaces/include/ros2_interfaces/ros2_interfaces/srv/detail
[3.571s] -- Installing: /workspaces/template_ws/workspace_1/install/ros2_interfaces/include/ros2_interfaces/ros2_interfaces/srv/detail/add_two_ints__rosidl_typesupport_fastrtps_c.h
[3.571s] -- Up-to-date: /workspaces/template_ws/workspace_1/install/ros2_interfaces/include/ros2_interfaces/ros2_interfaces/action
[3.571s] -- Up-to-date: /workspaces/template_ws/workspace_1/install/ros2_interfaces/include/ros2_interfaces/ros2_interfaces/action/detail
[3.571s] -- Installing: /workspaces/template_ws/workspace_1/install/ros2_interfaces/include/ros2_interfaces/ros2_interfaces/action/detail/fibonacci__rosidl_typesupport_fastrtps_c.h
[3.571s] -- Up-to-date: /workspaces/template_ws/workspace_1/install/ros2_interfaces/include/ros2_interfaces/ros2_interfaces/msg
[3.571s] -- Up-to-date: /workspaces/template_ws/workspace_1/install/ros2_interfaces/include/ros2_interfaces/ros2_interfaces/msg/detail
[3.571s] -- Installing: /workspaces/template_ws/workspace_1/install/ros2_interfaces/include/ros2_interfaces/ros2_interfaces/msg/detail/num__rosidl_typesupport_fastrtps_c.h
[3.571s] -- Installing: /workspaces/template_ws/workspace_1/install/ros2_interfaces/include/ros2_interfaces/ros2_interfaces/msg/rosidl_typesupport_fastrtps_c__visibility_control.h
[3.571s] -- Installing: /workspaces/template_ws/workspace_1/install/ros2_interfaces/lib/libros2_interfaces__rosidl_typesupport_fastrtps_c.so
[3.571s] -- Set runtime path of "/workspaces/template_ws/workspace_1/install/ros2_interfaces/lib/libros2_interfaces__rosidl_typesupport_fastrtps_c.so" to ""
[3.571s] -- Up-to-date: /workspaces/template_ws/workspace_1/install/ros2_interfaces/include/ros2_interfaces/ros2_interfaces
[3.571s] -- Up-to-date: /workspaces/template_ws/workspace_1/install/ros2_interfaces/include/ros2_interfaces/ros2_interfaces/srv
[3.571s] -- Up-to-date: /workspaces/template_ws/workspace_1/install/ros2_interfaces/include/ros2_interfaces/ros2_interfaces/srv/detail
[3.571s] -- Installing: /workspaces/template_ws/workspace_1/install/ros2_interfaces/include/ros2_interfaces/ros2_interfaces/srv/detail/add_two_ints__type_support.c
[3.571s] -- Installing: /workspaces/template_ws/workspace_1/install/ros2_interfaces/include/ros2_interfaces/ros2_interfaces/srv/detail/add_two_ints__rosidl_typesupport_introspection_c.h
[3.572s] -- Up-to-date: /workspaces/template_ws/workspace_1/install/ros2_interfaces/include/ros2_interfaces/ros2_interfaces/action
[3.572s] -- Up-to-date: /workspaces/template_ws/workspace_1/install/ros2_interfaces/include/ros2_interfaces/ros2_interfaces/action/detail
[3.572s] -- Installing: /workspaces/template_ws/workspace_1/install/ros2_interfaces/include/ros2_interfaces/ros2_interfaces/action/detail/fibonacci__type_support.c
[3.572s] -- Installing: /workspaces/template_ws/workspace_1/install/ros2_interfaces/include/ros2_interfaces/ros2_interfaces/action/detail/fibonacci__rosidl_typesupport_introspection_c.h
[3.572s] -- Up-to-date: /workspaces/template_ws/workspace_1/install/ros2_interfaces/include/ros2_interfaces/ros2_interfaces/msg
[3.572s] -- Installing: /workspaces/template_ws/workspace_1/install/ros2_interfaces/include/ros2_interfaces/ros2_interfaces/msg/rosidl_typesupport_introspection_c__visibility_control.h
[3.572s] -- Up-to-date: /workspaces/template_ws/workspace_1/install/ros2_interfaces/include/ros2_interfaces/ros2_interfaces/msg/detail
[3.572s] -- Installing: /workspaces/template_ws/workspace_1/install/ros2_interfaces/include/ros2_interfaces/ros2_interfaces/msg/detail/num__rosidl_typesupport_introspection_c.h
[3.572s] -- Installing: /workspaces/template_ws/workspace_1/install/ros2_interfaces/include/ros2_interfaces/ros2_interfaces/msg/detail/num__type_support.c
[3.572s] -- Installing: /workspaces/template_ws/workspace_1/install/ros2_interfaces/lib/libros2_interfaces__rosidl_typesupport_introspection_c.so
[3.572s] -- Set runtime path of "/workspaces/template_ws/workspace_1/install/ros2_interfaces/lib/libros2_interfaces__rosidl_typesupport_introspection_c.so" to ""
[3.572s] -- Installing: /workspaces/template_ws/workspace_1/install/ros2_interfaces/lib/libros2_interfaces__rosidl_typesupport_c.so
[3.572s] -- Set runtime path of "/workspaces/template_ws/workspace_1/install/ros2_interfaces/lib/libros2_interfaces__rosidl_typesupport_c.so" to ""
[3.572s] -- Up-to-date: /workspaces/template_ws/workspace_1/install/ros2_interfaces/include/ros2_interfaces/ros2_interfaces
[3.572s] -- Up-to-date: /workspaces/template_ws/workspace_1/install/ros2_interfaces/include/ros2_interfaces/ros2_interfaces/srv
[3.572s] -- Installing: /workspaces/template_ws/workspace_1/install/ros2_interfaces/include/ros2_interfaces/ros2_interfaces/srv/add_two_ints.hpp
[3.573s] -- Up-to-date: /workspaces/template_ws/workspace_1/install/ros2_interfaces/include/ros2_interfaces/ros2_interfaces/srv/detail
[3.573s] -- Installing: /workspaces/template_ws/workspace_1/install/ros2_interfaces/include/ros2_interfaces/ros2_interfaces/srv/detail/add_two_ints__struct.hpp
[3.573s] -- Installing: /workspaces/template_ws/workspace_1/install/ros2_interfaces/include/ros2_interfaces/ros2_interfaces/srv/detail/add_two_ints__traits.hpp
[3.573s] -- Installing: /workspaces/template_ws/workspace_1/install/ros2_interfaces/include/ros2_interfaces/ros2_interfaces/srv/detail/add_two_ints__builder.hpp
[3.573s] -- Up-to-date: /workspaces/template_ws/workspace_1/install/ros2_interfaces/include/ros2_interfaces/ros2_interfaces/action
[3.573s] -- Installing: /workspaces/template_ws/workspace_1/install/ros2_interfaces/include/ros2_interfaces/ros2_interfaces/action/fibonacci.hpp
[3.573s] -- Up-to-date: /workspaces/template_ws/workspace_1/install/ros2_interfaces/include/ros2_interfaces/ros2_interfaces/action/detail
[3.573s] -- Installing: /workspaces/template_ws/workspace_1/install/ros2_interfaces/include/ros2_interfaces/ros2_interfaces/action/detail/fibonacci__builder.hpp
[3.573s] -- Installing: /workspaces/template_ws/workspace_1/install/ros2_interfaces/include/ros2_interfaces/ros2_interfaces/action/detail/fibonacci__struct.hpp
[3.573s] -- Installing: /workspaces/template_ws/workspace_1/install/ros2_interfaces/include/ros2_interfaces/ros2_interfaces/action/detail/fibonacci__traits.hpp
[3.573s] -- Up-to-date: /workspaces/template_ws/workspace_1/install/ros2_interfaces/include/ros2_interfaces/ros2_interfaces/msg
[3.574s] -- Up-to-date: /workspaces/template_ws/workspace_1/install/ros2_interfaces/include/ros2_interfaces/ros2_interfaces/msg/detail
[3.574s] -- Installing: /workspaces/template_ws/workspace_1/install/ros2_interfaces/include/ros2_interfaces/ros2_interfaces/msg/detail/num__traits.hpp
[3.574s] -- Installing: /workspaces/template_ws/workspace_1/install/ros2_interfaces/include/ros2_interfaces/ros2_interfaces/msg/detail/num__struct.hpp
[3.574s] -- Installing: /workspaces/template_ws/workspace_1/install/ros2_interfaces/include/ros2_interfaces/ros2_interfaces/msg/detail/num__builder.hpp
[3.574s] -- Installing: /workspaces/template_ws/workspace_1/install/ros2_interfaces/include/ros2_interfaces/ros2_interfaces/msg/num.hpp
[3.574s] -- Up-to-date: /workspaces/template_ws/workspace_1/install/ros2_interfaces/include/ros2_interfaces/ros2_interfaces
[3.574s] -- Up-to-date: /workspaces/template_ws/workspace_1/install/ros2_interfaces/include/ros2_interfaces/ros2_interfaces/srv
[3.574s] -- Up-to-date: /workspaces/template_ws/workspace_1/install/ros2_interfaces/include/ros2_interfaces/ros2_interfaces/srv/detail
[3.574s] -- Installing: /workspaces/template_ws/workspace_1/install/ros2_interfaces/include/ros2_interfaces/ros2_interfaces/srv/detail/dds_fastrtps
[3.574s] -- Installing: /workspaces/template_ws/workspace_1/install/ros2_interfaces/include/ros2_interfaces/ros2_interfaces/srv/detail/add_two_ints__rosidl_typesupport_fastrtps_cpp.hpp
[3.574s] -- Up-to-date: /workspaces/template_ws/workspace_1/install/ros2_interfaces/include/ros2_interfaces/ros2_interfaces/action
[3.574s] -- Up-to-date: /workspaces/template_ws/workspace_1/install/ros2_interfaces/include/ros2_interfaces/ros2_interfaces/action/detail
[3.574s] -- Installing: /workspaces/template_ws/workspace_1/install/ros2_interfaces/include/ros2_interfaces/ros2_interfaces/action/detail/dds_fastrtps
[3.574s] -- Installing: /workspaces/template_ws/workspace_1/install/ros2_interfaces/include/ros2_interfaces/ros2_interfaces/action/detail/fibonacci__rosidl_typesupport_fastrtps_cpp.hpp
[3.574s] -- Up-to-date: /workspaces/template_ws/workspace_1/install/ros2_interfaces/include/ros2_interfaces/ros2_interfaces/msg
[3.574s] -- Up-to-date: /workspaces/template_ws/workspace_1/install/ros2_interfaces/include/ros2_interfaces/ros2_interfaces/msg/detail
[3.574s] -- Installing: /workspaces/template_ws/workspace_1/install/ros2_interfaces/include/ros2_interfaces/ros2_interfaces/msg/detail/dds_fastrtps
[3.574s] -- Installing: /workspaces/template_ws/workspace_1/install/ros2_interfaces/include/ros2_interfaces/ros2_interfaces/msg/detail/num__rosidl_typesupport_fastrtps_cpp.hpp
[3.575s] -- Installing: /workspaces/template_ws/workspace_1/install/ros2_interfaces/include/ros2_interfaces/ros2_interfaces/msg/rosidl_typesupport_fastrtps_cpp__visibility_control.h
[3.575s] -- Installing: /workspaces/template_ws/workspace_1/install/ros2_interfaces/lib/libros2_interfaces__rosidl_typesupport_fastrtps_cpp.so
[3.575s] -- Set runtime path of "/workspaces/template_ws/workspace_1/install/ros2_interfaces/lib/libros2_interfaces__rosidl_typesupport_fastrtps_cpp.so" to ""
[3.575s] -- Up-to-date: /workspaces/template_ws/workspace_1/install/ros2_interfaces/include/ros2_interfaces/ros2_interfaces
[3.575s] -- Up-to-date: /workspaces/template_ws/workspace_1/install/ros2_interfaces/include/ros2_interfaces/ros2_interfaces/srv
[3.575s] -- Up-to-date: /workspaces/template_ws/workspace_1/install/ros2_interfaces/include/ros2_interfaces/ros2_interfaces/srv/detail
[3.575s] -- Installing: /workspaces/template_ws/workspace_1/install/ros2_interfaces/include/ros2_interfaces/ros2_interfaces/srv/detail/add_two_ints__rosidl_typesupport_introspection_cpp.hpp
[3.575s] -- Installing: /workspaces/template_ws/workspace_1/install/ros2_interfaces/include/ros2_interfaces/ros2_interfaces/srv/detail/add_two_ints__type_support.cpp
[3.575s] -- Up-to-date: /workspaces/template_ws/workspace_1/install/ros2_interfaces/include/ros2_interfaces/ros2_interfaces/action
[3.575s] -- Up-to-date: /workspaces/template_ws/workspace_1/install/ros2_interfaces/include/ros2_interfaces/ros2_interfaces/action/detail
[3.575s] -- Installing: /workspaces/template_ws/workspace_1/install/ros2_interfaces/include/ros2_interfaces/ros2_interfaces/action/detail/fibonacci__type_support.cpp
[3.575s] -- Installing: /workspaces/template_ws/workspace_1/install/ros2_interfaces/include/ros2_interfaces/ros2_interfaces/action/detail/fibonacci__rosidl_typesupport_introspection_cpp.hpp
[3.575s] -- Up-to-date: /workspaces/template_ws/workspace_1/install/ros2_interfaces/include/ros2_interfaces/ros2_interfaces/msg
[3.575s] -- Up-to-date: /workspaces/template_ws/workspace_1/install/ros2_interfaces/include/ros2_interfaces/ros2_interfaces/msg/detail
[3.575s] -- Installing: /workspaces/template_ws/workspace_1/install/ros2_interfaces/include/ros2_interfaces/ros2_interfaces/msg/detail/num__type_support.cpp
[3.575s] -- Installing: /workspaces/template_ws/workspace_1/install/ros2_interfaces/include/ros2_interfaces/ros2_interfaces/msg/detail/num__rosidl_typesupport_introspection_cpp.hpp
[3.575s] -- Installing: /workspaces/template_ws/workspace_1/install/ros2_interfaces/lib/libros2_interfaces__rosidl_typesupport_introspection_cpp.so
[3.575s] -- Set runtime path of "/workspaces/template_ws/workspace_1/install/ros2_interfaces/lib/libros2_interfaces__rosidl_typesupport_introspection_cpp.so" to ""
[3.575s] -- Installing: /workspaces/template_ws/workspace_1/install/ros2_interfaces/lib/libros2_interfaces__rosidl_typesupport_cpp.so
[3.576s] -- Set runtime path of "/workspaces/template_ws/workspace_1/install/ros2_interfaces/lib/libros2_interfaces__rosidl_typesupport_cpp.so" to ""
[3.576s] -- Installing: /workspaces/template_ws/workspace_1/install/ros2_interfaces/share/ros2_interfaces/environment/pythonpath.sh
[3.576s] -- Installing: /workspaces/template_ws/workspace_1/install/ros2_interfaces/share/ros2_interfaces/environment/pythonpath.dsv
[3.576s] -- Installing: /workspaces/template_ws/workspace_1/install/ros2_interfaces/local/lib/python3.10/dist-packages/ros2_interfaces-0.0.0-py3.10.egg-info
[3.576s] -- Installing: /workspaces/template_ws/workspace_1/install/ros2_interfaces/local/lib/python3.10/dist-packages/ros2_interfaces-0.0.0-py3.10.egg-info/dependency_links.txt
[3.576s] -- Installing: /workspaces/template_ws/workspace_1/install/ros2_interfaces/local/lib/python3.10/dist-packages/ros2_interfaces-0.0.0-py3.10.egg-info/top_level.txt
[3.576s] -- Installing: /workspaces/template_ws/workspace_1/install/ros2_interfaces/local/lib/python3.10/dist-packages/ros2_interfaces-0.0.0-py3.10.egg-info/PKG-INFO
[3.576s] -- Installing: /workspaces/template_ws/workspace_1/install/ros2_interfaces/local/lib/python3.10/dist-packages/ros2_interfaces-0.0.0-py3.10.egg-info/SOURCES.txt
[3.576s] -- Installing: /workspaces/template_ws/workspace_1/install/ros2_interfaces/local/lib/python3.10/dist-packages/ros2_interfaces
[3.576s] -- Installing: /workspaces/template_ws/workspace_1/install/ros2_interfaces/local/lib/python3.10/dist-packages/ros2_interfaces/srv
[3.576s] -- Installing: /workspaces/template_ws/workspace_1/install/ros2_interfaces/local/lib/python3.10/dist-packages/ros2_interfaces/srv/_add_two_ints.py
[3.576s] -- Installing: /workspaces/template_ws/workspace_1/install/ros2_interfaces/local/lib/python3.10/dist-packages/ros2_interfaces/srv/_add_two_ints_s.c
[3.576s] -- Installing: /workspaces/template_ws/workspace_1/install/ros2_interfaces/local/lib/python3.10/dist-packages/ros2_interfaces/srv/__init__.py
[3.576s] -- Installing: /workspaces/template_ws/workspace_1/install/ros2_interfaces/local/lib/python3.10/dist-packages/ros2_interfaces/action
[3.576s] -- Installing: /workspaces/template_ws/workspace_1/install/ros2_interfaces/local/lib/python3.10/dist-packages/ros2_interfaces/action/_fibonacci_s.c
[3.576s] -- Installing: /workspaces/template_ws/workspace_1/install/ros2_interfaces/local/lib/python3.10/dist-packages/ros2_interfaces/action/_fibonacci.py
[3.576s] -- Installing: /workspaces/template_ws/workspace_1/install/ros2_interfaces/local/lib/python3.10/dist-packages/ros2_interfaces/action/__init__.py
[3.576s] -- Installing: /workspaces/template_ws/workspace_1/install/ros2_interfaces/local/lib/python3.10/dist-packages/ros2_interfaces/_ros2_interfaces_s.ep.rosidl_typesupport_fastrtps_c.c
[3.577s] -- Installing: /workspaces/template_ws/workspace_1/install/ros2_interfaces/local/lib/python3.10/dist-packages/ros2_interfaces/_ros2_interfaces_s.ep.rosidl_typesupport_introspection_c.c
[3.577s] -- Installing: /workspaces/template_ws/workspace_1/install/ros2_interfaces/local/lib/python3.10/dist-packages/ros2_interfaces/_ros2_interfaces_s.ep.rosidl_typesupport_c.c
[3.577s] -- Installing: /workspaces/template_ws/workspace_1/install/ros2_interfaces/local/lib/python3.10/dist-packages/ros2_interfaces/ros2_interfaces_s__rosidl_typesupport_fastrtps_c.cpython-310-x86_64-linux-gnu.so
[3.577s] -- Installing: /workspaces/template_ws/workspace_1/install/ros2_interfaces/local/lib/python3.10/dist-packages/ros2_interfaces/ros2_interfaces_s__rosidl_typesupport_c.cpython-310-x86_64-linux-gnu.so
[3.577s] -- Installing: /workspaces/template_ws/workspace_1/install/ros2_interfaces/local/lib/python3.10/dist-packages/ros2_interfaces/libros2_interfaces__rosidl_generator_py.so
[3.577s] -- Installing: /workspaces/template_ws/workspace_1/install/ros2_interfaces/local/lib/python3.10/dist-packages/ros2_interfaces/__init__.py
[3.577s] -- Installing: /workspaces/template_ws/workspace_1/install/ros2_interfaces/local/lib/python3.10/dist-packages/ros2_interfaces/ros2_interfaces_s__rosidl_typesupport_introspection_c.cpython-310-x86_64-linux-gnu.so
[3.577s] -- Installing: /workspaces/template_ws/workspace_1/install/ros2_interfaces/local/lib/python3.10/dist-packages/ros2_interfaces/msg
[3.577s] -- Installing: /workspaces/template_ws/workspace_1/install/ros2_interfaces/local/lib/python3.10/dist-packages/ros2_interfaces/msg/_num_s.c
[3.577s] -- Installing: /workspaces/template_ws/workspace_1/install/ros2_interfaces/local/lib/python3.10/dist-packages/ros2_interfaces/msg/_num.py
[3.577s] -- Installing: /workspaces/template_ws/workspace_1/install/ros2_interfaces/local/lib/python3.10/dist-packages/ros2_interfaces/msg/__init__.py
[3.606s] Listing '/workspaces/template_ws/workspace_1/install/ros2_interfaces/local/lib/python3.10/dist-packages/ros2_interfaces'...
[3.606s] Compiling '/workspaces/template_ws/workspace_1/install/ros2_interfaces/local/lib/python3.10/dist-packages/ros2_interfaces/__init__.py'...
[3.606s] Listing '/workspaces/template_ws/workspace_1/install/ros2_interfaces/local/lib/python3.10/dist-packages/ros2_interfaces/action'...
[3.606s] Compiling '/workspaces/template_ws/workspace_1/install/ros2_interfaces/local/lib/python3.10/dist-packages/ros2_interfaces/action/__init__.py'...
[3.607s] Compiling '/workspaces/template_ws/workspace_1/install/ros2_interfaces/local/lib/python3.10/dist-packages/ros2_interfaces/action/_fibonacci.py'...
[3.607s] Listing '/workspaces/template_ws/workspace_1/install/ros2_interfaces/local/lib/python3.10/dist-packages/ros2_interfaces/msg'...
[3.607s] Compiling '/workspaces/template_ws/workspace_1/install/ros2_interfaces/local/lib/python3.10/dist-packages/ros2_interfaces/msg/__init__.py'...
[3.607s] Compiling '/workspaces/template_ws/workspace_1/install/ros2_interfaces/local/lib/python3.10/dist-packages/ros2_interfaces/msg/_num.py'...
[3.607s] Listing '/workspaces/template_ws/workspace_1/install/ros2_interfaces/local/lib/python3.10/dist-packages/ros2_interfaces/srv'...
[3.607s] Compiling '/workspaces/template_ws/workspace_1/install/ros2_interfaces/local/lib/python3.10/dist-packages/ros2_interfaces/srv/__init__.py'...
[3.607s] Compiling '/workspaces/template_ws/workspace_1/install/ros2_interfaces/local/lib/python3.10/dist-packages/ros2_interfaces/srv/_add_two_ints.py'...
[3.610s] -- Installing: /workspaces/template_ws/workspace_1/install/ros2_interfaces/local/lib/python3.10/dist-packages/ros2_interfaces/ros2_interfaces_s__rosidl_typesupport_fastrtps_c.cpython-310-x86_64-linux-gnu.so
[3.610s] -- Set runtime path of "/workspaces/template_ws/workspace_1/install/ros2_interfaces/local/lib/python3.10/dist-packages/ros2_interfaces/ros2_interfaces_s__rosidl_typesupport_fastrtps_c.cpython-310-x86_64-linux-gnu.so" to ""
[3.610s] -- Installing: /workspaces/template_ws/workspace_1/install/ros2_interfaces/local/lib/python3.10/dist-packages/ros2_interfaces/ros2_interfaces_s__rosidl_typesupport_introspection_c.cpython-310-x86_64-linux-gnu.so
[3.610s] -- Set runtime path of "/workspaces/template_ws/workspace_1/install/ros2_interfaces/local/lib/python3.10/dist-packages/ros2_interfaces/ros2_interfaces_s__rosidl_typesupport_introspection_c.cpython-310-x86_64-linux-gnu.so" to ""
[3.611s] -- Installing: /workspaces/template_ws/workspace_1/install/ros2_interfaces/local/lib/python3.10/dist-packages/ros2_interfaces/ros2_interfaces_s__rosidl_typesupport_c.cpython-310-x86_64-linux-gnu.so
[3.611s] -- Set runtime path of "/workspaces/template_ws/workspace_1/install/ros2_interfaces/local/lib/python3.10/dist-packages/ros2_interfaces/ros2_interfaces_s__rosidl_typesupport_c.cpython-310-x86_64-linux-gnu.so" to ""
[3.611s] -- Installing: /workspaces/template_ws/workspace_1/install/ros2_interfaces/lib/libros2_interfaces__rosidl_generator_py.so
[3.611s] -- Set runtime path of "/workspaces/template_ws/workspace_1/install/ros2_interfaces/lib/libros2_interfaces__rosidl_generator_py.so" to ""
[3.611s] -- Installing: /workspaces/template_ws/workspace_1/install/ros2_interfaces/share/ros2_interfaces/msg/Num.idl
[3.611s] -- Installing: /workspaces/template_ws/workspace_1/install/ros2_interfaces/share/ros2_interfaces/srv/AddTwoInts.idl
[3.611s] -- Installing: /workspaces/template_ws/workspace_1/install/ros2_interfaces/share/ros2_interfaces/action/Fibonacci.idl
[3.611s] -- Installing: /workspaces/template_ws/workspace_1/install/ros2_interfaces/share/ros2_interfaces/msg/Num.msg
[3.611s] -- Installing: /workspaces/template_ws/workspace_1/install/ros2_interfaces/share/ros2_interfaces/srv/AddTwoInts.srv
[3.611s] -- Installing: /workspaces/template_ws/workspace_1/install/ros2_interfaces/share/ros2_interfaces/srv/AddTwoInts_Request.msg
[3.612s] -- Installing: /workspaces/template_ws/workspace_1/install/ros2_interfaces/share/ros2_interfaces/srv/AddTwoInts_Response.msg
[3.612s] -- Installing: /workspaces/template_ws/workspace_1/install/ros2_interfaces/share/ros2_interfaces/action/Fibonacci.action
[3.612s] -- Installing: /workspaces/template_ws/workspace_1/install/ros2_interfaces/share/ament_index/resource_index/package_run_dependencies/ros2_interfaces
[3.612s] -- Installing: /workspaces/template_ws/workspace_1/install/ros2_interfaces/share/ament_index/resource_index/parent_prefix_path/ros2_interfaces
[3.612s] -- Installing: /workspaces/template_ws/workspace_1/install/ros2_interfaces/share/ros2_interfaces/environment/ament_prefix_path.sh
[3.612s] -- Installing: /workspaces/template_ws/workspace_1/install/ros2_interfaces/share/ros2_interfaces/environment/ament_prefix_path.dsv
[3.612s] -- Installing: /workspaces/template_ws/workspace_1/install/ros2_interfaces/share/ros2_interfaces/environment/path.sh
[3.612s] -- Installing: /workspaces/template_ws/workspace_1/install/ros2_interfaces/share/ros2_interfaces/environment/path.dsv
[3.612s] -- Installing: /workspaces/template_ws/workspace_1/install/ros2_interfaces/share/ros2_interfaces/local_setup.bash
[3.612s] -- Installing: /workspaces/template_ws/workspace_1/install/ros2_interfaces/share/ros2_interfaces/local_setup.sh
[3.612s] -- Installing: /workspaces/template_ws/workspace_1/install/ros2_interfaces/share/ros2_interfaces/local_setup.zsh
[3.612s] -- Installing: /workspaces/template_ws/workspace_1/install/ros2_interfaces/share/ros2_interfaces/local_setup.dsv
[3.612s] -- Installing: /workspaces/template_ws/workspace_1/install/ros2_interfaces/share/ros2_interfaces/package.dsv
[3.613s] -- Installing: /workspaces/template_ws/workspace_1/install/ros2_interfaces/share/ament_index/resource_index/packages/ros2_interfaces
[3.613s] -- Installing: /workspaces/template_ws/workspace_1/install/ros2_interfaces/share/ros2_interfaces/cmake/export_ros2_interfaces__rosidl_generator_cExport.cmake
[3.613s] -- Installing: /workspaces/template_ws/workspace_1/install/ros2_interfaces/share/ros2_interfaces/cmake/export_ros2_interfaces__rosidl_generator_cExport-noconfig.cmake
[3.613s] -- Installing: /workspaces/template_ws/workspace_1/install/ros2_interfaces/share/ros2_interfaces/cmake/export_ros2_interfaces__rosidl_typesupport_fastrtps_cExport.cmake
[3.613s] -- Installing: /workspaces/template_ws/workspace_1/install/ros2_interfaces/share/ros2_interfaces/cmake/export_ros2_interfaces__rosidl_typesupport_fastrtps_cExport-noconfig.cmake
[3.613s] -- Installing: /workspaces/template_ws/workspace_1/install/ros2_interfaces/share/ros2_interfaces/cmake/ros2_interfaces__rosidl_typesupport_introspection_cExport.cmake
[3.613s] -- Installing: /workspaces/template_ws/workspace_1/install/ros2_interfaces/share/ros2_interfaces/cmake/ros2_interfaces__rosidl_typesupport_introspection_cExport-noconfig.cmake
[3.613s] -- Installing: /workspaces/template_ws/workspace_1/install/ros2_interfaces/share/ros2_interfaces/cmake/ros2_interfaces__rosidl_typesupport_cExport.cmake
[3.613s] -- Installing: /workspaces/template_ws/workspace_1/install/ros2_interfaces/share/ros2_interfaces/cmake/ros2_interfaces__rosidl_typesupport_cExport-noconfig.cmake
[3.613s] -- Installing: /workspaces/template_ws/workspace_1/install/ros2_interfaces/share/ros2_interfaces/cmake/export_ros2_interfaces__rosidl_generator_cppExport.cmake
[3.613s] -- Installing: /workspaces/template_ws/workspace_1/install/ros2_interfaces/share/ros2_interfaces/cmake/export_ros2_interfaces__rosidl_typesupport_fastrtps_cppExport.cmake
[3.614s] -- Installing: /workspaces/template_ws/workspace_1/install/ros2_interfaces/share/ros2_interfaces/cmake/export_ros2_interfaces__rosidl_typesupport_fastrtps_cppExport-noconfig.cmake
[3.614s] -- Installing: /workspaces/template_ws/workspace_1/install/ros2_interfaces/share/ros2_interfaces/cmake/ros2_interfaces__rosidl_typesupport_introspection_cppExport.cmake
[3.614s] -- Installing: /workspaces/template_ws/workspace_1/install/ros2_interfaces/share/ros2_interfaces/cmake/ros2_interfaces__rosidl_typesupport_introspection_cppExport-noconfig.cmake
[3.614s] -- Installing: /workspaces/template_ws/workspace_1/install/ros2_interfaces/share/ros2_interfaces/cmake/ros2_interfaces__rosidl_typesupport_cppExport.cmake
[3.614s] -- Installing: /workspaces/template_ws/workspace_1/install/ros2_interfaces/share/ros2_interfaces/cmake/ros2_interfaces__rosidl_typesupport_cppExport-noconfig.cmake
[3.614s] -- Installing: /workspaces/template_ws/workspace_1/install/ros2_interfaces/share/ros2_interfaces/cmake/export_ros2_interfaces__rosidl_generator_pyExport.cmake
[3.614s] -- Installing: /workspaces/template_ws/workspace_1/install/ros2_interfaces/share/ros2_interfaces/cmake/export_ros2_interfaces__rosidl_generator_pyExport-noconfig.cmake
[3.614s] -- Installing: /workspaces/template_ws/workspace_1/install/ros2_interfaces/share/ros2_interfaces/cmake/rosidl_cmake-extras.cmake
[3.614s] -- Installing: /workspaces/template_ws/workspace_1/install/ros2_interfaces/share/ros2_interfaces/cmake/ament_cmake_export_dependencies-extras.cmake
[3.614s] -- Installing: /workspaces/template_ws/workspace_1/install/ros2_interfaces/share/ros2_interfaces/cmake/ament_cmake_export_include_directories-extras.cmake
[3.614s] -- Installing: /workspaces/template_ws/workspace_1/install/ros2_interfaces/share/ros2_interfaces/cmake/ament_cmake_export_libraries-extras.cmake
[3.614s] -- Installing: /workspaces/template_ws/workspace_1/install/ros2_interfaces/share/ros2_interfaces/cmake/ament_cmake_export_targets-extras.cmake
[3.614s] -- Installing: /workspaces/template_ws/workspace_1/install/ros2_interfaces/share/ros2_interfaces/cmake/rosidl_cmake_export_typesupport_targets-extras.cmake
[3.615s] -- Installing: /workspaces/template_ws/workspace_1/install/ros2_interfaces/share/ros2_interfaces/cmake/rosidl_cmake_export_typesupport_libraries-extras.cmake
[3.615s] -- Installing: /workspaces/template_ws/workspace_1/install/ros2_interfaces/share/ros2_interfaces/cmake/ros2_interfacesConfig.cmake
[3.615s] -- Installing: /workspaces/template_ws/workspace_1/install/ros2_interfaces/share/ros2_interfaces/cmake/ros2_interfacesConfig-version.cmake
[3.615s] -- Installing: /workspaces/template_ws/workspace_1/install/ros2_interfaces/share/ros2_interfaces/package.xml
[3.617s] Invoked command in '/workspaces/template_ws/workspace_1/build/ros2_interfaces' returned '0': CMAKE_PREFIX_PATH=/opt/ros/humble /usr/bin/cmake --install /workspaces/template_ws/workspace_1/build/ros2_interfaces
